# zsim stats
===
root: # Stats
 contention: # Contention simulation stats
  domain-0: # Domain stats
   time: 12892694483 # Weave simulation time
 time: # Simulator time breakdown
  init: 12212347465
  bound: 497292593105
  weave: 19197161153
  ff: 0
 trigger: 20000 # Reason for this stats dump
 phase: 69189 # Simulated phases
 core: # Core stats
  core-0: # Core stats
   cycles: 691891461 # Simulated unhalted cycles
   cCycles: 93812776 # Cycles due to contention stalls
   instrs: 715338163 # Simulated instructions
   uops: 856110934 # Retired micro-ops
   bbls: 92200358 # Basic blocks
   approxInstrs: 14278449 # Instrs with approx uop decoding
   mispredBranches: 823661 # Mispredicted branches
  core-1: # Core stats
   cycles: 691870231 # Simulated unhalted cycles
   cCycles: 94723488 # Cycles due to contention stalls
   instrs: 713830764 # Simulated instructions
   uops: 854307082 # Retired micro-ops
   bbls: 92005487 # Basic blocks
   approxInstrs: 14248834 # Instrs with approx uop decoding
   mispredBranches: 828238 # Mispredicted branches
  core-2: # Core stats
   cycles: 691862246 # Simulated unhalted cycles
   cCycles: 94727466 # Cycles due to contention stalls
   instrs: 713821367 # Simulated instructions
   uops: 854295750 # Retired micro-ops
   bbls: 92004254 # Basic blocks
   approxInstrs: 14248429 # Instrs with approx uop decoding
   mispredBranches: 828179 # Mispredicted branches
  core-3: # Core stats
   cycles: 691862284 # Simulated unhalted cycles
   cCycles: 94692759 # Cycles due to contention stalls
   instrs: 713865762 # Simulated instructions
   uops: 854349026 # Retired micro-ops
   bbls: 92009998 # Basic blocks
   approxInstrs: 14249477 # Instrs with approx uop decoding
   mispredBranches: 828221 # Mispredicted branches
  core-4: # Core stats
   cycles: 691862326 # Simulated unhalted cycles
   cCycles: 94504980 # Cycles due to contention stalls
   instrs: 714095557 # Simulated instructions
   uops: 854623934 # Retired micro-ops
   bbls: 92039586 # Basic blocks
   approxInstrs: 14253947 # Instrs with approx uop decoding
   mispredBranches: 828475 # Mispredicted branches
  core-5: # Core stats
   cycles: 691861427 # Simulated unhalted cycles
   cCycles: 94131221 # Cycles due to contention stalls
   instrs: 714536129 # Simulated instructions
   uops: 855151204 # Retired micro-ops
   bbls: 92096417 # Basic blocks
   approxInstrs: 14262727 # Instrs with approx uop decoding
   mispredBranches: 829035 # Mispredicted branches
  core-6: # Core stats
   cycles: 691861276 # Simulated unhalted cycles
   cCycles: 94367835 # Cycles due to contention stalls
   instrs: 714575754 # Simulated instructions
   uops: 855198758 # Retired micro-ops
   bbls: 92101471 # Basic blocks
   approxInstrs: 14263696 # Instrs with approx uop decoding
   mispredBranches: 824029 # Mispredicted branches
 l1i: # Cache stats
  l1i-0: # Filter cache stats
   fhGETS: 122678339 # Filtered GETS hits
   fhGETX: 0 # Filtered GETX hits
   hGETS: 378 # GETS hits
   hGETX: 0 # GETX hits
   mGETS: 246 # GETS misses
   mGETXIM: 0 # GETX I->M misses
   mGETXSM: 0 # GETX S->M misses (upgrade misses)
   PUTS: 0 # Clean evictions (from lower level)
   PUTX: 0 # Dirty evictions (from lower level)
   INV: 0 # Invalidates (from upper level)
   INVX: 0 # Downgrades (from upper level)
   FWD: 0 # Forwards (from upper level)
   latGETnl: 16501 # GET request latency on next level
   latGETnet: 0 # GET request latency on network to next level
  l1i-1: # Filter cache stats
   fhGETS: 122451665 # Filtered GETS hits
   fhGETX: 0 # Filtered GETX hits
   hGETS: 46 # GETS hits
   hGETX: 0 # GETX hits
   mGETS: 116 # GETS misses
   mGETXIM: 0 # GETX I->M misses
   mGETXSM: 0 # GETX S->M misses (upgrade misses)
   PUTS: 0 # Clean evictions (from lower level)
   PUTX: 0 # Dirty evictions (from lower level)
   INV: 0 # Invalidates (from upper level)
   INVX: 0 # Downgrades (from upper level)
   FWD: 0 # Forwards (from upper level)
   latGETnl: 4388 # GET request latency on next level
   latGETnet: 0 # GET request latency on network to next level
  l1i-2: # Filter cache stats
   fhGETS: 122450021 # Filtered GETS hits
   fhGETX: 0 # Filtered GETX hits
   hGETS: 0 # GETS hits
   hGETX: 0 # GETX hits
   mGETS: 45 # GETS misses
   mGETXIM: 0 # GETX I->M misses
   mGETXSM: 0 # GETX S->M misses (upgrade misses)
   PUTS: 0 # Clean evictions (from lower level)
   PUTX: 0 # Dirty evictions (from lower level)
   INV: 0 # Invalidates (from upper level)
   INVX: 0 # Downgrades (from upper level)
   FWD: 0 # Forwards (from upper level)
   latGETnl: 1173 # GET request latency on next level
   latGETnet: 0 # GET request latency on network to next level
  l1i-3: # Filter cache stats
   fhGETS: 122457597 # Filtered GETS hits
   fhGETX: 0 # Filtered GETX hits
   hGETS: 0 # GETS hits
   hGETX: 0 # GETX hits
   mGETS: 47 # GETS misses
   mGETXIM: 0 # GETX I->M misses
   mGETXSM: 0 # GETX S->M misses (upgrade misses)
   PUTS: 0 # Clean evictions (from lower level)
   PUTX: 0 # Dirty evictions (from lower level)
   INV: 0 # Invalidates (from upper level)
   INVX: 0 # Downgrades (from upper level)
   FWD: 0 # Forwards (from upper level)
   latGETnl: 1319 # GET request latency on next level
   latGETnet: 0 # GET request latency on network to next level
  l1i-4: # Filter cache stats
   fhGETS: 122496938 # Filtered GETS hits
   fhGETX: 0 # Filtered GETX hits
   hGETS: 0 # GETS hits
   hGETX: 0 # GETX hits
   mGETS: 45 # GETS misses
   mGETXIM: 0 # GETX I->M misses
   mGETXSM: 0 # GETX S->M misses (upgrade misses)
   PUTS: 0 # Clean evictions (from lower level)
   PUTX: 0 # Dirty evictions (from lower level)
   INV: 0 # Invalidates (from upper level)
   INVX: 0 # Downgrades (from upper level)
   FWD: 0 # Forwards (from upper level)
   latGETnl: 1125 # GET request latency on next level
   latGETnet: 0 # GET request latency on network to next level
  l1i-5: # Filter cache stats
   fhGETS: 122572796 # Filtered GETS hits
   fhGETX: 0 # Filtered GETX hits
   hGETS: 0 # GETS hits
   hGETX: 0 # GETX hits
   mGETS: 45 # GETS misses
   mGETXIM: 0 # GETX I->M misses
   mGETXSM: 0 # GETX S->M misses (upgrade misses)
   PUTS: 0 # Clean evictions (from lower level)
   PUTX: 0 # Dirty evictions (from lower level)
   INV: 0 # Invalidates (from upper level)
   INVX: 0 # Downgrades (from upper level)
   FWD: 0 # Forwards (from upper level)
   latGETnl: 1173 # GET request latency on next level
   latGETnet: 0 # GET request latency on network to next level
  l1i-6: # Filter cache stats
   fhGETS: 122554170 # Filtered GETS hits
   fhGETX: 0 # Filtered GETX hits
   hGETS: 3 # GETS hits
   hGETX: 0 # GETX hits
   mGETS: 110 # GETS misses
   mGETXIM: 0 # GETX I->M misses
   mGETXSM: 0 # GETX S->M misses (upgrade misses)
   PUTS: 0 # Clean evictions (from lower level)
   PUTX: 0 # Dirty evictions (from lower level)
   INV: 0 # Invalidates (from upper level)
   INVX: 0 # Downgrades (from upper level)
   FWD: 0 # Forwards (from upper level)
   latGETnl: 3806 # GET request latency on next level
   latGETnet: 0 # GET request latency on network to next level
 l1d: # Cache stats
  l1d-0: # Filter cache stats
   fhGETS: 208204890 # Filtered GETS hits
   fhGETX: 33821068 # Filtered GETX hits
   hGETS: 14395476 # GETS hits
   hGETX: 5689665 # GETX hits
   mGETS: 2469547 # GETS misses
   mGETXIM: 135 # GETX I->M misses
   mGETXSM: 3 # GETX S->M misses (upgrade misses)
   PUTS: 0 # Clean evictions (from lower level)
   PUTX: 0 # Dirty evictions (from lower level)
   INV: 27 # Invalidates (from upper level)
   INVX: 89 # Downgrades (from upper level)
   FWD: 0 # Forwards (from upper level)
   latGETnl: 180286054 # GET request latency on next level
   latGETnet: 0 # GET request latency on network to next level
  l1d-1: # Filter cache stats
   fhGETS: 217896575 # Filtered GETS hits
   fhGETX: 38810438 # Filtered GETX hits
   hGETS: 4235576 # GETS hits
   hGETX: 616109 # GETX hits
   mGETS: 2464307 # GETS misses
   mGETXIM: 19 # GETX I->M misses
   mGETXSM: 8 # GETX S->M misses (upgrade misses)
   PUTS: 0 # Clean evictions (from lower level)
   PUTX: 0 # Dirty evictions (from lower level)
   INV: 3 # Invalidates (from upper level)
   INVX: 23 # Downgrades (from upper level)
   FWD: 0 # Forwards (from upper level)
   latGETnl: 179891382 # GET request latency on next level
   latGETnet: 0 # GET request latency on network to next level
  l1d-2: # Filter cache stats
   fhGETS: 217893950 # Filtered GETS hits
   fhGETX: 38809840 # Filtered GETX hits
   hGETS: 4235265 # GETS hits
   hGETX: 616064 # GETX hits
   mGETS: 2464184 # GETS misses
   mGETXIM: 6 # GETX I->M misses
   mGETXSM: 4 # GETX S->M misses (upgrade misses)
   PUTS: 0 # Clean evictions (from lower level)
   PUTX: 0 # Dirty evictions (from lower level)
   INV: 3 # Invalidates (from upper level)
   INVX: 27 # Downgrades (from upper level)
   FWD: 0 # Forwards (from upper level)
   latGETnl: 179883990 # GET request latency on next level
   latGETnet: 0 # GET request latency on network to next level
  l1d-3: # Filter cache stats
   fhGETS: 217907916 # Filtered GETS hits
   fhGETX: 38812373 # Filtered GETX hits
   hGETS: 4235308 # GETS hits
   hGETX: 615996 # GETX hits
   mGETS: 2464309 # GETS misses
   mGETXIM: 6 # GETX I->M misses
   mGETXSM: 4 # GETX S->M misses (upgrade misses)
   PUTS: 0 # Clean evictions (from lower level)
   PUTX: 0 # Dirty evictions (from lower level)
   INV: 3 # Invalidates (from upper level)
   INVX: 7 # Downgrades (from upper level)
   FWD: 0 # Forwards (from upper level)
   latGETnl: 179892295 # GET request latency on next level
   latGETnet: 0 # GET request latency on network to next level
  l1d-4: # Filter cache stats
   fhGETS: 217977118 # Filtered GETS hits
   fhGETX: 38824796 # Filtered GETX hits
   hGETS: 4237452 # GETS hits
   hGETX: 616248 # GETX hits
   mGETS: 2465129 # GETS misses
   mGETXIM: 6 # GETX I->M misses
   mGETXSM: 4 # GETX S->M misses (upgrade misses)
   PUTS: 0 # Clean evictions (from lower level)
   PUTX: 0 # Dirty evictions (from lower level)
   INV: 3 # Invalidates (from upper level)
   INVX: 10 # Downgrades (from upper level)
   FWD: 0 # Forwards (from upper level)
   latGETnl: 179952243 # GET request latency on next level
   latGETnet: 0 # GET request latency on network to next level
  l1d-5: # Filter cache stats
   fhGETS: 218112980 # Filtered GETS hits
   fhGETX: 38848695 # Filtered GETX hits
   hGETS: 4238730 # GETS hits
   hGETX: 616704 # GETX hits
   mGETS: 2466654 # GETS misses
   mGETXIM: 6 # GETX I->M misses
   mGETXSM: 4 # GETX S->M misses (upgrade misses)
   PUTS: 0 # Clean evictions (from lower level)
   PUTX: 0 # Dirty evictions (from lower level)
   INV: 2 # Invalidates (from upper level)
   INVX: 2 # Downgrades (from upper level)
   FWD: 0 # Forwards (from upper level)
   latGETnl: 180064148 # GET request latency on next level
   latGETnet: 0 # GET request latency on network to next level
  l1d-6: # Filter cache stats
   fhGETS: 218123970 # Filtered GETS hits
   fhGETX: 38850902 # Filtered GETX hits
   hGETS: 4240090 # GETS hits
   hGETX: 616696 # GETX hits
   mGETS: 2466816 # GETS misses
   mGETXIM: 18 # GETX I->M misses
   mGETXSM: 5 # GETX S->M misses (upgrade misses)
   PUTS: 0 # Clean evictions (from lower level)
   PUTX: 0 # Dirty evictions (from lower level)
   INV: 1 # Invalidates (from upper level)
   INVX: 30 # Downgrades (from upper level)
   FWD: 0 # Forwards (from upper level)
   latGETnl: 180076367 # GET request latency on next level
   latGETnet: 0 # GET request latency on network to next level
 l2: # Cache stats
  l2-0: # Cache stats
   hGETS: 3 # GETS hits
   hGETX: 1 # GETX hits
   mGETS: 2469790 # GETS misses
   mGETXIM: 134 # GETX I->M misses
   mGETXSM: 3 # GETX S->M misses (upgrade misses)
   PUTS: 2469033 # Clean evictions (from lower level)
   PUTX: 113 # Dirty evictions (from lower level)
   INV: 32 # Invalidates (from upper level)
   INVX: 134 # Downgrades (from upper level)
   FWD: 0 # Forwards (from upper level)
   latGETnl: 160543107 # GET request latency on next level
   latGETnet: 0 # GET request latency on network to next level
  l2-1: # Cache stats
   hGETS: 0 # GETS hits
   hGETX: 0 # GETX hits
   mGETS: 2464423 # GETS misses
   mGETXIM: 19 # GETX I->M misses
   mGETXSM: 8 # GETX S->M misses (upgrade misses)
   PUTS: 2463790 # Clean evictions (from lower level)
   PUTX: 21 # Dirty evictions (from lower level)
   INV: 3 # Invalidates (from upper level)
   INVX: 33 # Downgrades (from upper level)
   FWD: 0 # Forwards (from upper level)
   latGETnl: 160180170 # GET request latency on next level
   latGETnet: 0 # GET request latency on network to next level
  l2-2: # Cache stats
   hGETS: 0 # GETS hits
   hGETX: 0 # GETX hits
   mGETS: 2464229 # GETS misses
   mGETXIM: 6 # GETX I->M misses
   mGETXSM: 4 # GETX S->M misses (upgrade misses)
   PUTS: 2463669 # Clean evictions (from lower level)
   PUTX: 6 # Dirty evictions (from lower level)
   INV: 3 # Invalidates (from upper level)
   INVX: 32 # Downgrades (from upper level)
   FWD: 0 # Forwards (from upper level)
   latGETnl: 160171251 # GET request latency on next level
   latGETnet: 0 # GET request latency on network to next level
  l2-3: # Cache stats
   hGETS: 0 # GETS hits
   hGETX: 0 # GETX hits
   mGETS: 2464356 # GETS misses
   mGETXIM: 6 # GETX I->M misses
   mGETXSM: 4 # GETX S->M misses (upgrade misses)
   PUTS: 2463794 # Clean evictions (from lower level)
   PUTX: 6 # Dirty evictions (from lower level)
   INV: 3 # Invalidates (from upper level)
   INVX: 12 # Downgrades (from upper level)
   FWD: 0 # Forwards (from upper level)
   latGETnl: 160178686 # GET request latency on next level
   latGETnet: 0 # GET request latency on network to next level
  l2-4: # Cache stats
   hGETS: 0 # GETS hits
   hGETX: 0 # GETX hits
   mGETS: 2465174 # GETS misses
   mGETXIM: 6 # GETX I->M misses
   mGETXSM: 4 # GETX S->M misses (upgrade misses)
   PUTS: 2464614 # Clean evictions (from lower level)
   PUTX: 6 # Dirty evictions (from lower level)
   INV: 3 # Invalidates (from upper level)
   INVX: 17 # Downgrades (from upper level)
   FWD: 0 # Forwards (from upper level)
   latGETnl: 160231896 # GET request latency on next level
   latGETnet: 0 # GET request latency on network to next level
  l2-5: # Cache stats
   hGETS: 0 # GETS hits
   hGETX: 0 # GETX hits
   mGETS: 2466699 # GETS misses
   mGETXIM: 6 # GETX I->M misses
   mGETXSM: 4 # GETX S->M misses (upgrade misses)
   PUTS: 2466140 # Clean evictions (from lower level)
   PUTX: 6 # Dirty evictions (from lower level)
   INV: 2 # Invalidates (from upper level)
   INVX: 27 # Downgrades (from upper level)
   FWD: 0 # Forwards (from upper level)
   latGETnl: 160331649 # GET request latency on next level
   latGETnet: 0 # GET request latency on network to next level
  l2-6: # Cache stats
   hGETS: 0 # GETS hits
   hGETX: 0 # GETX hits
   mGETS: 2466926 # GETS misses
   mGETXIM: 18 # GETX I->M misses
   mGETXSM: 5 # GETX S->M misses (upgrade misses)
   PUTS: 2466301 # Clean evictions (from lower level)
   PUTX: 20 # Dirty evictions (from lower level)
   INV: 1 # Invalidates (from upper level)
   INVX: 35 # Downgrades (from upper level)
   FWD: 0 # Forwards (from upper level)
   latGETnl: 160344581 # GET request latency on next level
   latGETnet: 0 # GET request latency on network to next level
 l3: # Cache stats
  l3-0: # Cache stats
   hGETS: 806 # GETS hits
   hGETX: 44 # GETX hits
   mGETS: 17260791 # GETS misses
   mGETXIM: 183 # GETX I->M misses
   mGETXSM: 0 # GETX S->M misses (upgrade misses)
   PUTS: 17204233 # Clean evictions (from lower level)
   PUTX: 168 # Dirty evictions (from lower level)
   INV: 0 # Invalidates (from upper level)
   INVX: 0 # Downgrades (from upper level)
   FWD: 0 # Forwards (from upper level)
   latGETnl: 828526752 # GET request latency on next level
   latGETnet: 0 # GET request latency on network to next level
 mem: # Memory controller stats
  mem-0: # Memory controller stats
   rd: 8630450 # Read requests
   wr: 96 # Write requests
   rdlat: 1299149367 # Total latency experienced by read requests
   wrlat: 35409 # Total latency experienced by write requests
   rdhits: 778 # Read row hits
   wrhits: 0 # Write row hits
   mlh: # latency histogram for memory requests
    0: 0
    1: 0
    2: 0
    3: 0
    4: 0
    5: 0
    6: 13
    7: 1347438
    8: 1188323
    9: 756256
    10: 405541
    11: 232926
    12: 120970
    13: 100992
    14: 84783
    15: 119592
    16: 1331529
    17: 855060
    18: 183676
    19: 119208
    20: 102435
    21: 99457
    22: 96955
    23: 93495
    24: 703842
    25: 161726
    26: 71375
    27: 60863
    28: 52973
    29: 48232
    30: 42710
    31: 35867
    32: 32900
    33: 30081
    34: 23536
    35: 17848
    36: 15369
    37: 12981
    38: 11063
    39: 8265
    40: 8079
    41: 12943
    42: 9477
    43: 6491
    44: 5393
    45: 4596
    46: 2872
    47: 2425
    48: 1857
    49: 1736
    50: 1586
    51: 1287
    52: 862
    53: 599
    54: 499
    55: 374
    56: 265
    57: 208
    58: 197
    59: 158
    60: 118
    61: 56
    62: 29
    63: 22
    64: 15
    65: 8
    66: 3
    67: 7
    68: 4
    69: 2
    70: 0
    71: 0
    72: 0
    73: 1
    74: 0
    75: 0
    76: 1
    77: 0
    78: 0
    79: 0
    80: 0
    81: 0
    82: 0
    83: 0
    84: 0
    85: 0
    86: 0
    87: 0
    88: 0
    89: 0
    90: 0
    91: 0
    92: 0
    93: 0
    94: 0
    95: 0
    96: 0
    97: 0
    98: 0
    99: 0
  mem-1: # Memory controller stats
   rd: 8630469 # Read requests
   wr: 93 # Write requests
   rdlat: 1299086796 # Total latency experienced by read requests
   wrlat: 32599 # Total latency experienced by write requests
   rdhits: 755 # Read row hits
   wrhits: 0 # Write row hits
   mlh: # latency histogram for memory requests
    0: 0
    1: 0
    2: 0
    3: 0
    4: 0
    5: 0
    6: 15
    7: 1347498
    8: 1188677
    9: 755310
    10: 406194
    11: 233429
    12: 120264
    13: 101361
    14: 85192
    15: 119718
    16: 1331839
    17: 854651
    18: 182594
    19: 119099
    20: 102658
    21: 99915
    22: 97454
    23: 93751
    24: 703517
    25: 161531
    26: 70918
    27: 60551
    28: 52892
    29: 49061
    30: 43257
    31: 35930
    32: 32259
    33: 29925
    34: 23501
    35: 17700
    36: 15422
    37: 13335
    38: 10871
    39: 8272
    40: 7873
    41: 12699
    42: 9552
    43: 6528
    44: 5321
    45: 4709
    46: 2938
    47: 2263
    48: 1838
    49: 1747
    50: 1575
    51: 1347
    52: 852
    53: 625
    54: 509
    55: 394
    56: 298
    57: 209
    58: 196
    59: 150
    60: 107
    61: 68
    62: 33
    63: 30
    64: 17
    65: 12
    66: 5
    67: 3
    68: 5
    69: 2
    70: 0
    71: 0
    72: 3
    73: 0
    74: 0
    75: 0
    76: 0
    77: 0
    78: 0
    79: 0
    80: 0
    81: 0
    82: 0
    83: 0
    84: 0
    85: 0
    86: 0
    87: 0
    88: 0
    89: 0
    90: 0
    91: 0
    92: 0
    93: 0
    94: 0
    95: 0
    96: 0
    97: 0
    98: 0
    99: 0
 sched: # Scheduler stats
  thCr: 7 # Threads created
  thFn: 0 # Threads finished
  schedEvs: 7 # Schedule events
  waitEvs: 0 # Wait events
  handoffEvs: 0 # Handoff events
  sleepEvs: 0 # Sleep events
  idlePhases: 0 # Phases with no thread active
  idlePeriods: 0 # Periods with no thread active
  occHist: # Occupancy histogram
   0: 0
   1: 2
   2: 0
   3: 0
   4: 0
   5: 1
   6: 0
   7: 69186
  rqSzHist: # Run queue size histogram
   0: 69189
   1: 0
   2: 0
   3: 0
   4: 0
   5: 0
   6: 0
   7: 0
   8: 0
   9: 0
   10: 0
   11: 0
   12: 0
   13: 0
   14: 0
   15: 0
   16: 0
 procCycles: # Per-process unhalted core cycles
  0: 4843071251
  1: 0
  2: 0
  3: 0
  4: 0
  5: 0
  6: 0
  7: 0
  8: 0
  9: 0
  10: 0
  11: 0
  12: 0
  13: 0
  14: 0
  15: 0
  16: 0
  17: 0
  18: 0
  19: 0
  20: 0
  21: 0
  22: 0
  23: 0
  24: 0
  25: 0
  26: 0
  27: 0
  28: 0
  29: 0
  30: 0
  31: 0
  32: 0
  33: 0
  34: 0
  35: 0
  36: 0
  37: 0
  38: 0
  39: 0
  40: 0
  41: 0
  42: 0
  43: 0
  44: 0
  45: 0
  46: 0
  47: 0
  48: 0
  49: 0
  50: 0
  51: 0
  52: 0
  53: 0
  54: 0
  55: 0
  56: 0
  57: 0
  58: 0
  59: 0
  60: 0
  61: 0
  62: 0
  63: 0
 procInstrs: # Per-process instructions
  0: 5000063496
  1: 0
  2: 0
  3: 0
  4: 0
  5: 0
  6: 0
  7: 0
  8: 0
  9: 0
  10: 0
  11: 0
  12: 0
  13: 0
  14: 0
  15: 0
  16: 0
  17: 0
  18: 0
  19: 0
  20: 0
  21: 0
  22: 0
  23: 0
  24: 0
  25: 0
  26: 0
  27: 0
  28: 0
  29: 0
  30: 0
  31: 0
  32: 0
  33: 0
  34: 0
  35: 0
  36: 0
  37: 0
  38: 0
  39: 0
  40: 0
  41: 0
  42: 0
  43: 0
  44: 0
  45: 0
  46: 0
  47: 0
  48: 0
  49: 0
  50: 0
  51: 0
  52: 0
  53: 0
  54: 0
  55: 0
  56: 0
  57: 0
  58: 0
  59: 0
  60: 0
  61: 0
  62: 0
  63: 0
 heartbeats: # Per-process heartbeats
  0: 0
  1: 0
  2: 0
  3: 0
  4: 0
  5: 0
  6: 0
  7: 0
  8: 0
  9: 0
  10: 0
  11: 0
  12: 0
  13: 0
  14: 0
  15: 0
  16: 0
  17: 0
  18: 0
  19: 0
  20: 0
  21: 0
  22: 0
  23: 0
  24: 0
  25: 0
  26: 0
  27: 0
  28: 0
  29: 0
  30: 0
  31: 0
  32: 0
  33: 0
  34: 0
  35: 0
  36: 0
  37: 0
  38: 0
  39: 0
  40: 0
  41: 0
  42: 0
  43: 0
  44: 0
  45: 0
  46: 0
  47: 0
  48: 0
  49: 0
  50: 0
  51: 0
  52: 0
  53: 0
  54: 0
  55: 0
  56: 0
  57: 0
  58: 0
  59: 0
  60: 0
  61: 0
  62: 0
  63: 0
===
