# zsim stats
===
root: # Stats
 contention: # Contention simulation stats
  domain-0: # Domain stats
   time: 1102335277 # Weave simulation time
 time: # Simulator time breakdown
  init: 11592853388
  bound: 565057903150
  weave: 15795208040
  ff: 0
 trigger: 20000 # Reason for this stats dump
 phase: 179889 # Simulated phases
 core: # Core stats
  core-0: # Core stats
   cycles: 1798890002 # Simulated unhalted cycles
   cCycles: 831486 # Cycles due to contention stalls
   instrs: 2499817580 # Simulated instructions
   uops: 2562837469 # Retired micro-ops
   bbls: 398767506 # Basic blocks
   approxInstrs: 16710495 # Instrs with approx uop decoding
   mispredBranches: 22535 # Mispredicted branches
  core-1: # Core stats
   cycles: 1798890006 # Simulated unhalted cycles
   cCycles: 825065 # Cycles due to contention stalls
   instrs: 2500183077 # Simulated instructions
   uops: 2563281416 # Retired micro-ops
   bbls: 398791278 # Basic blocks
   approxInstrs: 16719075 # Instrs with approx uop decoding
   mispredBranches: 22691 # Mispredicted branches
 l1i: # Cache stats
  l1i-0: # Filter cache stats
   fhGETS: 423865750 # Filtered GETS hits
   fhGETX: 0 # Filtered GETX hits
   hGETS: 65364 # GETS hits
   hGETX: 0 # GETX hits
   mGETS: 224 # GETS misses
   mGETXIM: 0 # GETX I->M misses
   mGETXSM: 0 # GETX S->M misses (upgrade misses)
   PUTS: 0 # Clean evictions (from lower level)
   PUTX: 0 # Dirty evictions (from lower level)
   INV: 0 # Invalidates (from upper level)
   INVX: 0 # Downgrades (from upper level)
   FWD: 0 # Forwards (from upper level)
   latGETnl: 13664 # GET request latency on next level
   latGETnet: 0 # GET request latency on network to next level
  l1i-1: # Filter cache stats
   fhGETS: 423902896 # Filtered GETS hits
   fhGETX: 0 # Filtered GETX hits
   hGETS: 65691 # GETS hits
   hGETX: 0 # GETX hits
   mGETS: 233 # GETS misses
   mGETXIM: 0 # GETX I->M misses
   mGETXSM: 0 # GETX S->M misses (upgrade misses)
   PUTS: 0 # Clean evictions (from lower level)
   PUTX: 0 # Dirty evictions (from lower level)
   INV: 0 # Invalidates (from upper level)
   INVX: 0 # Downgrades (from upper level)
   FWD: 0 # Forwards (from upper level)
   latGETnl: 12257 # GET request latency on next level
   latGETnet: 0 # GET request latency on network to next level
 l1d: # Cache stats
  l1d-0: # Filter cache stats
   fhGETS: 582679330 # Filtered GETS hits
   fhGETX: 100890489 # Filtered GETX hits
   hGETS: 10819546 # GETS hits
   hGETX: 52295784 # GETX hits
   mGETS: 109443338 # GETS misses
   mGETXIM: 20216508 # GETX I->M misses
   mGETXSM: 6313 # GETX S->M misses (upgrade misses)
   PUTS: 0 # Clean evictions (from lower level)
   PUTX: 0 # Dirty evictions (from lower level)
   INV: 22 # Invalidates (from upper level)
   INVX: 21593 # Downgrades (from upper level)
   FWD: 0 # Forwards (from upper level)
   latGETnl: 3247444119 # GET request latency on next level
   latGETnet: 0 # GET request latency on network to next level
  l1d-1: # Filter cache stats
   fhGETS: 582364718 # Filtered GETS hits
   fhGETX: 100761593 # Filtered GETX hits
   hGETS: 11232573 # GETS hits
   hGETX: 52461373 # GETX hits
   mGETS: 109474694 # GETS misses
   mGETXIM: 20218655 # GETX I->M misses
   mGETXSM: 110 # GETX S->M misses (upgrade misses)
   PUTS: 0 # Clean evictions (from lower level)
   PUTX: 0 # Dirty evictions (from lower level)
   INV: 5289 # Invalidates (from upper level)
   INVX: 16553 # Downgrades (from upper level)
   FWD: 0 # Forwards (from upper level)
   latGETnl: 3247699927 # GET request latency on next level
   latGETnet: 0 # GET request latency on network to next level
 l2: # Cache stats
  l2-0: # Cache stats
   hGETS: 18 # GETS hits
   hGETX: 6 # GETX hits
   mGETS: 109443544 # GETS misses
   mGETXIM: 20216502 # GETX I->M misses
   mGETXSM: 6313 # GETX S->M misses (upgrade misses)
   PUTS: 59362747 # Clean evictions (from lower level)
   PUTX: 70296568 # Dirty evictions (from lower level)
   INV: 111 # Invalidates (from upper level)
   INVX: 462413 # Downgrades (from upper level)
   FWD: 0 # Forwards (from upper level)
   latGETnl: 2210126719 # GET request latency on next level
   latGETnet: 0 # GET request latency on network to next level
  l2-1: # Cache stats
   hGETS: 0 # GETS hits
   hGETX: 0 # GETX hits
   mGETS: 109474927 # GETS misses
   mGETXIM: 20218655 # GETX I->M misses
   mGETXSM: 110 # GETX S->M misses (upgrade misses)
   PUTS: 59372689 # Clean evictions (from lower level)
   PUTX: 70314859 # Dirty evictions (from lower level)
   INV: 6363 # Invalidates (from upper level)
   INVX: 509045 # Downgrades (from upper level)
   FWD: 0 # Forwards (from upper level)
   latGETnl: 2210162648 # GET request latency on next level
   latGETnet: 0 # GET request latency on network to next level
 l3: # Cache stats
  l3-0: # Cache stats
   hGETS: 218880156 # GETS hits
   hGETX: 40413828 # GETX hits
   mGETS: 38315 # GETS misses
   mGETXIM: 27752 # GETX I->M misses
   mGETXSM: 0 # GETX S->M misses (upgrade misses)
   PUTS: 118727402 # Clean evictions (from lower level)
   PUTX: 140603368 # Dirty evictions (from lower level)
   INV: 0 # Invalidates (from upper level)
   INVX: 0 # Downgrades (from upper level)
   FWD: 0 # Forwards (from upper level)
   latGETnl: 3171216 # GET request latency on next level
   latGETnet: 0 # GET request latency on network to next level
 mem: # Memory controller stats
  mem-0: # Memory controller stats
   rd: 33036 # Read requests
   wr: 0 # Write requests
   rdlat: 2708844 # Total latency experienced by read requests
   wrlat: 0 # Total latency experienced by write requests
   rdhits: 328 # Read row hits
   wrhits: 0 # Write row hits
   mlh: # latency histogram for memory requests
    0: 0
    1: 0
    2: 0
    3: 0
    4: 0
    5: 0
    6: 1
    7: 28138
    8: 1502
    9: 2465
    10: 87
    11: 28
    12: 39
    13: 37
    14: 75
    15: 36
    16: 299
    17: 15
    18: 19
    19: 22
    20: 27
    21: 27
    22: 20
    23: 32
    24: 36
    25: 40
    26: 18
    27: 31
    28: 19
    29: 4
    30: 7
    31: 5
    32: 4
    33: 2
    34: 0
    35: 0
    36: 1
    37: 0
    38: 0
    39: 0
    40: 0
    41: 0
    42: 0
    43: 0
    44: 0
    45: 0
    46: 0
    47: 0
    48: 0
    49: 0
    50: 0
    51: 0
    52: 0
    53: 0
    54: 0
    55: 0
    56: 0
    57: 0
    58: 0
    59: 0
    60: 0
    61: 0
    62: 0
    63: 0
    64: 0
    65: 0
    66: 0
    67: 0
    68: 0
    69: 0
    70: 0
    71: 0
    72: 0
    73: 0
    74: 0
    75: 0
    76: 0
    77: 0
    78: 0
    79: 0
    80: 0
    81: 0
    82: 0
    83: 0
    84: 0
    85: 0
    86: 0
    87: 0
    88: 0
    89: 0
    90: 0
    91: 0
    92: 0
    93: 0
    94: 0
    95: 0
    96: 0
    97: 0
    98: 0
    99: 0
  mem-1: # Memory controller stats
   rd: 33031 # Read requests
   wr: 0 # Write requests
   rdlat: 2707620 # Total latency experienced by read requests
   wrlat: 0 # Total latency experienced by write requests
   rdhits: 324 # Read row hits
   wrhits: 0 # Write row hits
   mlh: # latency histogram for memory requests
    0: 0
    1: 0
    2: 0
    3: 0
    4: 0
    5: 0
    6: 2
    7: 28307
    8: 1420
    9: 2348
    10: 61
    11: 36
    12: 36
    13: 29
    14: 85
    15: 62
    16: 317
    17: 24
    18: 18
    19: 27
    20: 26
    21: 17
    22: 30
    23: 26
    24: 38
    25: 25
    26: 14
    27: 35
    28: 27
    29: 6
    30: 2
    31: 7
    32: 2
    33: 0
    34: 0
    35: 0
    36: 1
    37: 0
    38: 1
    39: 2
    40: 0
    41: 0
    42: 0
    43: 0
    44: 0
    45: 0
    46: 0
    47: 0
    48: 0
    49: 0
    50: 0
    51: 0
    52: 0
    53: 0
    54: 0
    55: 0
    56: 0
    57: 0
    58: 0
    59: 0
    60: 0
    61: 0
    62: 0
    63: 0
    64: 0
    65: 0
    66: 0
    67: 0
    68: 0
    69: 0
    70: 0
    71: 0
    72: 0
    73: 0
    74: 0
    75: 0
    76: 0
    77: 0
    78: 0
    79: 0
    80: 0
    81: 0
    82: 0
    83: 0
    84: 0
    85: 0
    86: 0
    87: 0
    88: 0
    89: 0
    90: 0
    91: 0
    92: 0
    93: 0
    94: 0
    95: 0
    96: 0
    97: 0
    98: 0
    99: 0
 sched: # Scheduler stats
  thCr: 2 # Threads created
  thFn: 0 # Threads finished
  schedEvs: 2 # Schedule events
  waitEvs: 0 # Wait events
  handoffEvs: 0 # Handoff events
  sleepEvs: 0 # Sleep events
  idlePhases: 0 # Phases with no thread active
  idlePeriods: 0 # Periods with no thread active
  occHist: # Occupancy histogram
   0: 0
   1: 0
   2: 179889
  rqSzHist: # Run queue size histogram
   0: 179889
   1: 0
   2: 0
   3: 0
   4: 0
   5: 0
   6: 0
   7: 0
   8: 0
   9: 0
   10: 0
   11: 0
   12: 0
   13: 0
   14: 0
   15: 0
   16: 0
 procCycles: # Per-process unhalted core cycles
  0: 3597780008
  1: 0
  2: 0
  3: 0
  4: 0
  5: 0
  6: 0
  7: 0
  8: 0
  9: 0
  10: 0
  11: 0
  12: 0
  13: 0
  14: 0
  15: 0
  16: 0
  17: 0
  18: 0
  19: 0
  20: 0
  21: 0
  22: 0
  23: 0
  24: 0
  25: 0
  26: 0
  27: 0
  28: 0
  29: 0
  30: 0
  31: 0
  32: 0
  33: 0
  34: 0
  35: 0
  36: 0
  37: 0
  38: 0
  39: 0
  40: 0
  41: 0
  42: 0
  43: 0
  44: 0
  45: 0
  46: 0
  47: 0
  48: 0
  49: 0
  50: 0
  51: 0
  52: 0
  53: 0
  54: 0
  55: 0
  56: 0
  57: 0
  58: 0
  59: 0
  60: 0
  61: 0
  62: 0
  63: 0
 procInstrs: # Per-process instructions
  0: 5000000657
  1: 0
  2: 0
  3: 0
  4: 0
  5: 0
  6: 0
  7: 0
  8: 0
  9: 0
  10: 0
  11: 0
  12: 0
  13: 0
  14: 0
  15: 0
  16: 0
  17: 0
  18: 0
  19: 0
  20: 0
  21: 0
  22: 0
  23: 0
  24: 0
  25: 0
  26: 0
  27: 0
  28: 0
  29: 0
  30: 0
  31: 0
  32: 0
  33: 0
  34: 0
  35: 0
  36: 0
  37: 0
  38: 0
  39: 0
  40: 0
  41: 0
  42: 0
  43: 0
  44: 0
  45: 0
  46: 0
  47: 0
  48: 0
  49: 0
  50: 0
  51: 0
  52: 0
  53: 0
  54: 0
  55: 0
  56: 0
  57: 0
  58: 0
  59: 0
  60: 0
  61: 0
  62: 0
  63: 0
 heartbeats: # Per-process heartbeats
  0: 0
  1: 0
  2: 0
  3: 0
  4: 0
  5: 0
  6: 0
  7: 0
  8: 0
  9: 0
  10: 0
  11: 0
  12: 0
  13: 0
  14: 0
  15: 0
  16: 0
  17: 0
  18: 0
  19: 0
  20: 0
  21: 0
  22: 0
  23: 0
  24: 0
  25: 0
  26: 0
  27: 0
  28: 0
  29: 0
  30: 0
  31: 0
  32: 0
  33: 0
  34: 0
  35: 0
  36: 0
  37: 0
  38: 0
  39: 0
  40: 0
  41: 0
  42: 0
  43: 0
  44: 0
  45: 0
  46: 0
  47: 0
  48: 0
  49: 0
  50: 0
  51: 0
  52: 0
  53: 0
  54: 0
  55: 0
  56: 0
  57: 0
  58: 0
  59: 0
  60: 0
  61: 0
  62: 0
  63: 0
===
