# zsim stats
===
root: # Stats
 contention: # Contention simulation stats
  domain-0: # Domain stats
   time: 40538825273 # Weave simulation time
 time: # Simulator time breakdown
  init: 1065353871
  bound: 464368104302
  weave: 52529750944
  ff: 0
 trigger: 20000 # Reason for this stats dump
 phase: 183374 # Simulated phases
 core: # Core stats
  core-0: # Core stats
   cycles: 1833634889 # Simulated unhalted cycles
   cCycles: 329032655 # Cycles due to contention stalls
   instrs: 2138861302 # Simulated instructions
   uops: 2617938143 # Retired micro-ops
   bbls: 329830297 # Basic blocks
   approxInstrs: 564094 # Instrs with approx uop decoding
   mispredBranches: 1106090 # Mispredicted branches
  core-1: # Core stats
   cycles: 820085826 # Simulated unhalted cycles
   cCycles: 239888227 # Cycles due to contention stalls
   instrs: 408745084 # Simulated instructions
   uops: 384675199 # Retired micro-ops
   bbls: 26759940 # Basic blocks
   approxInstrs: 209 # Instrs with approx uop decoding
   mispredBranches: 904531 # Mispredicted branches
  core-2: # Core stats
   cycles: 820173573 # Simulated unhalted cycles
   cCycles: 239907038 # Cycles due to contention stalls
   instrs: 408735452 # Simulated instructions
   uops: 384666436 # Retired micro-ops
   bbls: 26759049 # Basic blocks
   approxInstrs: 192 # Instrs with approx uop decoding
   mispredBranches: 904994 # Mispredicted branches
  core-3: # Core stats
   cycles: 820264131 # Simulated unhalted cycles
   cCycles: 239976244 # Cycles due to contention stalls
   instrs: 408737089 # Simulated instructions
   uops: 384668684 # Retired micro-ops
   bbls: 26759104 # Basic blocks
   approxInstrs: 190 # Instrs with approx uop decoding
   mispredBranches: 905177 # Mispredicted branches
  core-4: # Core stats
   cycles: 820138691 # Simulated unhalted cycles
   cCycles: 239918912 # Cycles due to contention stalls
   instrs: 408741820 # Simulated instructions
   uops: 384672863 # Retired micro-ops
   bbls: 26759431 # Basic blocks
   approxInstrs: 190 # Instrs with approx uop decoding
   mispredBranches: 905230 # Mispredicted branches
  core-5: # Core stats
   cycles: 820278298 # Simulated unhalted cycles
   cCycles: 239893446 # Cycles due to contention stalls
   instrs: 408729752 # Simulated instructions
   uops: 384662413 # Retired micro-ops
   bbls: 26758584 # Basic blocks
   approxInstrs: 190 # Instrs with approx uop decoding
   mispredBranches: 906162 # Mispredicted branches
  core-6: # Core stats
   cycles: 820208045 # Simulated unhalted cycles
   cCycles: 239924527 # Cycles due to contention stalls
   instrs: 408751427 # Simulated instructions
   uops: 384680992 # Retired micro-ops
   bbls: 26760258 # Basic blocks
   approxInstrs: 209 # Instrs with approx uop decoding
   mispredBranches: 904823 # Mispredicted branches
  core-7: # Core stats
   cycles: 819962328 # Simulated unhalted cycles
   cCycles: 239714615 # Cycles due to contention stalls
   instrs: 408737006 # Simulated instructions
   uops: 384666355 # Retired micro-ops
   bbls: 26759238 # Basic blocks
   approxInstrs: 190 # Instrs with approx uop decoding
   mispredBranches: 904198 # Mispredicted branches
 l1i: # Cache stats
  l1i-0: # Filter cache stats
   fhGETS: 336940016 # Filtered GETS hits
   fhGETX: 0 # Filtered GETX hits
   hGETS: 657 # GETS hits
   hGETX: 0 # GETX hits
   mGETS: 29538 # GETS misses
   mGETXIM: 0 # GETX I->M misses
   mGETXSM: 0 # GETX S->M misses (upgrade misses)
   PUTS: 0 # Clean evictions (from lower level)
   PUTX: 0 # Dirty evictions (from lower level)
   INV: 29525 # Invalidates (from upper level)
   INVX: 0 # Downgrades (from upper level)
   FWD: 0 # Forwards (from upper level)
   latGETnl: 1908753 # GET request latency on next level
   latGETnet: 0 # GET request latency on network to next level
  l1i-1: # Filter cache stats
   fhGETS: 31970330 # Filtered GETS hits
   fhGETX: 0 # Filtered GETX hits
   hGETS: 83 # GETS hits
   hGETX: 0 # GETX hits
   mGETS: 25949 # GETS misses
   mGETXIM: 0 # GETX I->M misses
   mGETXSM: 0 # GETX S->M misses (upgrade misses)
   PUTS: 0 # Clean evictions (from lower level)
   PUTX: 0 # Dirty evictions (from lower level)
   INV: 25941 # Invalidates (from upper level)
   INVX: 0 # Downgrades (from upper level)
   FWD: 0 # Forwards (from upper level)
   latGETnl: 768235 # GET request latency on next level
   latGETnet: 0 # GET request latency on network to next level
  l1i-2: # Filter cache stats
   fhGETS: 31971917 # Filtered GETS hits
   fhGETX: 0 # Filtered GETX hits
   hGETS: 46 # GETS hits
   hGETX: 0 # GETX hits
   mGETS: 25891 # GETS misses
   mGETXIM: 0 # GETX I->M misses
   mGETXSM: 0 # GETX S->M misses (upgrade misses)
   PUTS: 0 # Clean evictions (from lower level)
   PUTX: 0 # Dirty evictions (from lower level)
   INV: 25883 # Invalidates (from upper level)
   INVX: 0 # Downgrades (from upper level)
   FWD: 0 # Forwards (from upper level)
   latGETnl: 772565 # GET request latency on next level
   latGETnet: 0 # GET request latency on network to next level
  l1i-3: # Filter cache stats
   fhGETS: 31972833 # Filtered GETS hits
   fhGETX: 0 # Filtered GETX hits
   hGETS: 41 # GETS hits
   hGETX: 0 # GETX hits
   mGETS: 25857 # GETS misses
   mGETXIM: 0 # GETX I->M misses
   mGETXSM: 0 # GETX S->M misses (upgrade misses)
   PUTS: 0 # Clean evictions (from lower level)
   PUTX: 0 # Dirty evictions (from lower level)
   INV: 25849 # Invalidates (from upper level)
   INVX: 0 # Downgrades (from upper level)
   FWD: 0 # Forwards (from upper level)
   latGETnl: 770007 # GET request latency on next level
   latGETnet: 0 # GET request latency on network to next level
  l1i-4: # Filter cache stats
   fhGETS: 31973459 # Filtered GETS hits
   fhGETX: 0 # Filtered GETX hits
   hGETS: 44 # GETS hits
   hGETX: 0 # GETX hits
   mGETS: 25870 # GETS misses
   mGETXIM: 0 # GETX I->M misses
   mGETXSM: 0 # GETX S->M misses (upgrade misses)
   PUTS: 0 # Clean evictions (from lower level)
   PUTX: 0 # Dirty evictions (from lower level)
   INV: 25862 # Invalidates (from upper level)
   INVX: 0 # Downgrades (from upper level)
   FWD: 0 # Forwards (from upper level)
   latGETnl: 771026 # GET request latency on next level
   latGETnet: 0 # GET request latency on network to next level
  l1i-5: # Filter cache stats
   fhGETS: 31977355 # Filtered GETS hits
   fhGETX: 0 # Filtered GETX hits
   hGETS: 41 # GETS hits
   hGETX: 0 # GETX hits
   mGETS: 25864 # GETS misses
   mGETXIM: 0 # GETX I->M misses
   mGETXSM: 0 # GETX S->M misses (upgrade misses)
   PUTS: 0 # Clean evictions (from lower level)
   PUTX: 0 # Dirty evictions (from lower level)
   INV: 25856 # Invalidates (from upper level)
   INVX: 0 # Downgrades (from upper level)
   FWD: 0 # Forwards (from upper level)
   latGETnl: 761336 # GET request latency on next level
   latGETnet: 0 # GET request latency on network to next level
  l1i-6: # Filter cache stats
   fhGETS: 31972060 # Filtered GETS hits
   fhGETX: 0 # Filtered GETX hits
   hGETS: 60 # GETS hits
   hGETX: 0 # GETX hits
   mGETS: 25944 # GETS misses
   mGETXIM: 0 # GETX I->M misses
   mGETXSM: 0 # GETX S->M misses (upgrade misses)
   PUTS: 0 # Clean evictions (from lower level)
   PUTX: 0 # Dirty evictions (from lower level)
   INV: 25937 # Invalidates (from upper level)
   INVX: 0 # Downgrades (from upper level)
   FWD: 0 # Forwards (from upper level)
   latGETnl: 779688 # GET request latency on next level
   latGETnet: 0 # GET request latency on network to next level
  l1i-7: # Filter cache stats
   fhGETS: 31968105 # Filtered GETS hits
   fhGETX: 0 # Filtered GETX hits
   hGETS: 40 # GETS hits
   hGETX: 0 # GETX hits
   mGETS: 25845 # GETS misses
   mGETXIM: 0 # GETX I->M misses
   mGETXSM: 0 # GETX S->M misses (upgrade misses)
   PUTS: 0 # Clean evictions (from lower level)
   PUTX: 0 # Dirty evictions (from lower level)
   INV: 25837 # Invalidates (from upper level)
   INVX: 0 # Downgrades (from upper level)
   FWD: 0 # Forwards (from upper level)
   latGETnl: 768051 # GET request latency on next level
   latGETnet: 0 # GET request latency on network to next level
 l1d: # Cache stats
  l1d-0: # Filter cache stats
   fhGETS: 567768503 # Filtered GETS hits
   fhGETX: 273352917 # Filtered GETX hits
   hGETS: 4030410 # GETS hits
   hGETX: 3800340 # GETX hits
   mGETS: 8934076 # GETS misses
   mGETXIM: 1865796 # GETX I->M misses
   mGETXSM: 3145 # GETX S->M misses (upgrade misses)
   PUTS: 0 # Clean evictions (from lower level)
   PUTX: 0 # Dirty evictions (from lower level)
   INV: 127768 # Invalidates (from upper level)
   INVX: 6022 # Downgrades (from upper level)
   FWD: 0 # Forwards (from upper level)
   latGETnl: 736046791 # GET request latency on next level
   latGETnet: 0 # GET request latency on network to next level
  l1d-1: # Filter cache stats
   fhGETS: 38862175 # Filtered GETS hits
   fhGETX: 357443 # Filtered GETX hits
   hGETS: 2755984 # GETS hits
   hGETX: 139582 # GETX hits
   mGETS: 6877509 # GETS misses
   mGETXIM: 62675 # GETX I->M misses
   mGETXSM: 376 # GETX S->M misses (upgrade misses)
   PUTS: 0 # Clean evictions (from lower level)
   PUTX: 0 # Dirty evictions (from lower level)
   INV: 136271 # Invalidates (from upper level)
   INVX: 5785 # Downgrades (from upper level)
   FWD: 0 # Forwards (from upper level)
   latGETnl: 491171017 # GET request latency on next level
   latGETnet: 0 # GET request latency on network to next level
  l1d-2: # Filter cache stats
   fhGETS: 38875275 # Filtered GETS hits
   fhGETX: 357544 # Filtered GETX hits
   hGETS: 2741487 # GETS hits
   hGETX: 140015 # GETX hits
   mGETS: 6877289 # GETS misses
   mGETXIM: 62658 # GETX I->M misses
   mGETXSM: 214 # GETX S->M misses (upgrade misses)
   PUTS: 0 # Clean evictions (from lower level)
   PUTX: 0 # Dirty evictions (from lower level)
   INV: 137635 # Invalidates (from upper level)
   INVX: 5794 # Downgrades (from upper level)
   FWD: 0 # Forwards (from upper level)
   latGETnl: 491163320 # GET request latency on next level
   latGETnet: 0 # GET request latency on network to next level
  l1d-3: # Filter cache stats
   fhGETS: 38872077 # Filtered GETS hits
   fhGETX: 357881 # Filtered GETX hits
   hGETS: 2744729 # GETS hits
   hGETX: 140418 # GETX hits
   mGETS: 6877350 # GETS misses
   mGETXIM: 62663 # GETX I->M misses
   mGETXSM: 198 # GETX S->M misses (upgrade misses)
   PUTS: 0 # Clean evictions (from lower level)
   PUTX: 0 # Dirty evictions (from lower level)
   INV: 134963 # Invalidates (from upper level)
   INVX: 5721 # Downgrades (from upper level)
   FWD: 0 # Forwards (from upper level)
   latGETnl: 491161314 # GET request latency on next level
   latGETnet: 0 # GET request latency on network to next level
  l1d-4: # Filter cache stats
   fhGETS: 38858467 # Filtered GETS hits
   fhGETX: 357643 # Filtered GETX hits
   hGETS: 2758858 # GETS hits
   hGETX: 140298 # GETX hits
   mGETS: 6877426 # GETS misses
   mGETXIM: 62662 # GETX I->M misses
   mGETXSM: 287 # GETX S->M misses (upgrade misses)
   PUTS: 0 # Clean evictions (from lower level)
   PUTX: 0 # Dirty evictions (from lower level)
   INV: 136043 # Invalidates (from upper level)
   INVX: 5807 # Downgrades (from upper level)
   FWD: 0 # Forwards (from upper level)
   latGETnl: 491157580 # GET request latency on next level
   latGETnet: 0 # GET request latency on network to next level
  l1d-5: # Filter cache stats
   fhGETS: 38888988 # Filtered GETS hits
   fhGETX: 358267 # Filtered GETX hits
   hGETS: 2726975 # GETS hits
   hGETX: 140618 # GETX hits
   mGETS: 6877249 # GETS misses
   mGETXIM: 62661 # GETX I->M misses
   mGETXSM: 211 # GETX S->M misses (upgrade misses)
   PUTS: 0 # Clean evictions (from lower level)
   PUTX: 0 # Dirty evictions (from lower level)
   INV: 137296 # Invalidates (from upper level)
   INVX: 5866 # Downgrades (from upper level)
   FWD: 0 # Forwards (from upper level)
   latGETnl: 491151782 # GET request latency on next level
   latGETnet: 0 # GET request latency on network to next level
  l1d-6: # Filter cache stats
   fhGETS: 38868029 # Filtered GETS hits
   fhGETX: 357030 # Filtered GETX hits
   hGETS: 2750566 # GETS hits
   hGETX: 140039 # GETX hits
   mGETS: 6877632 # GETS misses
   mGETXIM: 62672 # GETX I->M misses
   mGETXSM: 246 # GETX S->M misses (upgrade misses)
   PUTS: 0 # Clean evictions (from lower level)
   PUTX: 0 # Dirty evictions (from lower level)
   INV: 136163 # Invalidates (from upper level)
   INVX: 5857 # Downgrades (from upper level)
   FWD: 0 # Forwards (from upper level)
   latGETnl: 491185314 # GET request latency on next level
   latGETnet: 0 # GET request latency on network to next level
  l1d-7: # Filter cache stats
   fhGETS: 38884059 # Filtered GETS hits
   fhGETX: 356603 # Filtered GETX hits
   hGETS: 2733015 # GETS hits
   hGETX: 139519 # GETX hits
   mGETS: 6877328 # GETS misses
   mGETXIM: 62659 # GETX I->M misses
   mGETXSM: 228 # GETX S->M misses (upgrade misses)
   PUTS: 0 # Clean evictions (from lower level)
   PUTX: 0 # Dirty evictions (from lower level)
   INV: 137551 # Invalidates (from upper level)
   INVX: 5762 # Downgrades (from upper level)
   FWD: 0 # Forwards (from upper level)
   latGETnl: 490923826 # GET request latency on next level
   latGETnet: 0 # GET request latency on network to next level
 l2: # Cache stats
  l2-0: # Cache stats
   hGETS: 306703 # GETS hits
   hGETX: 4 # GETX hits
   mGETS: 8656911 # GETS misses
   mGETXIM: 1865792 # GETX I->M misses
   mGETXSM: 3145 # GETX S->M misses (upgrade misses)
   PUTS: 7118171 # Clean evictions (from lower level)
   PUTX: 3553428 # Dirty evictions (from lower level)
   INV: 7164255 # Invalidates (from upper level)
   INVX: 11778 # Downgrades (from upper level)
   FWD: 0 # Forwards (from upper level)
   latGETnl: 651295104 # GET request latency on next level
   latGETnet: 0 # GET request latency on network to next level
  l2-1: # Cache stats
   hGETS: 717 # GETS hits
   hGETX: 0 # GETX hits
   mGETS: 6902741 # GETS misses
   mGETXIM: 62675 # GETX I->M misses
   mGETXSM: 376 # GETX S->M misses (upgrade misses)
   PUTS: 6615913 # Clean evictions (from lower level)
   PUTX: 187489 # Dirty evictions (from lower level)
   INV: 6961891 # Invalidates (from upper level)
   INVX: 10769 # Downgrades (from upper level)
   FWD: 0 # Forwards (from upper level)
   latGETnl: 436207180 # GET request latency on next level
   latGETnet: 0 # GET request latency on network to next level
  l2-2: # Cache stats
   hGETS: 673 # GETS hits
   hGETX: 0 # GETX hits
   mGETS: 6902507 # GETS misses
   mGETXIM: 62658 # GETX I->M misses
   mGETXSM: 214 # GETX S->M misses (upgrade misses)
   PUTS: 6614188 # Clean evictions (from lower level)
   PUTX: 187615 # Dirty evictions (from lower level)
   INV: 6961412 # Invalidates (from upper level)
   INVX: 10890 # Downgrades (from upper level)
   FWD: 0 # Forwards (from upper level)
   latGETnl: 436207469 # GET request latency on next level
   latGETnet: 0 # GET request latency on network to next level
  l2-3: # Cache stats
   hGETS: 601 # GETS hits
   hGETX: 0 # GETX hits
   mGETS: 6902606 # GETS misses
   mGETXIM: 62663 # GETX I->M misses
   mGETXSM: 198 # GETX S->M misses (upgrade misses)
   PUTS: 6616055 # Clean evictions (from lower level)
   PUTX: 188484 # Dirty evictions (from lower level)
   INV: 6961682 # Invalidates (from upper level)
   INVX: 10627 # Downgrades (from upper level)
   FWD: 0 # Forwards (from upper level)
   latGETnl: 436202777 # GET request latency on next level
   latGETnet: 0 # GET request latency on network to next level
  l2-4: # Cache stats
   hGETS: 555 # GETS hits
   hGETX: 0 # GETX hits
   mGETS: 6902741 # GETS misses
   mGETXIM: 62662 # GETX I->M misses
   mGETXSM: 287 # GETX S->M misses (upgrade misses)
   PUTS: 6615156 # Clean evictions (from lower level)
   PUTX: 188377 # Dirty evictions (from lower level)
   INV: 6961658 # Invalidates (from upper level)
   INVX: 10643 # Downgrades (from upper level)
   FWD: 0 # Forwards (from upper level)
   latGETnl: 436198646 # GET request latency on next level
   latGETnet: 0 # GET request latency on network to next level
  l2-5: # Cache stats
   hGETS: 635 # GETS hits
   hGETX: 0 # GETX hits
   mGETS: 6902478 # GETS misses
   mGETXIM: 62661 # GETX I->M misses
   mGETXSM: 211 # GETX S->M misses (upgrade misses)
   PUTS: 6613814 # Clean evictions (from lower level)
   PUTX: 188290 # Dirty evictions (from lower level)
   INV: 6961621 # Invalidates (from upper level)
   INVX: 10885 # Downgrades (from upper level)
   FWD: 0 # Forwards (from upper level)
   latGETnl: 436185238 # GET request latency on next level
   latGETnet: 0 # GET request latency on network to next level
  l2-6: # Cache stats
   hGETS: 672 # GETS hits
   hGETX: 0 # GETX hits
   mGETS: 6902904 # GETS misses
   mGETXIM: 62672 # GETX I->M misses
   mGETXSM: 246 # GETX S->M misses (upgrade misses)
   PUTS: 6616090 # Clean evictions (from lower level)
   PUTX: 187539 # Dirty evictions (from lower level)
   INV: 6961880 # Invalidates (from upper level)
   INVX: 10757 # Downgrades (from upper level)
   FWD: 0 # Forwards (from upper level)
   latGETnl: 436233050 # GET request latency on next level
   latGETnet: 0 # GET request latency on network to next level
  l2-7: # Cache stats
   hGETS: 657 # GETS hits
   hGETX: 0 # GETX hits
   mGETS: 6902516 # GETS misses
   mGETXIM: 62659 # GETX I->M misses
   mGETXSM: 228 # GETX S->M misses (upgrade misses)
   PUTS: 6614999 # Clean evictions (from lower level)
   PUTX: 186926 # Dirty evictions (from lower level)
   INV: 6961457 # Invalidates (from upper level)
   INVX: 10595 # Downgrades (from upper level)
   FWD: 0 # Forwards (from upper level)
   latGETnl: 435963397 # GET request latency on next level
   latGETnet: 0 # GET request latency on network to next level
 l3: # Cache stats
  l3-0: # Cache stats
   hGETS: 648579 # GETS hits
   hGETX: 5146 # GETX hits
   mGETS: 56326825 # GETS misses
   mGETXIM: 2304201 # GETX I->M misses
   mGETXSM: 0 # GETX S->M misses (upgrade misses)
   PUTS: 375659 # Clean evictions (from lower level)
   PUTX: 2991828 # Dirty evictions (from lower level)
   INV: 0 # Invalidates (from upper level)
   INVX: 0 # Downgrades (from upper level)
   FWD: 0 # Forwards (from upper level)
   latGETnl: 2814289248 # GET request latency on next level
   latGETnet: 0 # GET request latency on network to next level
 mem: # Memory controller stats
  mem-0: # Memory controller stats
   rd: 32092595 # Read requests
   wr: 2190878 # Write requests
   rdlat: 2920933464 # Total latency experienced by read requests
   wrlat: 426898019 # Total latency experienced by write requests
   rdhits: 62857 # Read row hits
   wrhits: 37293 # Write row hits
   mlh: # latency histogram for memory requests
    0: 0
    1: 0
    2: 0
    3: 0
    4: 0
    5: 3
    6: 1175
    7: 20092845
    8: 5000288
    9: 2584599
    10: 812777
    11: 371803
    12: 380869
    13: 653906
    14: 443352
    15: 365788
    16: 390777
    17: 130794
    18: 71315
    19: 65026
    20: 64914
    21: 66967
    22: 70731
    23: 54592
    24: 54283
    25: 54742
    26: 89741
    27: 44686
    28: 46498
    29: 41188
    30: 38346
    31: 34772
    32: 18844
    33: 12835
    34: 7183
    35: 5050
    36: 4373
    37: 3165
    38: 2927
    39: 2234
    40: 1648
    41: 1150
    42: 934
    43: 743
    44: 630
    45: 566
    46: 706
    47: 674
    48: 691
    49: 439
    50: 243
    51: 135
    52: 115
    53: 101
    54: 110
    55: 84
    56: 80
    57: 45
    58: 16
    59: 20
    60: 8
    61: 8
    62: 7
    63: 8
    64: 5
    65: 3
    66: 2
    67: 2
    68: 6
    69: 5
    70: 9
    71: 6
    72: 5
    73: 1
    74: 0
    75: 2
    76: 0
    77: 0
    78: 0
    79: 0
    80: 0
    81: 0
    82: 0
    83: 0
    84: 0
    85: 0
    86: 0
    87: 0
    88: 0
    89: 0
    90: 0
    91: 0
    92: 0
    93: 0
    94: 0
    95: 0
    96: 0
    97: 0
    98: 0
    99: 0
  mem-1: # Memory controller stats
   rd: 26538153 # Read requests
   wr: 2190939 # Write requests
   rdlat: 2270094043 # Total latency experienced by read requests
   wrlat: 351459077 # Total latency experienced by write requests
   rdhits: 43307 # Read row hits
   wrhits: 33491 # Write row hits
   mlh: # latency histogram for memory requests
    0: 0
    1: 0
    2: 0
    3: 0
    4: 0
    5: 2
    6: 451
    7: 19198875
    8: 4261514
    9: 1517990
    10: 355637
    11: 120244
    12: 98135
    13: 106147
    14: 113131
    15: 112695
    16: 135246
    17: 26564
    18: 6088
    19: 6272
    20: 11057
    21: 11665
    22: 20234
    23: 28018
    24: 35164
    25: 39890
    26: 161692
    27: 37406
    28: 37019
    29: 29913
    30: 25804
    31: 17567
    32: 8814
    33: 3590
    34: 1712
    35: 1303
    36: 918
    37: 666
    38: 508
    39: 307
    40: 254
    41: 176
    42: 224
    43: 152
    44: 267
    45: 229
    46: 325
    47: 978
    48: 1822
    49: 624
    50: 359
    51: 70
    52: 78
    53: 74
    54: 73
    55: 52
    56: 51
    57: 44
    58: 10
    59: 10
    60: 7
    61: 4
    62: 4
    63: 9
    64: 0
    65: 6
    66: 3
    67: 4
    68: 1
    69: 1
    70: 2
    71: 0
    72: 1
    73: 1
    74: 0
    75: 0
    76: 0
    77: 0
    78: 0
    79: 0
    80: 0
    81: 0
    82: 0
    83: 0
    84: 0
    85: 0
    86: 0
    87: 0
    88: 0
    89: 0
    90: 0
    91: 0
    92: 0
    93: 0
    94: 0
    95: 0
    96: 0
    97: 0
    98: 0
    99: 0
 sched: # Scheduler stats
  thCr: 8 # Threads created
  thFn: 0 # Threads finished
  schedEvs: 8 # Schedule events
  waitEvs: 0 # Wait events
  handoffEvs: 0 # Handoff events
  sleepEvs: 0 # Sleep events
  idlePhases: 0 # Phases with no thread active
  idlePeriods: 0 # Periods with no thread active
  occHist: # Occupancy histogram
   0: 0
   1: 80381
   2: 0
   3: 1
   4: 0
   5: 0
   6: 0
   7: 0
   8: 102992
  rqSzHist: # Run queue size histogram
   0: 183374
   1: 0
   2: 0
   3: 0
   4: 0
   5: 0
   6: 0
   7: 0
   8: 0
   9: 0
   10: 0
   11: 0
   12: 0
   13: 0
   14: 0
   15: 0
   16: 0
 procCycles: # Per-process unhalted core cycles
  0: 7574745781
  1: 0
  2: 0
  3: 0
  4: 0
  5: 0
  6: 0
  7: 0
  8: 0
  9: 0
  10: 0
  11: 0
  12: 0
  13: 0
  14: 0
  15: 0
  16: 0
  17: 0
  18: 0
  19: 0
  20: 0
  21: 0
  22: 0
  23: 0
  24: 0
  25: 0
  26: 0
  27: 0
  28: 0
  29: 0
  30: 0
  31: 0
  32: 0
  33: 0
  34: 0
  35: 0
  36: 0
  37: 0
  38: 0
  39: 0
  40: 0
  41: 0
  42: 0
  43: 0
  44: 0
  45: 0
  46: 0
  47: 0
  48: 0
  49: 0
  50: 0
  51: 0
  52: 0
  53: 0
  54: 0
  55: 0
  56: 0
  57: 0
  58: 0
  59: 0
  60: 0
  61: 0
  62: 0
  63: 0
 procInstrs: # Per-process instructions
  0: 5000038932
  1: 0
  2: 0
  3: 0
  4: 0
  5: 0
  6: 0
  7: 0
  8: 0
  9: 0
  10: 0
  11: 0
  12: 0
  13: 0
  14: 0
  15: 0
  16: 0
  17: 0
  18: 0
  19: 0
  20: 0
  21: 0
  22: 0
  23: 0
  24: 0
  25: 0
  26: 0
  27: 0
  28: 0
  29: 0
  30: 0
  31: 0
  32: 0
  33: 0
  34: 0
  35: 0
  36: 0
  37: 0
  38: 0
  39: 0
  40: 0
  41: 0
  42: 0
  43: 0
  44: 0
  45: 0
  46: 0
  47: 0
  48: 0
  49: 0
  50: 0
  51: 0
  52: 0
  53: 0
  54: 0
  55: 0
  56: 0
  57: 0
  58: 0
  59: 0
  60: 0
  61: 0
  62: 0
  63: 0
 heartbeats: # Per-process heartbeats
  0: 0
  1: 0
  2: 0
  3: 0
  4: 0
  5: 0
  6: 0
  7: 0
  8: 0
  9: 0
  10: 0
  11: 0
  12: 0
  13: 0
  14: 0
  15: 0
  16: 0
  17: 0
  18: 0
  19: 0
  20: 0
  21: 0
  22: 0
  23: 0
  24: 0
  25: 0
  26: 0
  27: 0
  28: 0
  29: 0
  30: 0
  31: 0
  32: 0
  33: 0
  34: 0
  35: 0
  36: 0
  37: 0
  38: 0
  39: 0
  40: 0
  41: 0
  42: 0
  43: 0
  44: 0
  45: 0
  46: 0
  47: 0
  48: 0
  49: 0
  50: 0
  51: 0
  52: 0
  53: 0
  54: 0
  55: 0
  56: 0
  57: 0
  58: 0
  59: 0
  60: 0
  61: 0
  62: 0
  63: 0
===
