# zsim stats
===
root: # Stats
 contention: # Contention simulation stats
  domain-0: # Domain stats
   time: 7856249146 # Weave simulation time
 time: # Simulator time breakdown
  init: 12262328582
  bound: 86434068210
  weave: 12328582203
  ff: 0
 trigger: 20000 # Reason for this stats dump
 phase: 76076 # Simulated phases
 core: # Core stats
  core-0: # Core stats
   cycles: 760761082 # Simulated unhalted cycles
   cCycles: 61318395 # Cycles due to contention stalls
   instrs: 555561542 # Simulated instructions
  core-1: # Core stats
   cycles: 760713327 # Simulated unhalted cycles
   cCycles: 61290663 # Cycles due to contention stalls
   instrs: 555560234 # Simulated instructions
  core-2: # Core stats
   cycles: 760708974 # Simulated unhalted cycles
   cCycles: 61288562 # Cycles due to contention stalls
   instrs: 555558962 # Simulated instructions
  core-3: # Core stats
   cycles: 760702797 # Simulated unhalted cycles
   cCycles: 61289966 # Cycles due to contention stalls
   instrs: 555558025 # Simulated instructions
  core-4: # Core stats
   cycles: 760702749 # Simulated unhalted cycles
   cCycles: 61286010 # Cycles due to contention stalls
   instrs: 555559343 # Simulated instructions
  core-5: # Core stats
   cycles: 760703005 # Simulated unhalted cycles
   cCycles: 61282497 # Cycles due to contention stalls
   instrs: 555564032 # Simulated instructions
  core-6: # Core stats
   cycles: 760703121 # Simulated unhalted cycles
   cCycles: 61286784 # Cycles due to contention stalls
   instrs: 555559077 # Simulated instructions
  core-7: # Core stats
   cycles: 760700938 # Simulated unhalted cycles
   cCycles: 61285326 # Cycles due to contention stalls
   instrs: 555560275 # Simulated instructions
  core-8: # Core stats
   cycles: 760700767 # Simulated unhalted cycles
   cCycles: 61282825 # Cycles due to contention stalls
   instrs: 555556711 # Simulated instructions
 l1i: # Cache stats
  l1i-0: # Filter cache stats
   fhGETS: 92079051 # Filtered GETS hits
   fhGETX: 0 # Filtered GETX hits
   hGETS: 307 # GETS hits
   hGETX: 0 # GETX hits
   mGETS: 155 # GETS misses
   mGETXIM: 0 # GETX I->M misses
   mGETXSM: 0 # GETX S->M misses (upgrade misses)
   PUTS: 0 # Clean evictions (from lower level)
   PUTX: 0 # Dirty evictions (from lower level)
   INV: 92 # Invalidates (from upper level)
   INVX: 0 # Downgrades (from upper level)
   FWD: 0 # Forwards (from upper level)
   latGETnl: 10713 # GET request latency on next level
   latGETnet: 0 # GET request latency on network to next level
  l1i-1: # Filter cache stats
   fhGETS: 92078786 # Filtered GETS hits
   fhGETX: 0 # Filtered GETX hits
   hGETS: 14 # GETS hits
   hGETX: 0 # GETX hits
   mGETS: 78 # GETS misses
   mGETXIM: 0 # GETX I->M misses
   mGETXSM: 0 # GETX S->M misses (upgrade misses)
   PUTS: 0 # Clean evictions (from lower level)
   PUTX: 0 # Dirty evictions (from lower level)
   INV: 3 # Invalidates (from upper level)
   INVX: 0 # Downgrades (from upper level)
   FWD: 0 # Forwards (from upper level)
   latGETnl: 2922 # GET request latency on next level
   latGETnet: 0 # GET request latency on network to next level
  l1i-2: # Filter cache stats
   fhGETS: 92078621 # Filtered GETS hits
   fhGETX: 0 # Filtered GETX hits
   hGETS: 0 # GETS hits
   hGETX: 0 # GETX hits
   mGETS: 74 # GETS misses
   mGETXIM: 0 # GETX I->M misses
   mGETXSM: 0 # GETX S->M misses (upgrade misses)
   PUTS: 0 # Clean evictions (from lower level)
   PUTX: 0 # Dirty evictions (from lower level)
   INV: 1 # Invalidates (from upper level)
   INVX: 0 # Downgrades (from upper level)
   FWD: 0 # Forwards (from upper level)
   latGETnl: 2382 # GET request latency on next level
   latGETnet: 0 # GET request latency on network to next level
  l1i-3: # Filter cache stats
   fhGETS: 92078527 # Filtered GETS hits
   fhGETX: 0 # Filtered GETX hits
   hGETS: 0 # GETS hits
   hGETX: 0 # GETX hits
   mGETS: 33 # GETS misses
   mGETXIM: 0 # GETX I->M misses
   mGETXSM: 0 # GETX S->M misses (upgrade misses)
   PUTS: 0 # Clean evictions (from lower level)
   PUTX: 0 # Dirty evictions (from lower level)
   INV: 0 # Invalidates (from upper level)
   INVX: 0 # Downgrades (from upper level)
   FWD: 0 # Forwards (from upper level)
   latGETnl: 891 # GET request latency on next level
   latGETnet: 0 # GET request latency on network to next level
  l1i-4: # Filter cache stats
   fhGETS: 92078727 # Filtered GETS hits
   fhGETX: 0 # Filtered GETX hits
   hGETS: 0 # GETS hits
   hGETX: 0 # GETX hits
   mGETS: 33 # GETS misses
   mGETXIM: 0 # GETX I->M misses
   mGETXSM: 0 # GETX S->M misses (upgrade misses)
   PUTS: 0 # Clean evictions (from lower level)
   PUTX: 0 # Dirty evictions (from lower level)
   INV: 0 # Invalidates (from upper level)
   INVX: 0 # Downgrades (from upper level)
   FWD: 0 # Forwards (from upper level)
   latGETnl: 891 # GET request latency on next level
   latGETnet: 0 # GET request latency on network to next level
  l1i-5: # Filter cache stats
   fhGETS: 92079500 # Filtered GETS hits
   fhGETX: 0 # Filtered GETX hits
   hGETS: 0 # GETS hits
   hGETX: 0 # GETX hits
   mGETS: 33 # GETS misses
   mGETXIM: 0 # GETX I->M misses
   mGETXSM: 0 # GETX S->M misses (upgrade misses)
   PUTS: 0 # Clean evictions (from lower level)
   PUTX: 0 # Dirty evictions (from lower level)
   INV: 0 # Invalidates (from upper level)
   INVX: 0 # Downgrades (from upper level)
   FWD: 0 # Forwards (from upper level)
   latGETnl: 891 # GET request latency on next level
   latGETnet: 0 # GET request latency on network to next level
  l1i-6: # Filter cache stats
   fhGETS: 92078631 # Filtered GETS hits
   fhGETX: 0 # Filtered GETX hits
   hGETS: 0 # GETS hits
   hGETX: 0 # GETX hits
   mGETS: 33 # GETS misses
   mGETXIM: 0 # GETX I->M misses
   mGETXSM: 0 # GETX S->M misses (upgrade misses)
   PUTS: 0 # Clean evictions (from lower level)
   PUTX: 0 # Dirty evictions (from lower level)
   INV: 0 # Invalidates (from upper level)
   INVX: 0 # Downgrades (from upper level)
   FWD: 0 # Forwards (from upper level)
   latGETnl: 891 # GET request latency on next level
   latGETnet: 0 # GET request latency on network to next level
  l1i-7: # Filter cache stats
   fhGETS: 92078843 # Filtered GETS hits
   fhGETX: 0 # Filtered GETX hits
   hGETS: 0 # GETS hits
   hGETX: 0 # GETX hits
   mGETS: 33 # GETS misses
   mGETXIM: 0 # GETX I->M misses
   mGETXSM: 0 # GETX S->M misses (upgrade misses)
   PUTS: 0 # Clean evictions (from lower level)
   PUTX: 0 # Dirty evictions (from lower level)
   INV: 0 # Invalidates (from upper level)
   INVX: 0 # Downgrades (from upper level)
   FWD: 0 # Forwards (from upper level)
   latGETnl: 891 # GET request latency on next level
   latGETnet: 0 # GET request latency on network to next level
  l1i-8: # Filter cache stats
   fhGETS: 92078217 # Filtered GETS hits
   fhGETX: 0 # Filtered GETX hits
   hGETS: 0 # GETS hits
   hGETX: 0 # GETX hits
   mGETS: 76 # GETS misses
   mGETXIM: 0 # GETX I->M misses
   mGETXSM: 0 # GETX S->M misses (upgrade misses)
   PUTS: 0 # Clean evictions (from lower level)
   PUTX: 0 # Dirty evictions (from lower level)
   INV: 5 # Invalidates (from upper level)
   INVX: 0 # Downgrades (from upper level)
   FWD: 0 # Forwards (from upper level)
   latGETnl: 2868 # GET request latency on next level
   latGETnet: 0 # GET request latency on network to next level
 l1d: # Cache stats
  l1d-0: # Filter cache stats
   fhGETS: 169809494 # Filtered GETS hits
   fhGETX: 30446214 # Filtered GETX hits
   hGETS: 3070925 # GETS hits
   hGETX: 239858 # GETX hits
   mGETS: 1918043 # GETS misses
   mGETXIM: 257 # GETX I->M misses
   mGETXSM: 5 # GETX S->M misses (upgrade misses)
   PUTS: 0 # Clean evictions (from lower level)
   PUTX: 0 # Dirty evictions (from lower level)
   INV: 169 # Invalidates (from upper level)
   INVX: 116 # Downgrades (from upper level)
   FWD: 0 # Forwards (from upper level)
   latGETnl: 143870432 # GET request latency on next level
   latGETnet: 0 # GET request latency on network to next level
  l1d-1: # Filter cache stats
   fhGETS: 169584406 # Filtered GETS hits
   fhGETX: 30205175 # Filtered GETX hits
   hGETS: 3296424 # GETS hits
   hGETX: 479565 # GETX hits
   mGETS: 1918030 # GETS misses
   mGETXIM: 166 # GETX I->M misses
   mGETXSM: 8 # GETX S->M misses (upgrade misses)
   PUTS: 0 # Clean evictions (from lower level)
   PUTX: 0 # Dirty evictions (from lower level)
   INV: 266 # Invalidates (from upper level)
   INVX: 21 # Downgrades (from upper level)
   FWD: 0 # Forwards (from upper level)
   latGETnl: 143859508 # GET request latency on next level
   latGETnet: 0 # GET request latency on network to next level
  l1d-2: # Filter cache stats
   fhGETS: 169583921 # Filtered GETS hits
   fhGETX: 30205202 # Filtered GETX hits
   hGETS: 3296513 # GETS hits
   hGETX: 479402 # GETX hits
   mGETS: 1918009 # GETS misses
   mGETXIM: 179 # GETX I->M misses
   mGETXSM: 6 # GETX S->M misses (upgrade misses)
   PUTS: 0 # Clean evictions (from lower level)
   PUTX: 0 # Dirty evictions (from lower level)
   INV: 265 # Invalidates (from upper level)
   INVX: 10 # Downgrades (from upper level)
   FWD: 0 # Forwards (from upper level)
   latGETnl: 143859068 # GET request latency on next level
   latGETnet: 0 # GET request latency on network to next level
  l1d-3: # Filter cache stats
   fhGETS: 169584671 # Filtered GETS hits
   fhGETX: 30204945 # Filtered GETX hits
   hGETS: 3295575 # GETS hits
   hGETX: 479587 # GETX hits
   mGETS: 1917939 # GETS misses
   mGETXIM: 168 # GETX I->M misses
   mGETXSM: 4 # GETX S->M misses (upgrade misses)
   PUTS: 0 # Clean evictions (from lower level)
   PUTX: 0 # Dirty evictions (from lower level)
   INV: 265 # Invalidates (from upper level)
   INVX: 2 # Downgrades (from upper level)
   FWD: 0 # Forwards (from upper level)
   latGETnl: 143853915 # GET request latency on next level
   latGETnet: 0 # GET request latency on network to next level
  l1d-4: # Filter cache stats
   fhGETS: 169584625 # Filtered GETS hits
   fhGETX: 30205005 # Filtered GETX hits
   hGETS: 3295989 # GETS hits
   hGETX: 479585 # GETX hits
   mGETS: 1917967 # GETS misses
   mGETXIM: 170 # GETX I->M misses
   mGETXSM: 4 # GETX S->M misses (upgrade misses)
   PUTS: 0 # Clean evictions (from lower level)
   PUTX: 0 # Dirty evictions (from lower level)
   INV: 265 # Invalidates (from upper level)
   INVX: 12 # Downgrades (from upper level)
   FWD: 0 # Forwards (from upper level)
   latGETnl: 143856505 # GET request latency on next level
   latGETnet: 0 # GET request latency on network to next level
  l1d-5: # Filter cache stats
   fhGETS: 169585068 # Filtered GETS hits
   fhGETX: 30205310 # Filtered GETX hits
   hGETS: 3297144 # GETS hits
   hGETX: 479558 # GETX hits
   mGETS: 1917970 # GETS misses
   mGETXIM: 157 # GETX I->M misses
   mGETXSM: 4 # GETX S->M misses (upgrade misses)
   PUTS: 0 # Clean evictions (from lower level)
   PUTX: 0 # Dirty evictions (from lower level)
   INV: 265 # Invalidates (from upper level)
   INVX: 7 # Downgrades (from upper level)
   FWD: 0 # Forwards (from upper level)
   latGETnl: 143855585 # GET request latency on next level
   latGETnet: 0 # GET request latency on network to next level
  l1d-6: # Filter cache stats
   fhGETS: 169585021 # Filtered GETS hits
   fhGETX: 30205158 # Filtered GETX hits
   hGETS: 3295599 # GETS hits
   hGETX: 479393 # GETX hits
   mGETS: 1917968 # GETS misses
   mGETXIM: 169 # GETX I->M misses
   mGETXSM: 4 # GETX S->M misses (upgrade misses)
   PUTS: 0 # Clean evictions (from lower level)
   PUTX: 0 # Dirty evictions (from lower level)
   INV: 265 # Invalidates (from upper level)
   INVX: 8 # Downgrades (from upper level)
   FWD: 0 # Forwards (from upper level)
   latGETnl: 143856369 # GET request latency on next level
   latGETnet: 0 # GET request latency on network to next level
  l1d-7: # Filter cache stats
   fhGETS: 169584686 # Filtered GETS hits
   fhGETX: 30205035 # Filtered GETX hits
   hGETS: 3296293 # GETS hits
   hGETX: 479585 # GETX hits
   mGETS: 1917937 # GETS misses
   mGETXIM: 175 # GETX I->M misses
   mGETXSM: 4 # GETX S->M misses (upgrade misses)
   PUTS: 0 # Clean evictions (from lower level)
   PUTX: 0 # Dirty evictions (from lower level)
   INV: 264 # Invalidates (from upper level)
   INVX: 7 # Downgrades (from upper level)
   FWD: 0 # Forwards (from upper level)
   latGETnl: 143854446 # GET request latency on next level
   latGETnet: 0 # GET request latency on network to next level
  l1d-8: # Filter cache stats
   fhGETS: 169583215 # Filtered GETS hits
   fhGETX: 30204935 # Filtered GETX hits
   hGETS: 3296593 # GETS hits
   hGETX: 479544 # GETX hits
   mGETS: 1917984 # GETS misses
   mGETXIM: 182 # GETX I->M misses
   mGETXSM: 5 # GETX S->M misses (upgrade misses)
   PUTS: 0 # Clean evictions (from lower level)
   PUTX: 0 # Dirty evictions (from lower level)
   INV: 263 # Invalidates (from upper level)
   INVX: 7 # Downgrades (from upper level)
   FWD: 0 # Forwards (from upper level)
   latGETnl: 143858363 # GET request latency on next level
   latGETnet: 0 # GET request latency on network to next level
 l2: # Cache stats
  l2-0: # Cache stats
   hGETS: 23 # GETS hits
   hGETX: 2 # GETX hits
   mGETS: 1918175 # GETS misses
   mGETXIM: 255 # GETX I->M misses
   mGETXSM: 5 # GETX S->M misses (upgrade misses)
   PUTS: 1917488 # Clean evictions (from lower level)
   PUTX: 132 # Dirty evictions (from lower level)
   INV: 1903891 # Invalidates (from upper level)
   INVX: 123 # Downgrades (from upper level)
   FWD: 0 # Forwards (from upper level)
   latGETnl: 124696545 # GET request latency on next level
   latGETnet: 0 # GET request latency on network to next level
  l2-1: # Cache stats
   hGETS: 40 # GETS hits
   hGETX: 0 # GETX hits
   mGETS: 1918068 # GETS misses
   mGETXIM: 166 # GETX I->M misses
   mGETXSM: 8 # GETX S->M misses (upgrade misses)
   PUTS: 1917400 # Clean evictions (from lower level)
   PUTX: 18 # Dirty evictions (from lower level)
   INV: 1903405 # Invalidates (from upper level)
   INVX: 21 # Downgrades (from upper level)
   FWD: 0 # Forwards (from upper level)
   latGETnl: 124679610 # GET request latency on next level
   latGETnet: 0 # GET request latency on network to next level
  l2-2: # Cache stats
   hGETS: 40 # GETS hits
   hGETX: 0 # GETX hits
   mGETS: 1918043 # GETS misses
   mGETXIM: 179 # GETX I->M misses
   mGETXSM: 6 # GETX S->M misses (upgrade misses)
   PUTS: 1917391 # Clean evictions (from lower level)
   PUTX: 20 # Dirty evictions (from lower level)
   INV: 1903612 # Invalidates (from upper level)
   INVX: 10 # Downgrades (from upper level)
   FWD: 0 # Forwards (from upper level)
   latGETnl: 124678770 # GET request latency on next level
   latGETnet: 0 # GET request latency on network to next level
  l2-3: # Cache stats
   hGETS: 40 # GETS hits
   hGETX: 0 # GETX hits
   mGETS: 1917932 # GETS misses
   mGETXIM: 168 # GETX I->M misses
   mGETXSM: 4 # GETX S->M misses (upgrade misses)
   PUTS: 1917324 # Clean evictions (from lower level)
   PUTX: 6 # Dirty evictions (from lower level)
   INV: 1903563 # Invalidates (from upper level)
   INVX: 2 # Downgrades (from upper level)
   FWD: 0 # Forwards (from upper level)
   latGETnl: 124673366 # GET request latency on next level
   latGETnet: 0 # GET request latency on network to next level
  l2-4: # Cache stats
   hGETS: 40 # GETS hits
   hGETX: 0 # GETX hits
   mGETS: 1917960 # GETS misses
   mGETXIM: 170 # GETX I->M misses
   mGETXSM: 4 # GETX S->M misses (upgrade misses)
   PUTS: 1917354 # Clean evictions (from lower level)
   PUTX: 6 # Dirty evictions (from lower level)
   INV: 1903569 # Invalidates (from upper level)
   INVX: 12 # Downgrades (from upper level)
   FWD: 0 # Forwards (from upper level)
   latGETnl: 124675656 # GET request latency on next level
   latGETnet: 0 # GET request latency on network to next level
  l2-5: # Cache stats
   hGETS: 40 # GETS hits
   hGETX: 0 # GETX hits
   mGETS: 1917963 # GETS misses
   mGETXIM: 157 # GETX I->M misses
   mGETXSM: 4 # GETX S->M misses (upgrade misses)
   PUTS: 1917344 # Clean evictions (from lower level)
   PUTX: 6 # Dirty evictions (from lower level)
   INV: 1903364 # Invalidates (from upper level)
   INVX: 7 # Downgrades (from upper level)
   FWD: 0 # Forwards (from upper level)
   latGETnl: 124674836 # GET request latency on next level
   latGETnet: 0 # GET request latency on network to next level
  l2-6: # Cache stats
   hGETS: 40 # GETS hits
   hGETX: 0 # GETX hits
   mGETS: 1917961 # GETS misses
   mGETXIM: 169 # GETX I->M misses
   mGETXSM: 4 # GETX S->M misses (upgrade misses)
   PUTS: 1917354 # Clean evictions (from lower level)
   PUTX: 6 # Dirty evictions (from lower level)
   INV: 1903569 # Invalidates (from upper level)
   INVX: 8 # Downgrades (from upper level)
   FWD: 0 # Forwards (from upper level)
   latGETnl: 124675520 # GET request latency on next level
   latGETnet: 0 # GET request latency on network to next level
  l2-7: # Cache stats
   hGETS: 40 # GETS hits
   hGETX: 0 # GETX hits
   mGETS: 1917930 # GETS misses
   mGETXIM: 175 # GETX I->M misses
   mGETXSM: 4 # GETX S->M misses (upgrade misses)
   PUTS: 1917330 # Clean evictions (from lower level)
   PUTX: 6 # Dirty evictions (from lower level)
   INV: 1903479 # Invalidates (from upper level)
   INVX: 7 # Downgrades (from upper level)
   FWD: 0 # Forwards (from upper level)
   latGETnl: 124673847 # GET request latency on next level
   latGETnet: 0 # GET request latency on network to next level
  l2-8: # Cache stats
   hGETS: 20 # GETS hits
   hGETX: 0 # GETX hits
   mGETS: 1918040 # GETS misses
   mGETXIM: 182 # GETX I->M misses
   mGETXSM: 5 # GETX S->M misses (upgrade misses)
   PUTS: 1917371 # Clean evictions (from lower level)
   PUTX: 20 # Dirty evictions (from lower level)
   INV: 1903452 # Invalidates (from upper level)
   INVX: 7 # Downgrades (from upper level)
   FWD: 0 # Forwards (from upper level)
   latGETnl: 124678761 # GET request latency on next level
   latGETnet: 0 # GET request latency on network to next level
 l3: # Cache stats
  l3-0: # Cache stats
   hGETS: 764 # GETS hits
   hGETX: 60 # GETX hits
   mGETS: 17261308 # GETS misses
   mGETXIM: 1605 # GETX I->M misses
   mGETXSM: 0 # GETX S->M misses (upgrade misses)
   PUTS: 0 # Clean evictions (from lower level)
   PUTX: 0 # Dirty evictions (from lower level)
   INV: 0 # Invalidates (from upper level)
   INVX: 0 # Downgrades (from upper level)
   FWD: 0 # Forwards (from upper level)
   latGETnl: 828619824 # GET request latency on next level
   latGETnet: 0 # GET request latency on network to next level
 mem: # Memory controller stats
  mem-0: # Memory controller stats
   rd: 8631506 # Read requests
   wr: 1293 # Write requests
   rdlat: 690135598 # Total latency experienced by read requests
   wrlat: 176478 # Total latency experienced by write requests
   rdhits: 0 # Read row hits
   wrhits: 0 # Write row hits
   mlh: # latency histogram for memory requests
    0: 0
    1: 0
    2: 0
    3: 0
    4: 0
    5: 0
    6: 0
    7: 8247293
    8: 271984
    9: 26454
    10: 1234
    11: 1485
    12: 1680
    13: 887
    14: 708
    15: 1418
    16: 1246
    17: 796
    18: 858
    19: 862
    20: 983
    21: 960
    22: 10627
    23: 13761
    24: 6976
    25: 10005
    26: 8995
    27: 9157
    28: 7997
    29: 2161
    30: 1376
    31: 1370
    32: 200
    33: 22
    34: 4
    35: 3
    36: 3
    37: 0
    38: 1
    39: 0
    40: 0
    41: 0
    42: 0
    43: 0
    44: 0
    45: 0
    46: 0
    47: 0
    48: 0
    49: 0
    50: 0
    51: 0
    52: 0
    53: 0
    54: 0
    55: 0
    56: 0
    57: 0
    58: 0
    59: 0
    60: 0
    61: 0
    62: 0
    63: 0
    64: 0
    65: 0
    66: 0
    67: 0
    68: 0
    69: 0
    70: 0
    71: 0
    72: 0
    73: 0
    74: 0
    75: 0
    76: 0
    77: 0
    78: 0
    79: 0
    80: 0
    81: 0
    82: 0
    83: 0
    84: 0
    85: 0
    86: 0
    87: 0
    88: 0
    89: 0
    90: 0
    91: 0
    92: 0
    93: 0
    94: 0
    95: 0
    96: 0
    97: 0
    98: 0
    99: 0
  mem-1: # Memory controller stats
   rd: 8631380 # Read requests
   wr: 1147 # Write requests
   rdlat: 690093958 # Total latency experienced by read requests
   wrlat: 154980 # Total latency experienced by write requests
   rdhits: 1 # Read row hits
   wrhits: 0 # Write row hits
   mlh: # latency histogram for memory requests
    0: 0
    1: 0
    2: 0
    3: 0
    4: 0
    5: 0
    6: 0
    7: 8248199
    8: 271326
    9: 26228
    10: 1255
    11: 1481
    12: 1631
    13: 824
    14: 790
    15: 1291
    16: 1260
    17: 831
    18: 966
    19: 883
    20: 894
    21: 949
    22: 10867
    23: 13544
    24: 6863
    25: 9985
    26: 9020
    27: 9363
    28: 7824
    29: 2156
    30: 1371
    31: 1333
    32: 221
    33: 14
    34: 4
    35: 3
    36: 3
    37: 0
    38: 1
    39: 0
    40: 0
    41: 0
    42: 0
    43: 0
    44: 0
    45: 0
    46: 0
    47: 0
    48: 0
    49: 0
    50: 0
    51: 0
    52: 0
    53: 0
    54: 0
    55: 0
    56: 0
    57: 0
    58: 0
    59: 0
    60: 0
    61: 0
    62: 0
    63: 0
    64: 0
    65: 0
    66: 0
    67: 0
    68: 0
    69: 0
    70: 0
    71: 0
    72: 0
    73: 0
    74: 0
    75: 0
    76: 0
    77: 0
    78: 0
    79: 0
    80: 0
    81: 0
    82: 0
    83: 0
    84: 0
    85: 0
    86: 0
    87: 0
    88: 0
    89: 0
    90: 0
    91: 0
    92: 0
    93: 0
    94: 0
    95: 0
    96: 0
    97: 0
    98: 0
    99: 0
 sched: # Scheduler stats
  thCr: 9 # Threads created
  thFn: 0 # Threads finished
  schedEvs: 9 # Schedule events
  waitEvs: 0 # Wait events
  handoffEvs: 0 # Handoff events
  sleepEvs: 0 # Sleep events
  idlePhases: 0 # Phases with no thread active
  idlePeriods: 0 # Periods with no thread active
  occHist: # Occupancy histogram
   0: 0
   1: 4
   2: 0
   3: 0
   4: 1
   5: 0
   6: 0
   7: 1
   8: 0
   9: 76070
  rqSzHist: # Run queue size histogram
   0: 76076
   1: 0
   2: 0
   3: 0
   4: 0
   5: 0
   6: 0
   7: 0
   8: 0
   9: 0
   10: 0
   11: 0
   12: 0
   13: 0
   14: 0
   15: 0
   16: 0
 procCycles: # Per-process unhalted core cycles
  0: 6846396760
  1: 0
  2: 0
  3: 0
  4: 0
  5: 0
  6: 0
  7: 0
  8: 0
  9: 0
  10: 0
  11: 0
  12: 0
  13: 0
  14: 0
  15: 0
  16: 0
  17: 0
  18: 0
  19: 0
  20: 0
  21: 0
  22: 0
  23: 0
  24: 0
  25: 0
  26: 0
  27: 0
  28: 0
  29: 0
  30: 0
  31: 0
  32: 0
  33: 0
  34: 0
  35: 0
  36: 0
  37: 0
  38: 0
  39: 0
  40: 0
  41: 0
  42: 0
  43: 0
  44: 0
  45: 0
  46: 0
  47: 0
  48: 0
  49: 0
  50: 0
  51: 0
  52: 0
  53: 0
  54: 0
  55: 0
  56: 0
  57: 0
  58: 0
  59: 0
  60: 0
  61: 0
  62: 0
  63: 0
 procInstrs: # Per-process instructions
  0: 5000038201
  1: 0
  2: 0
  3: 0
  4: 0
  5: 0
  6: 0
  7: 0
  8: 0
  9: 0
  10: 0
  11: 0
  12: 0
  13: 0
  14: 0
  15: 0
  16: 0
  17: 0
  18: 0
  19: 0
  20: 0
  21: 0
  22: 0
  23: 0
  24: 0
  25: 0
  26: 0
  27: 0
  28: 0
  29: 0
  30: 0
  31: 0
  32: 0
  33: 0
  34: 0
  35: 0
  36: 0
  37: 0
  38: 0
  39: 0
  40: 0
  41: 0
  42: 0
  43: 0
  44: 0
  45: 0
  46: 0
  47: 0
  48: 0
  49: 0
  50: 0
  51: 0
  52: 0
  53: 0
  54: 0
  55: 0
  56: 0
  57: 0
  58: 0
  59: 0
  60: 0
  61: 0
  62: 0
  63: 0
 heartbeats: # Per-process heartbeats
  0: 0
  1: 0
  2: 0
  3: 0
  4: 0
  5: 0
  6: 0
  7: 0
  8: 0
  9: 0
  10: 0
  11: 0
  12: 0
  13: 0
  14: 0
  15: 0
  16: 0
  17: 0
  18: 0
  19: 0
  20: 0
  21: 0
  22: 0
  23: 0
  24: 0
  25: 0
  26: 0
  27: 0
  28: 0
  29: 0
  30: 0
  31: 0
  32: 0
  33: 0
  34: 0
  35: 0
  36: 0
  37: 0
  38: 0
  39: 0
  40: 0
  41: 0
  42: 0
  43: 0
  44: 0
  45: 0
  46: 0
  47: 0
  48: 0
  49: 0
  50: 0
  51: 0
  52: 0
  53: 0
  54: 0
  55: 0
  56: 0
  57: 0
  58: 0
  59: 0
  60: 0
  61: 0
  62: 0
  63: 0
===
