# zsim stats
===
root: # Stats
 contention: # Contention simulation stats
  domain-0: # Domain stats
   time: 919642312 # Weave simulation time
 time: # Simulator time breakdown
  init: 11809542654
  bound: 588723568352
  weave: 11676499652
  ff: 0
 trigger: 20000 # Reason for this stats dump
 phase: 120668 # Simulated phases
 core: # Core stats
  core-0: # Core stats
   cycles: 1206680024 # Simulated unhalted cycles
   cCycles: 789942 # Cycles due to contention stalls
   instrs: 1659974295 # Simulated instructions
   uops: 1702291808 # Retired micro-ops
   bbls: 264715486 # Basic blocks
   approxInstrs: 11086965 # Instrs with approx uop decoding
   mispredBranches: 15232 # Mispredicted branches
  core-1: # Core stats
   cycles: 1206680004 # Simulated unhalted cycles
   cCycles: 805434 # Cycles due to contention stalls
   instrs: 1668666514 # Simulated instructions
   uops: 1710716920 # Retired micro-ops
   bbls: 266259962 # Basic blocks
   approxInstrs: 11157002 # Instrs with approx uop decoding
   mispredBranches: 15206 # Mispredicted branches
  core-2: # Core stats
   cycles: 1206680001 # Simulated unhalted cycles
   cCycles: 810311 # Cycles due to contention stalls
   instrs: 1671371183 # Simulated instructions
   uops: 1713225323 # Retired micro-ops
   bbls: 266780792 # Basic blocks
   approxInstrs: 11177035 # Instrs with approx uop decoding
   mispredBranches: 15130 # Mispredicted branches
 l1i: # Cache stats
  l1i-0: # Filter cache stats
   fhGETS: 281406319 # Filtered GETS hits
   fhGETX: 0 # Filtered GETX hits
   hGETS: 4122 # GETS hits
   hGETX: 0 # GETX hits
   mGETS: 225 # GETS misses
   mGETXIM: 0 # GETX I->M misses
   mGETXSM: 0 # GETX S->M misses (upgrade misses)
   PUTS: 0 # Clean evictions (from lower level)
   PUTX: 0 # Dirty evictions (from lower level)
   INV: 0 # Invalidates (from upper level)
   INVX: 0 # Downgrades (from upper level)
   FWD: 0 # Forwards (from upper level)
   latGETnl: 13833 # GET request latency on next level
   latGETnet: 0 # GET request latency on network to next level
  l1i-1: # Filter cache stats
   fhGETS: 283055072 # Filtered GETS hits
   fhGETX: 0 # Filtered GETX hits
   hGETS: 4969 # GETS hits
   hGETX: 0 # GETX hits
   mGETS: 168 # GETS misses
   mGETXIM: 0 # GETX I->M misses
   mGETXSM: 0 # GETX S->M misses (upgrade misses)
   PUTS: 0 # Clean evictions (from lower level)
   PUTX: 0 # Dirty evictions (from lower level)
   INV: 0 # Invalidates (from upper level)
   INVX: 0 # Downgrades (from upper level)
   FWD: 0 # Forwards (from upper level)
   latGETnl: 5304 # GET request latency on next level
   latGETnet: 0 # GET request latency on network to next level
  l1i-2: # Filter cache stats
   fhGETS: 283605383 # Filtered GETS hits
   fhGETX: 0 # Filtered GETX hits
   hGETS: 4976 # GETS hits
   hGETX: 0 # GETX hits
   mGETS: 235 # GETS misses
   mGETXIM: 0 # GETX I->M misses
   mGETXSM: 0 # GETX S->M misses (upgrade misses)
   PUTS: 0 # Clean evictions (from lower level)
   PUTX: 0 # Dirty evictions (from lower level)
   INV: 0 # Invalidates (from upper level)
   INVX: 0 # Downgrades (from upper level)
   FWD: 0 # Forwards (from upper level)
   latGETnl: 11090 # GET request latency on next level
   latGETnet: 0 # GET request latency on network to next level
 l1d: # Cache stats
  l1d-0: # Filter cache stats
   fhGETS: 387657761 # Filtered GETS hits
   fhGETX: 67237730 # Filtered GETX hits
   hGETS: 6828592 # GETS hits
   hGETX: 34648377 # GETX hits
   mGETS: 72622351 # GETS misses
   mGETXIM: 13426242 # GETX I->M misses
   mGETXSM: 74 # GETX S->M misses (upgrade misses)
   PUTS: 0 # Clean evictions (from lower level)
   PUTX: 0 # Dirty evictions (from lower level)
   INV: 8 # Invalidates (from upper level)
   INVX: 36332 # Downgrades (from upper level)
   FWD: 0 # Forwards (from upper level)
   latGETnl: 2158990617 # GET request latency on next level
   latGETnet: 0 # GET request latency on network to next level
  l1d-1: # Filter cache stats
   fhGETS: 388526445 # Filtered GETS hits
   fhGETX: 67299817 # Filtered GETX hits
   hGETS: 7457037 # GETS hits
   hGETX: 34990691 # GETX hits
   mGETS: 73033114 # GETS misses
   mGETXIM: 13490422 # GETX I->M misses
   mGETXSM: 85 # GETX S->M misses (upgrade misses)
   PUTS: 0 # Clean evictions (from lower level)
   PUTX: 0 # Dirty evictions (from lower level)
   INV: 26 # Invalidates (from upper level)
   INVX: 55430 # Downgrades (from upper level)
   FWD: 0 # Forwards (from upper level)
   latGETnl: 2183042873 # GET request latency on next level
   latGETnet: 0 # GET request latency on network to next level
  l1d-2: # Filter cache stats
   fhGETS: 388809847 # Filtered GETS hits
   fhGETX: 67298680 # Filtered GETX hits
   hGETS: 7638788 # GETS hits
   hGETX: 35078386 # GETX hits
   mGETS: 73166582 # GETS misses
   mGETXIM: 13495435 # GETX I->M misses
   mGETXSM: 82 # GETX S->M misses (upgrade misses)
   PUTS: 0 # Clean evictions (from lower level)
   PUTX: 0 # Dirty evictions (from lower level)
   INV: 36 # Invalidates (from upper level)
   INVX: 52962 # Downgrades (from upper level)
   FWD: 0 # Forwards (from upper level)
   latGETnl: 2182238391 # GET request latency on next level
   latGETnet: 0 # GET request latency on network to next level
 l2: # Cache stats
  l2-0: # Cache stats
   hGETS: 17 # GETS hits
   hGETX: 5 # GETX hits
   mGETS: 72622559 # GETS misses
   mGETXIM: 13426237 # GETX I->M misses
   mGETXSM: 74 # GETX S->M misses (upgrade misses)
   PUTS: 39406640 # Clean evictions (from lower level)
   PUTX: 46641437 # Dirty evictions (from lower level)
   INV: 112 # Invalidates (from upper level)
   INVX: 2316985 # Downgrades (from upper level)
   FWD: 0 # Forwards (from upper level)
   latGETnl: 1470613314 # GET request latency on next level
   latGETnet: 0 # GET request latency on network to next level
  l2-1: # Cache stats
   hGETS: 0 # GETS hits
   hGETX: 0 # GETX hits
   mGETS: 73033282 # GETS misses
   mGETXIM: 13490422 # GETX I->M misses
   mGETXSM: 85 # GETX S->M misses (upgrade misses)
   PUTS: 39607434 # Clean evictions (from lower level)
   PUTX: 46915564 # Dirty evictions (from lower level)
   INV: 172 # Invalidates (from upper level)
   INVX: 1472359 # Downgrades (from upper level)
   FWD: 0 # Forwards (from upper level)
   latGETnl: 1490857865 # GET request latency on next level
   latGETnet: 0 # GET request latency on network to next level
  l2-2: # Cache stats
   hGETS: 1 # GETS hits
   hGETX: 0 # GETX hits
   mGETS: 73166816 # GETS misses
   mGETXIM: 13495435 # GETX I->M misses
   mGETXSM: 82 # GETX S->M misses (upgrade misses)
   PUTS: 39680685 # Clean evictions (from lower level)
   PUTX: 46980787 # Dirty evictions (from lower level)
   INV: 160 # Invalidates (from upper level)
   INVX: 1027140 # Downgrades (from upper level)
   FWD: 0 # Forwards (from upper level)
   latGETnl: 1488950809 # GET request latency on next level
   latGETnet: 0 # GET request latency on network to next level
 l3: # Cache stats
  l3-0: # Cache stats
   hGETS: 218774330 # GETS hits
   hGETX: 40370812 # GETX hits
   mGETS: 48327 # GETS misses
   mGETXIM: 41523 # GETX I->M misses
   mGETXSM: 0 # GETX S->M misses (upgrade misses)
   PUTS: 118681705 # Clean evictions (from lower level)
   PUTX: 140528026 # Dirty evictions (from lower level)
   INV: 0 # Invalidates (from upper level)
   INVX: 0 # Downgrades (from upper level)
   FWD: 0 # Forwards (from upper level)
   latGETnl: 4312800 # GET request latency on next level
   latGETnet: 0 # GET request latency on network to next level
 mem: # Memory controller stats
  mem-0: # Memory controller stats
   rd: 44923 # Read requests
   wr: 0 # Write requests
   rdlat: 3818858 # Total latency experienced by read requests
   wrlat: 0 # Total latency experienced by write requests
   rdhits: 98 # Read row hits
   wrhits: 0 # Write row hits
   mlh: # latency histogram for memory requests
    0: 0
    1: 0
    2: 0
    3: 0
    4: 0
    5: 0
    6: 6
    7: 32724
    8: 2490
    9: 6947
    10: 460
    11: 134
    12: 154
    13: 130
    14: 495
    15: 226
    16: 674
    17: 47
    18: 26
    19: 26
    20: 24
    21: 25
    22: 43
    23: 36
    24: 42
    25: 39
    26: 33
    27: 46
    28: 23
    29: 24
    30: 8
    31: 6
    32: 18
    33: 4
    34: 3
    35: 3
    36: 5
    37: 1
    38: 1
    39: 0
    40: 0
    41: 0
    42: 0
    43: 0
    44: 0
    45: 0
    46: 0
    47: 0
    48: 0
    49: 0
    50: 0
    51: 0
    52: 0
    53: 0
    54: 0
    55: 0
    56: 0
    57: 0
    58: 0
    59: 0
    60: 0
    61: 0
    62: 0
    63: 0
    64: 0
    65: 0
    66: 0
    67: 0
    68: 0
    69: 0
    70: 0
    71: 0
    72: 0
    73: 0
    74: 0
    75: 0
    76: 0
    77: 0
    78: 0
    79: 0
    80: 0
    81: 0
    82: 0
    83: 0
    84: 0
    85: 0
    86: 0
    87: 0
    88: 0
    89: 0
    90: 0
    91: 0
    92: 0
    93: 0
    94: 0
    95: 0
    96: 0
    97: 0
    98: 0
    99: 0
  mem-1: # Memory controller stats
   rd: 44927 # Read requests
   wr: 0 # Write requests
   rdlat: 3687044 # Total latency experienced by read requests
   wrlat: 0 # Total latency experienced by write requests
   rdhits: 104 # Read row hits
   wrhits: 0 # Write row hits
   mlh: # latency histogram for memory requests
    0: 0
    1: 0
    2: 0
    3: 0
    4: 0
    5: 0
    6: 6
    7: 39258
    8: 2851
    9: 839
    10: 148
    11: 143
    12: 157
    13: 308
    14: 371
    15: 276
    16: 139
    17: 17
    18: 16
    19: 23
    20: 21
    21: 22
    22: 21
    23: 37
    24: 51
    25: 50
    26: 40
    27: 40
    28: 31
    29: 18
    30: 9
    31: 19
    32: 5
    33: 3
    34: 5
    35: 0
    36: 2
    37: 1
    38: 0
    39: 0
    40: 0
    41: 0
    42: 0
    43: 0
    44: 0
    45: 0
    46: 0
    47: 0
    48: 0
    49: 0
    50: 0
    51: 0
    52: 0
    53: 0
    54: 0
    55: 0
    56: 0
    57: 0
    58: 0
    59: 0
    60: 0
    61: 0
    62: 0
    63: 0
    64: 0
    65: 0
    66: 0
    67: 0
    68: 0
    69: 0
    70: 0
    71: 0
    72: 0
    73: 0
    74: 0
    75: 0
    76: 0
    77: 0
    78: 0
    79: 0
    80: 0
    81: 0
    82: 0
    83: 0
    84: 0
    85: 0
    86: 0
    87: 0
    88: 0
    89: 0
    90: 0
    91: 0
    92: 0
    93: 0
    94: 0
    95: 0
    96: 0
    97: 0
    98: 0
    99: 0
 sched: # Scheduler stats
  thCr: 3 # Threads created
  thFn: 0 # Threads finished
  schedEvs: 3 # Schedule events
  waitEvs: 0 # Wait events
  handoffEvs: 0 # Handoff events
  sleepEvs: 0 # Sleep events
  idlePhases: 0 # Phases with no thread active
  idlePeriods: 0 # Periods with no thread active
  occHist: # Occupancy histogram
   0: 0
   1: 0
   2: 0
   3: 120668
  rqSzHist: # Run queue size histogram
   0: 120668
   1: 0
   2: 0
   3: 0
   4: 0
   5: 0
   6: 0
   7: 0
   8: 0
   9: 0
   10: 0
   11: 0
   12: 0
   13: 0
   14: 0
   15: 0
   16: 0
 procCycles: # Per-process unhalted core cycles
  0: 3620040029
  1: 0
  2: 0
  3: 0
  4: 0
  5: 0
  6: 0
  7: 0
  8: 0
  9: 0
  10: 0
  11: 0
  12: 0
  13: 0
  14: 0
  15: 0
  16: 0
  17: 0
  18: 0
  19: 0
  20: 0
  21: 0
  22: 0
  23: 0
  24: 0
  25: 0
  26: 0
  27: 0
  28: 0
  29: 0
  30: 0
  31: 0
  32: 0
  33: 0
  34: 0
  35: 0
  36: 0
  37: 0
  38: 0
  39: 0
  40: 0
  41: 0
  42: 0
  43: 0
  44: 0
  45: 0
  46: 0
  47: 0
  48: 0
  49: 0
  50: 0
  51: 0
  52: 0
  53: 0
  54: 0
  55: 0
  56: 0
  57: 0
  58: 0
  59: 0
  60: 0
  61: 0
  62: 0
  63: 0
 procInstrs: # Per-process instructions
  0: 5000011992
  1: 0
  2: 0
  3: 0
  4: 0
  5: 0
  6: 0
  7: 0
  8: 0
  9: 0
  10: 0
  11: 0
  12: 0
  13: 0
  14: 0
  15: 0
  16: 0
  17: 0
  18: 0
  19: 0
  20: 0
  21: 0
  22: 0
  23: 0
  24: 0
  25: 0
  26: 0
  27: 0
  28: 0
  29: 0
  30: 0
  31: 0
  32: 0
  33: 0
  34: 0
  35: 0
  36: 0
  37: 0
  38: 0
  39: 0
  40: 0
  41: 0
  42: 0
  43: 0
  44: 0
  45: 0
  46: 0
  47: 0
  48: 0
  49: 0
  50: 0
  51: 0
  52: 0
  53: 0
  54: 0
  55: 0
  56: 0
  57: 0
  58: 0
  59: 0
  60: 0
  61: 0
  62: 0
  63: 0
 heartbeats: # Per-process heartbeats
  0: 0
  1: 0
  2: 0
  3: 0
  4: 0
  5: 0
  6: 0
  7: 0
  8: 0
  9: 0
  10: 0
  11: 0
  12: 0
  13: 0
  14: 0
  15: 0
  16: 0
  17: 0
  18: 0
  19: 0
  20: 0
  21: 0
  22: 0
  23: 0
  24: 0
  25: 0
  26: 0
  27: 0
  28: 0
  29: 0
  30: 0
  31: 0
  32: 0
  33: 0
  34: 0
  35: 0
  36: 0
  37: 0
  38: 0
  39: 0
  40: 0
  41: 0
  42: 0
  43: 0
  44: 0
  45: 0
  46: 0
  47: 0
  48: 0
  49: 0
  50: 0
  51: 0
  52: 0
  53: 0
  54: 0
  55: 0
  56: 0
  57: 0
  58: 0
  59: 0
  60: 0
  61: 0
  62: 0
  63: 0
===
