# zsim stats
===
root: # Stats
 contention: # Contention simulation stats
  domain-0: # Domain stats
   time: 40098144195 # Weave simulation time
 time: # Simulator time breakdown
  init: 1061327470
  bound: 455548895311
  weave: 51828784073
  ff: 0
 trigger: 20000 # Reason for this stats dump
 phase: 183364 # Simulated phases
 core: # Core stats
  core-0: # Core stats
   cycles: 1833508765 # Simulated unhalted cycles
   cCycles: 314046084 # Cycles due to contention stalls
   instrs: 2138864087 # Simulated instructions
   uops: 2617940760 # Retired micro-ops
   bbls: 329830478 # Basic blocks
   approxInstrs: 564093 # Instrs with approx uop decoding
   mispredBranches: 1106099 # Mispredicted branches
  core-1: # Core stats
   cycles: 830321973 # Simulated unhalted cycles
   cCycles: 238606145 # Cycles due to contention stalls
   instrs: 408744110 # Simulated instructions
   uops: 384674318 # Retired micro-ops
   bbls: 26759880 # Basic blocks
   approxInstrs: 211 # Instrs with approx uop decoding
   mispredBranches: 904568 # Mispredicted branches
  core-2: # Core stats
   cycles: 830354195 # Simulated unhalted cycles
   cCycles: 238619593 # Cycles due to contention stalls
   instrs: 408728171 # Simulated instructions
   uops: 384659520 # Retired micro-ops
   bbls: 26758577 # Basic blocks
   approxInstrs: 192 # Instrs with approx uop decoding
   mispredBranches: 904985 # Mispredicted branches
  core-3: # Core stats
   cycles: 830323700 # Simulated unhalted cycles
   cCycles: 238598868 # Cycles due to contention stalls
   instrs: 408731857 # Simulated instructions
   uops: 384663837 # Retired micro-ops
   bbls: 26758764 # Basic blocks
   approxInstrs: 192 # Instrs with approx uop decoding
   mispredBranches: 905206 # Mispredicted branches
  core-4: # Core stats
   cycles: 830204080 # Simulated unhalted cycles
   cCycles: 238568460 # Cycles due to contention stalls
   instrs: 408737839 # Simulated instructions
   uops: 384669089 # Retired micro-ops
   bbls: 26759173 # Basic blocks
   approxInstrs: 190 # Instrs with approx uop decoding
   mispredBranches: 905218 # Mispredicted branches
  core-5: # Core stats
   cycles: 830356062 # Simulated unhalted cycles
   cCycles: 238560034 # Cycles due to contention stalls
   instrs: 408725431 # Simulated instructions
   uops: 384658340 # Retired micro-ops
   bbls: 26758300 # Basic blocks
   approxInstrs: 190 # Instrs with approx uop decoding
   mispredBranches: 906148 # Mispredicted branches
  core-6: # Core stats
   cycles: 829561821 # Simulated unhalted cycles
   cCycles: 238018190 # Cycles due to contention stalls
   instrs: 408751219 # Simulated instructions
   uops: 384680542 # Retired micro-ops
   bbls: 26760131 # Basic blocks
   approxInstrs: 192 # Instrs with approx uop decoding
   mispredBranches: 904816 # Mispredicted branches
  core-7: # Core stats
   cycles: 828708632 # Simulated unhalted cycles
   cCycles: 237296024 # Cycles due to contention stalls
   instrs: 408740391 # Simulated instructions
   uops: 384669837 # Retired micro-ops
   bbls: 26759579 # Basic blocks
   approxInstrs: 209 # Instrs with approx uop decoding
   mispredBranches: 904244 # Mispredicted branches
 l1i: # Cache stats
  l1i-0: # Filter cache stats
   fhGETS: 336974288 # Filtered GETS hits
   fhGETX: 0 # Filtered GETX hits
   hGETS: 658 # GETS hits
   hGETX: 0 # GETX hits
   mGETS: 9016 # GETS misses
   mGETXIM: 0 # GETX I->M misses
   mGETXSM: 0 # GETX S->M misses (upgrade misses)
   PUTS: 0 # Clean evictions (from lower level)
   PUTX: 0 # Dirty evictions (from lower level)
   INV: 9002 # Invalidates (from upper level)
   INVX: 0 # Downgrades (from upper level)
   FWD: 0 # Forwards (from upper level)
   latGETnl: 591973 # GET request latency on next level
   latGETnet: 0 # GET request latency on network to next level
  l1i-1: # Filter cache stats
   fhGETS: 31996269 # Filtered GETS hits
   fhGETX: 0 # Filtered GETX hits
   hGETS: 109 # GETS hits
   hGETX: 0 # GETX hits
   mGETS: 7808 # GETS misses
   mGETXIM: 0 # GETX I->M misses
   mGETXSM: 0 # GETX S->M misses (upgrade misses)
   PUTS: 0 # Clean evictions (from lower level)
   PUTX: 0 # Dirty evictions (from lower level)
   INV: 7800 # Invalidates (from upper level)
   INVX: 0 # Downgrades (from upper level)
   FWD: 0 # Forwards (from upper level)
   latGETnl: 250304 # GET request latency on next level
   latGETnet: 0 # GET request latency on network to next level
  l1i-2: # Filter cache stats
   fhGETS: 31997273 # Filtered GETS hits
   fhGETX: 0 # Filtered GETX hits
   hGETS: 73 # GETS hits
   hGETX: 0 # GETX hits
   mGETS: 7706 # GETS misses
   mGETXIM: 0 # GETX I->M misses
   mGETXSM: 0 # GETX S->M misses (upgrade misses)
   PUTS: 0 # Clean evictions (from lower level)
   PUTX: 0 # Dirty evictions (from lower level)
   INV: 7698 # Invalidates (from upper level)
   INVX: 0 # Downgrades (from upper level)
   FWD: 0 # Forwards (from upper level)
   latGETnl: 243386 # GET request latency on next level
   latGETnet: 0 # GET request latency on network to next level
  l1i-3: # Filter cache stats
   fhGETS: 31998530 # Filtered GETS hits
   fhGETX: 0 # Filtered GETX hits
   hGETS: 76 # GETS hits
   hGETX: 0 # GETX hits
   mGETS: 7719 # GETS misses
   mGETXIM: 0 # GETX I->M misses
   mGETXSM: 0 # GETX S->M misses (upgrade misses)
   PUTS: 0 # Clean evictions (from lower level)
   PUTX: 0 # Dirty evictions (from lower level)
   INV: 7711 # Invalidates (from upper level)
   INVX: 0 # Downgrades (from upper level)
   FWD: 0 # Forwards (from upper level)
   latGETnl: 247791 # GET request latency on next level
   latGETnet: 0 # GET request latency on network to next level
  l1i-4: # Filter cache stats
   fhGETS: 31999188 # Filtered GETS hits
   fhGETX: 0 # Filtered GETX hits
   hGETS: 66 # GETS hits
   hGETX: 0 # GETX hits
   mGETS: 7670 # GETS misses
   mGETXIM: 0 # GETX I->M misses
   mGETXSM: 0 # GETX S->M misses (upgrade misses)
   PUTS: 0 # Clean evictions (from lower level)
   PUTX: 0 # Dirty evictions (from lower level)
   INV: 7662 # Invalidates (from upper level)
   INVX: 0 # Downgrades (from upper level)
   FWD: 0 # Forwards (from upper level)
   latGETnl: 245414 # GET request latency on next level
   latGETnet: 0 # GET request latency on network to next level
  l1i-5: # Filter cache stats
   fhGETS: 32002953 # Filtered GETS hits
   fhGETX: 0 # Filtered GETX hits
   hGETS: 73 # GETS hits
   hGETX: 0 # GETX hits
   mGETS: 7679 # GETS misses
   mGETXIM: 0 # GETX I->M misses
   mGETXSM: 0 # GETX S->M misses (upgrade misses)
   PUTS: 0 # Clean evictions (from lower level)
   PUTX: 0 # Dirty evictions (from lower level)
   INV: 7671 # Invalidates (from upper level)
   INVX: 0 # Downgrades (from upper level)
   FWD: 0 # Forwards (from upper level)
   latGETnl: 235655 # GET request latency on next level
   latGETnet: 0 # GET request latency on network to next level
  l1i-6: # Filter cache stats
   fhGETS: 31998077 # Filtered GETS hits
   fhGETX: 0 # Filtered GETX hits
   hGETS: 72 # GETS hits
   hGETX: 0 # GETX hits
   mGETS: 7697 # GETS misses
   mGETXIM: 0 # GETX I->M misses
   mGETXSM: 0 # GETX S->M misses (upgrade misses)
   PUTS: 0 # Clean evictions (from lower level)
   PUTX: 0 # Dirty evictions (from lower level)
   INV: 7689 # Invalidates (from upper level)
   INVX: 0 # Downgrades (from upper level)
   FWD: 0 # Forwards (from upper level)
   latGETnl: 243977 # GET request latency on next level
   latGETnet: 0 # GET request latency on network to next level
  l1i-7: # Filter cache stats
   fhGETS: 31994553 # Filtered GETS hits
   fhGETX: 0 # Filtered GETX hits
   hGETS: 87 # GETS hits
   hGETX: 0 # GETX hits
   mGETS: 7768 # GETS misses
   mGETXIM: 0 # GETX I->M misses
   mGETXSM: 0 # GETX S->M misses (upgrade misses)
   PUTS: 0 # Clean evictions (from lower level)
   PUTX: 0 # Dirty evictions (from lower level)
   INV: 7760 # Invalidates (from upper level)
   INVX: 0 # Downgrades (from upper level)
   FWD: 0 # Forwards (from upper level)
   latGETnl: 253096 # GET request latency on next level
   latGETnet: 0 # GET request latency on network to next level
 l1d: # Cache stats
  l1d-0: # Filter cache stats
   fhGETS: 567790033 # Filtered GETS hits
   fhGETX: 273352926 # Filtered GETX hits
   hGETS: 4033445 # GETS hits
   hGETX: 3736035 # GETX hits
   mGETS: 8909842 # GETS misses
   mGETXIM: 1865459 # GETX I->M misses
   mGETXSM: 67778 # GETX S->M misses (upgrade misses)
   PUTS: 0 # Clean evictions (from lower level)
   PUTX: 0 # Dirty evictions (from lower level)
   INV: 16054 # Invalidates (from upper level)
   INVX: 3120 # Downgrades (from upper level)
   FWD: 0 # Forwards (from upper level)
   latGETnl: 725930601 # GET request latency on next level
   latGETnet: 0 # GET request latency on network to next level
  l1d-1: # Filter cache stats
   fhGETS: 38883293 # Filtered GETS hits
   fhGETX: 357501 # Filtered GETX hits
   hGETS: 2758181 # GETS hits
   hGETX: 139308 # GETX hits
   mGETS: 6854079 # GETS misses
   mGETXIM: 62654 # GETX I->M misses
   mGETXSM: 618 # GETX S->M misses (upgrade misses)
   PUTS: 0 # Clean evictions (from lower level)
   PUTX: 0 # Dirty evictions (from lower level)
   INV: 19069 # Invalidates (from upper level)
   INVX: 4041 # Downgrades (from upper level)
   FWD: 0 # Forwards (from upper level)
   latGETnl: 503321421 # GET request latency on next level
   latGETnet: 0 # GET request latency on network to next level
  l1d-2: # Filter cache stats
   fhGETS: 38895876 # Filtered GETS hits
   fhGETX: 357578 # Filtered GETX hits
   hGETS: 2743541 # GETS hits
   hGETX: 139943 # GETX hits
   mGETS: 6853768 # GETS misses
   mGETXIM: 62640 # GETX I->M misses
   mGETXSM: 261 # GETX S->M misses (upgrade misses)
   PUTS: 0 # Clean evictions (from lower level)
   PUTX: 0 # Dirty evictions (from lower level)
   INV: 18954 # Invalidates (from upper level)
   INVX: 3699 # Downgrades (from upper level)
   FWD: 0 # Forwards (from upper level)
   latGETnl: 503276736 # GET request latency on next level
   latGETnet: 0 # GET request latency on network to next level
  l1d-3: # Filter cache stats
   fhGETS: 38892905 # Filtered GETS hits
   fhGETX: 357948 # Filtered GETX hits
   hGETS: 2746782 # GETS hits
   hGETX: 140385 # GETX hits
   mGETS: 6853848 # GETS misses
   mGETXIM: 62641 # GETX I->M misses
   mGETXSM: 191 # GETX S->M misses (upgrade misses)
   PUTS: 0 # Clean evictions (from lower level)
   PUTX: 0 # Dirty evictions (from lower level)
   INV: 18834 # Invalidates (from upper level)
   INVX: 3662 # Downgrades (from upper level)
   FWD: 0 # Forwards (from upper level)
   latGETnl: 503217192 # GET request latency on next level
   latGETnet: 0 # GET request latency on network to next level
  l1d-4: # Filter cache stats
   fhGETS: 38879398 # Filtered GETS hits
   fhGETX: 357687 # Filtered GETX hits
   hGETS: 2760906 # GETS hits
   hGETX: 140008 # GETX hits
   mGETS: 6853974 # GETS misses
   mGETXIM: 62640 # GETX I->M misses
   mGETXSM: 552 # GETX S->M misses (upgrade misses)
   PUTS: 0 # Clean evictions (from lower level)
   PUTX: 0 # Dirty evictions (from lower level)
   INV: 19027 # Invalidates (from upper level)
   INVX: 3697 # Downgrades (from upper level)
   FWD: 0 # Forwards (from upper level)
   latGETnl: 503212541 # GET request latency on next level
   latGETnet: 0 # GET request latency on network to next level
  l1d-5: # Filter cache stats
   fhGETS: 38909801 # Filtered GETS hits
   fhGETX: 358310 # Filtered GETX hits
   hGETS: 2729115 # GETS hits
   hGETX: 140578 # GETX hits
   mGETS: 6853782 # GETS misses
   mGETXIM: 62639 # GETX I->M misses
   mGETXSM: 227 # GETX S->M misses (upgrade misses)
   PUTS: 0 # Clean evictions (from lower level)
   PUTX: 0 # Dirty evictions (from lower level)
   INV: 19100 # Invalidates (from upper level)
   INVX: 3815 # Downgrades (from upper level)
   FWD: 0 # Forwards (from upper level)
   latGETnl: 502974396 # GET request latency on next level
   latGETnet: 0 # GET request latency on network to next level
  l1d-6: # Filter cache stats
   fhGETS: 38888890 # Filtered GETS hits
   fhGETX: 356940 # Filtered GETX hits
   hGETS: 2752885 # GETS hits
   hGETX: 139896 # GETX hits
   mGETS: 6854224 # GETS misses
   mGETXIM: 62639 # GETX I->M misses
   mGETXSM: 349 # GETX S->M misses (upgrade misses)
   PUTS: 0 # Clean evictions (from lower level)
   PUTX: 0 # Dirty evictions (from lower level)
   INV: 18953 # Invalidates (from upper level)
   INVX: 3465 # Downgrades (from upper level)
   FWD: 0 # Forwards (from upper level)
   latGETnl: 501988135 # GET request latency on next level
   latGETnet: 0 # GET request latency on network to next level
  l1d-7: # Filter cache stats
   fhGETS: 38905831 # Filtered GETS hits
   fhGETX: 356802 # Filtered GETX hits
   hGETS: 2735156 # GETS hits
   hGETX: 139419 # GETX hits
   mGETS: 6854022 # GETS misses
   mGETXIM: 62650 # GETX I->M misses
   mGETXSM: 309 # GETX S->M misses (upgrade misses)
   PUTS: 0 # Clean evictions (from lower level)
   PUTX: 0 # Dirty evictions (from lower level)
   INV: 19038 # Invalidates (from upper level)
   INVX: 2867 # Downgrades (from upper level)
   FWD: 0 # Forwards (from upper level)
   latGETnl: 501207573 # GET request latency on next level
   latGETnet: 0 # GET request latency on network to next level
 l2: # Cache stats
  l2-0: # Cache stats
   hGETS: 310217 # GETS hits
   hGETX: 4 # GETX hits
   mGETS: 8608641 # GETS misses
   mGETXIM: 1865455 # GETX I->M misses
   mGETXSM: 67778 # GETX S->M misses (upgrade misses)
   PUTS: 7202300 # Clean evictions (from lower level)
   PUTX: 3556442 # Dirty evictions (from lower level)
   INV: 4081706 # Invalidates (from upper level)
   INVX: 45110 # Downgrades (from upper level)
   FWD: 0 # Forwards (from upper level)
   latGETnl: 639705814 # GET request latency on next level
   latGETnet: 0 # GET request latency on network to next level
  l2-1: # Cache stats
   hGETS: 2778 # GETS hits
   hGETX: 0 # GETX hits
   mGETS: 6859109 # GETS misses
   mGETXIM: 62654 # GETX I->M misses
   mGETXSM: 618 # GETX S->M misses (upgrade misses)
   PUTS: 6706855 # Clean evictions (from lower level)
   PUTX: 190297 # Dirty evictions (from lower level)
   INV: 4190741 # Invalidates (from upper level)
   INVX: 37359 # Downgrades (from upper level)
   FWD: 0 # Forwards (from upper level)
   latGETnl: 448170453 # GET request latency on next level
   latGETnet: 0 # GET request latency on network to next level
  l2-2: # Cache stats
   hGETS: 2705 # GETS hits
   hGETX: 0 # GETX hits
   mGETS: 6858769 # GETS misses
   mGETXIM: 62640 # GETX I->M misses
   mGETXSM: 261 # GETX S->M misses (upgrade misses)
   PUTS: 6706516 # Clean evictions (from lower level)
   PUTX: 190427 # Dirty evictions (from lower level)
   INV: 4214171 # Invalidates (from upper level)
   INVX: 34970 # Downgrades (from upper level)
   FWD: 0 # Forwards (from upper level)
   latGETnl: 448125122 # GET request latency on next level
   latGETnet: 0 # GET request latency on network to next level
  l2-3: # Cache stats
   hGETS: 2760 # GETS hits
   hGETX: 0 # GETX hits
   mGETS: 6858807 # GETS misses
   mGETXIM: 62641 # GETX I->M misses
   mGETXSM: 191 # GETX S->M misses (upgrade misses)
   PUTS: 6706359 # Clean evictions (from lower level)
   PUTX: 190785 # Dirty evictions (from lower level)
   INV: 4209578 # Invalidates (from upper level)
   INVX: 34437 # Downgrades (from upper level)
   FWD: 0 # Forwards (from upper level)
   latGETnl: 448069791 # GET request latency on next level
   latGETnet: 0 # GET request latency on network to next level
  l2-4: # Cache stats
   hGETS: 2513 # GETS hits
   hGETX: 0 # GETX hits
   mGETS: 6859131 # GETS misses
   mGETXIM: 62640 # GETX I->M misses
   mGETXSM: 552 # GETX S->M misses (upgrade misses)
   PUTS: 6706478 # Clean evictions (from lower level)
   PUTX: 190598 # Dirty evictions (from lower level)
   INV: 4210879 # Invalidates (from upper level)
   INVX: 32955 # Downgrades (from upper level)
   FWD: 0 # Forwards (from upper level)
   latGETnl: 448059267 # GET request latency on next level
   latGETnet: 0 # GET request latency on network to next level
  l2-5: # Cache stats
   hGETS: 2536 # GETS hits
   hGETX: 0 # GETX hits
   mGETS: 6858925 # GETS misses
   mGETXIM: 62639 # GETX I->M misses
   mGETXSM: 227 # GETX S->M misses (upgrade misses)
   PUTS: 6706019 # Clean evictions (from lower level)
   PUTX: 190790 # Dirty evictions (from lower level)
   INV: 4203757 # Invalidates (from upper level)
   INVX: 33654 # Downgrades (from upper level)
   FWD: 0 # Forwards (from upper level)
   latGETnl: 447815435 # GET request latency on next level
   latGETnet: 0 # GET request latency on network to next level
  l2-6: # Cache stats
   hGETS: 2549 # GETS hits
   hGETX: 0 # GETX hits
   mGETS: 6859372 # GETS misses
   mGETXIM: 62639 # GETX I->M misses
   mGETXSM: 349 # GETX S->M misses (upgrade misses)
   PUTS: 6707124 # Clean evictions (from lower level)
   PUTX: 190274 # Dirty evictions (from lower level)
   INV: 4195167 # Invalidates (from upper level)
   INVX: 28408 # Downgrades (from upper level)
   FWD: 0 # Forwards (from upper level)
   latGETnl: 446832840 # GET request latency on next level
   latGETnet: 0 # GET request latency on network to next level
  l2-7: # Cache stats
   hGETS: 2748 # GETS hits
   hGETX: 0 # GETX hits
   mGETS: 6859042 # GETS misses
   mGETXIM: 62650 # GETX I->M misses
   mGETXSM: 309 # GETX S->M misses (upgrade misses)
   PUTS: 6707327 # Clean evictions (from lower level)
   PUTX: 189796 # Dirty evictions (from lower level)
   INV: 4195362 # Invalidates (from upper level)
   INVX: 23229 # Downgrades (from upper level)
   FWD: 0 # Forwards (from upper level)
   latGETnl: 446062677 # GET request latency on next level
   latGETnet: 0 # GET request latency on network to next level
 l3: # Cache stats
  l3-0: # Cache stats
   hGETS: 1274191 # GETS hits
   hGETX: 75130 # GETX hits
   mGETS: 55347605 # GETS misses
   mGETXIM: 2299113 # GETX I->M misses
   mGETXSM: 0 # GETX S->M misses (upgrade misses)
   PUTS: 21810405 # Clean evictions (from lower level)
   PUTX: 3558737 # Dirty evictions (from lower level)
   INV: 0 # Invalidates (from upper level)
   INVX: 0 # Downgrades (from upper level)
   FWD: 0 # Forwards (from upper level)
   latGETnl: 2767042464 # GET request latency on next level
   latGETnet: 0 # GET request latency on network to next level
 mem: # Memory controller stats
  mem-0: # Memory controller stats
   rd: 31512729 # Read requests
   wr: 1908964 # Write requests
   rdlat: 2853787969 # Total latency experienced by read requests
   wrlat: 418038263 # Total latency experienced by write requests
   rdhits: 59878 # Read row hits
   wrhits: 31893 # Write row hits
   mlh: # latency histogram for memory requests
    0: 0
    1: 0
    2: 0
    3: 0
    4: 0
    5: 4
    6: 1167
    7: 15892630
    8: 9132457
    9: 2322813
    10: 755413
    11: 353155
    12: 362037
    13: 604787
    14: 429713
    15: 390718
    16: 369821
    17: 110663
    18: 72120
    19: 68742
    20: 57148
    21: 73318
    22: 80988
    23: 45101
    24: 41587
    25: 43728
    26: 42415
    27: 37903
    28: 43381
    29: 41804
    30: 40612
    31: 33260
    32: 19531
    33: 11053
    34: 6955
    35: 5232
    36: 4410
    37: 3720
    38: 2947
    39: 2456
    40: 1949
    41: 1285
    42: 898
    43: 825
    44: 809
    45: 588
    46: 495
    47: 386
    48: 306
    49: 228
    50: 201
    51: 163
    52: 148
    53: 117
    54: 95
    55: 94
    56: 61
    57: 55
    58: 54
    59: 41
    60: 25
    61: 25
    62: 18
    63: 20
    64: 13
    65: 8
    66: 4
    67: 4
    68: 6
    69: 2
    70: 2
    71: 4
    72: 0
    73: 0
    74: 2
    75: 2
    76: 0
    77: 1
    78: 2
    79: 1
    80: 0
    81: 0
    82: 1
    83: 0
    84: 1
    85: 0
    86: 0
    87: 0
    88: 0
    89: 0
    90: 0
    91: 1
    92: 0
    93: 0
    94: 0
    95: 0
    96: 0
    97: 0
    98: 0
    99: 0
  mem-1: # Memory controller stats
   rd: 26133710 # Read requests
   wr: 1909011 # Write requests
   rdlat: 2219031696 # Total latency experienced by read requests
   wrlat: 339723744 # Total latency experienced by write requests
   rdhits: 38556 # Read row hits
   wrhits: 24228 # Write row hits
   mlh: # latency histogram for memory requests
    0: 0
    1: 0
    2: 0
    3: 0
    4: 0
    5: 0
    6: 558
    7: 16314719
    8: 6529738
    9: 1770511
    10: 374217
    11: 130197
    12: 103688
    13: 102309
    14: 117892
    15: 136014
    16: 133289
    17: 29036
    18: 21268
    19: 17137
    20: 13864
    21: 18973
    22: 51340
    23: 21454
    24: 25262
    25: 30378
    26: 41886
    27: 28949
    28: 31006
    29: 26842
    30: 23756
    31: 16306
    32: 8483
    33: 3633
    34: 1872
    35: 1313
    36: 1181
    37: 997
    38: 873
    39: 655
    40: 609
    41: 719
    42: 307
    43: 399
    44: 588
    45: 232
    46: 226
    47: 201
    48: 170
    49: 112
    50: 105
    51: 64
    52: 64
    53: 74
    54: 49
    55: 34
    56: 25
    57: 25
    58: 15
    59: 36
    60: 2
    61: 7
    62: 8
    63: 7
    64: 32
    65: 3
    66: 0
    67: 1
    68: 0
    69: 0
    70: 0
    71: 0
    72: 0
    73: 0
    74: 0
    75: 0
    76: 0
    77: 0
    78: 0
    79: 0
    80: 0
    81: 0
    82: 0
    83: 0
    84: 0
    85: 0
    86: 0
    87: 0
    88: 0
    89: 0
    90: 0
    91: 0
    92: 0
    93: 0
    94: 0
    95: 0
    96: 0
    97: 0
    98: 0
    99: 0
 sched: # Scheduler stats
  thCr: 8 # Threads created
  thFn: 0 # Threads finished
  schedEvs: 8 # Schedule events
  waitEvs: 0 # Wait events
  handoffEvs: 0 # Handoff events
  sleepEvs: 0 # Sleep events
  idlePhases: 0 # Phases with no thread active
  idlePeriods: 0 # Periods with no thread active
  occHist: # Occupancy histogram
   0: 0
   1: 80467
   2: 1
   3: 0
   4: 0
   5: 0
   6: 0
   7: 0
   8: 102896
  rqSzHist: # Run queue size histogram
   0: 183364
   1: 0
   2: 0
   3: 0
   4: 0
   5: 0
   6: 0
   7: 0
   8: 0
   9: 0
   10: 0
   11: 0
   12: 0
   13: 0
   14: 0
   15: 0
   16: 0
 procCycles: # Per-process unhalted core cycles
  0: 7643339228
  1: 0
  2: 0
  3: 0
  4: 0
  5: 0
  6: 0
  7: 0
  8: 0
  9: 0
  10: 0
  11: 0
  12: 0
  13: 0
  14: 0
  15: 0
  16: 0
  17: 0
  18: 0
  19: 0
  20: 0
  21: 0
  22: 0
  23: 0
  24: 0
  25: 0
  26: 0
  27: 0
  28: 0
  29: 0
  30: 0
  31: 0
  32: 0
  33: 0
  34: 0
  35: 0
  36: 0
  37: 0
  38: 0
  39: 0
  40: 0
  41: 0
  42: 0
  43: 0
  44: 0
  45: 0
  46: 0
  47: 0
  48: 0
  49: 0
  50: 0
  51: 0
  52: 0
  53: 0
  54: 0
  55: 0
  56: 0
  57: 0
  58: 0
  59: 0
  60: 0
  61: 0
  62: 0
  63: 0
 procInstrs: # Per-process instructions
  0: 5000023105
  1: 0
  2: 0
  3: 0
  4: 0
  5: 0
  6: 0
  7: 0
  8: 0
  9: 0
  10: 0
  11: 0
  12: 0
  13: 0
  14: 0
  15: 0
  16: 0
  17: 0
  18: 0
  19: 0
  20: 0
  21: 0
  22: 0
  23: 0
  24: 0
  25: 0
  26: 0
  27: 0
  28: 0
  29: 0
  30: 0
  31: 0
  32: 0
  33: 0
  34: 0
  35: 0
  36: 0
  37: 0
  38: 0
  39: 0
  40: 0
  41: 0
  42: 0
  43: 0
  44: 0
  45: 0
  46: 0
  47: 0
  48: 0
  49: 0
  50: 0
  51: 0
  52: 0
  53: 0
  54: 0
  55: 0
  56: 0
  57: 0
  58: 0
  59: 0
  60: 0
  61: 0
  62: 0
  63: 0
 heartbeats: # Per-process heartbeats
  0: 0
  1: 0
  2: 0
  3: 0
  4: 0
  5: 0
  6: 0
  7: 0
  8: 0
  9: 0
  10: 0
  11: 0
  12: 0
  13: 0
  14: 0
  15: 0
  16: 0
  17: 0
  18: 0
  19: 0
  20: 0
  21: 0
  22: 0
  23: 0
  24: 0
  25: 0
  26: 0
  27: 0
  28: 0
  29: 0
  30: 0
  31: 0
  32: 0
  33: 0
  34: 0
  35: 0
  36: 0
  37: 0
  38: 0
  39: 0
  40: 0
  41: 0
  42: 0
  43: 0
  44: 0
  45: 0
  46: 0
  47: 0
  48: 0
  49: 0
  50: 0
  51: 0
  52: 0
  53: 0
  54: 0
  55: 0
  56: 0
  57: 0
  58: 0
  59: 0
  60: 0
  61: 0
  62: 0
  63: 0
===
