# zsim stats
===
root: # Stats
 contention: # Contention simulation stats
  domain-0: # Domain stats
   time: 12871373485 # Weave simulation time
 time: # Simulator time breakdown
  init: 12209700542
  bound: 495429033619
  weave: 20225364215
  ff: 0
 trigger: 20000 # Reason for this stats dump
 phase: 80658 # Simulated phases
 core: # Core stats
  core-0: # Core stats
   cycles: 806581561 # Simulated unhalted cycles
   cCycles: 109561285 # Cycles due to contention stalls
   instrs: 833685045 # Simulated instructions
   uops: 997747526 # Retired micro-ops
   bbls: 107454038 # Basic blocks
   approxInstrs: 16640791 # Instrs with approx uop decoding
   mispredBranches: 959857 # Mispredicted branches
  core-1: # Core stats
   cycles: 806560518 # Simulated unhalted cycles
   cCycles: 110195426 # Cycles due to contention stalls
   instrs: 832441648 # Simulated instructions
   uops: 996259588 # Retired micro-ops
   bbls: 107293162 # Basic blocks
   approxInstrs: 16616358 # Instrs with approx uop decoding
   mispredBranches: 965810 # Mispredicted branches
  core-2: # Core stats
   cycles: 806552132 # Simulated unhalted cycles
   cCycles: 109753829 # Cycles due to contention stalls
   instrs: 833274429 # Simulated instructions
   uops: 997256364 # Retired micro-ops
   bbls: 107400535 # Basic blocks
   approxInstrs: 16632969 # Instrs with approx uop decoding
   mispredBranches: 959178 # Mispredicted branches
  core-3: # Core stats
   cycles: 806552683 # Simulated unhalted cycles
   cCycles: 109316241 # Cycles due to contention stalls
   instrs: 833957995 # Simulated instructions
   uops: 998074250 # Retired micro-ops
   bbls: 107488684 # Basic blocks
   approxInstrs: 16646365 # Instrs with approx uop decoding
   mispredBranches: 959985 # Mispredicted branches
  core-4: # Core stats
   cycles: 806552464 # Simulated unhalted cycles
   cCycles: 109678914 # Cycles due to contention stalls
   instrs: 833057320 # Simulated instructions
   uops: 996996545 # Retired micro-ops
   bbls: 107372475 # Basic blocks
   approxInstrs: 16628679 # Instrs with approx uop decoding
   mispredBranches: 966460 # Mispredicted branches
  core-5: # Core stats
   cycles: 806551638 # Simulated unhalted cycles
   cCycles: 109479448 # Cycles due to contention stalls
   instrs: 833604016 # Simulated instructions
   uops: 997650786 # Retired micro-ops
   bbls: 107443017 # Basic blocks
   approxInstrs: 16639530 # Instrs with approx uop decoding
   mispredBranches: 959576 # Mispredicted branches
 l1i: # Cache stats
  l1i-0: # Filter cache stats
   fhGETS: 142974248 # Filtered GETS hits
   fhGETX: 0 # Filtered GETX hits
   hGETS: 332 # GETS hits
   hGETX: 0 # GETX hits
   mGETS: 245 # GETS misses
   mGETXIM: 0 # GETX I->M misses
   mGETXSM: 0 # GETX S->M misses (upgrade misses)
   PUTS: 0 # Clean evictions (from lower level)
   PUTX: 0 # Dirty evictions (from lower level)
   INV: 0 # Invalidates (from upper level)
   INVX: 0 # Downgrades (from upper level)
   FWD: 0 # Forwards (from upper level)
   latGETnl: 16476 # GET request latency on next level
   latGETnet: 0 # GET request latency on network to next level
  l1i-1: # Filter cache stats
   fhGETS: 142798134 # Filtered GETS hits
   fhGETX: 0 # Filtered GETX hits
   hGETS: 46 # GETS hits
   hGETX: 0 # GETX hits
   mGETS: 115 # GETS misses
   mGETXIM: 0 # GETX I->M misses
   mGETXSM: 0 # GETX S->M misses (upgrade misses)
   PUTS: 0 # Clean evictions (from lower level)
   PUTX: 0 # Dirty evictions (from lower level)
   INV: 0 # Invalidates (from upper level)
   INVX: 0 # Downgrades (from upper level)
   FWD: 0 # Forwards (from upper level)
   latGETnl: 4363 # GET request latency on next level
   latGETnet: 0 # GET request latency on network to next level
  l1i-2: # Filter cache stats
   fhGETS: 142903233 # Filtered GETS hits
   fhGETX: 0 # Filtered GETX hits
   hGETS: 0 # GETS hits
   hGETX: 0 # GETX hits
   mGETS: 47 # GETS misses
   mGETXIM: 0 # GETX I->M misses
   mGETXSM: 0 # GETX S->M misses (upgrade misses)
   PUTS: 0 # Clean evictions (from lower level)
   PUTX: 0 # Dirty evictions (from lower level)
   INV: 0 # Invalidates (from upper level)
   INVX: 0 # Downgrades (from upper level)
   FWD: 0 # Forwards (from upper level)
   latGETnl: 1223 # GET request latency on next level
   latGETnet: 0 # GET request latency on network to next level
  l1i-3: # Filter cache stats
   fhGETS: 143020615 # Filtered GETS hits
   fhGETX: 0 # Filtered GETX hits
   hGETS: 0 # GETS hits
   hGETX: 0 # GETX hits
   mGETS: 45 # GETS misses
   mGETXIM: 0 # GETX I->M misses
   mGETXSM: 0 # GETX S->M misses (upgrade misses)
   PUTS: 0 # Clean evictions (from lower level)
   PUTX: 0 # Dirty evictions (from lower level)
   INV: 0 # Invalidates (from upper level)
   INVX: 0 # Downgrades (from upper level)
   FWD: 0 # Forwards (from upper level)
   latGETnl: 1173 # GET request latency on next level
   latGETnet: 0 # GET request latency on network to next level
  l1i-4: # Filter cache stats
   fhGETS: 142903584 # Filtered GETS hits
   fhGETX: 0 # Filtered GETX hits
   hGETS: 0 # GETS hits
   hGETX: 0 # GETX hits
   mGETS: 47 # GETS misses
   mGETXIM: 0 # GETX I->M misses
   mGETXSM: 0 # GETX S->M misses (upgrade misses)
   PUTS: 0 # Clean evictions (from lower level)
   PUTX: 0 # Dirty evictions (from lower level)
   INV: 0 # Invalidates (from upper level)
   INVX: 0 # Downgrades (from upper level)
   FWD: 0 # Forwards (from upper level)
   latGETnl: 1319 # GET request latency on next level
   latGETnet: 0 # GET request latency on network to next level
  l1i-5: # Filter cache stats
   fhGETS: 142959752 # Filtered GETS hits
   fhGETX: 0 # Filtered GETX hits
   hGETS: 3 # GETS hits
   hGETX: 0 # GETX hits
   mGETS: 110 # GETS misses
   mGETXIM: 0 # GETX I->M misses
   mGETXSM: 0 # GETX S->M misses (upgrade misses)
   PUTS: 0 # Clean evictions (from lower level)
   PUTX: 0 # Dirty evictions (from lower level)
   INV: 0 # Invalidates (from upper level)
   INVX: 0 # Downgrades (from upper level)
   FWD: 0 # Forwards (from upper level)
   latGETnl: 3758 # GET request latency on next level
   latGETnet: 0 # GET request latency on network to next level
 l1d: # Cache stats
  l1d-0: # Filter cache stats
   fhGETS: 242988367 # Filtered GETS hits
   fhGETX: 39775937 # Filtered GETX hits
   hGETS: 16439755 # GETS hits
   hGETX: 6271260 # GETX hits
   mGETS: 2878085 # GETS misses
   mGETXIM: 116 # GETX I->M misses
   mGETXSM: 3 # GETX S->M misses (upgrade misses)
   PUTS: 0 # Clean evictions (from lower level)
   PUTX: 0 # Dirty evictions (from lower level)
   INV: 23 # Invalidates (from upper level)
   INVX: 84 # Downgrades (from upper level)
   FWD: 0 # Forwards (from upper level)
   latGETnl: 210108143 # GET request latency on next level
   latGETnet: 0 # GET request latency on network to next level
  l1d-1: # Filter cache stats
   fhGETS: 254101971 # Filtered GETS hits
   fhGETX: 45259299 # Filtered GETX hits
   hGETS: 4939819 # GETS hits
   hGETX: 718353 # GETX hits
   mGETS: 2873752 # GETS misses
   mGETXIM: 19 # GETX I->M misses
   mGETXSM: 8 # GETX S->M misses (upgrade misses)
   PUTS: 0 # Clean evictions (from lower level)
   PUTX: 0 # Dirty evictions (from lower level)
   INV: 4 # Invalidates (from upper level)
   INVX: 18 # Downgrades (from upper level)
   FWD: 0 # Forwards (from upper level)
   latGETnl: 209780267 # GET request latency on next level
   latGETnet: 0 # GET request latency on network to next level
  l1d-2: # Filter cache stats
   fhGETS: 254358026 # Filtered GETS hits
   fhGETX: 45304423 # Filtered GETX hits
   hGETS: 4943161 # GETS hits
   hGETX: 719136 # GETX hits
   mGETS: 2876514 # GETS misses
   mGETXIM: 6 # GETX I->M misses
   mGETXSM: 4 # GETX S->M misses (upgrade misses)
   PUTS: 0 # Clean evictions (from lower level)
   PUTX: 0 # Dirty evictions (from lower level)
   INV: 3 # Invalidates (from upper level)
   INVX: 6 # Downgrades (from upper level)
   FWD: 0 # Forwards (from upper level)
   latGETnl: 209984056 # GET request latency on next level
   latGETnet: 0 # GET request latency on network to next level
  l1d-3: # Filter cache stats
   fhGETS: 254564747 # Filtered GETS hits
   fhGETX: 45341462 # Filtered GETX hits
   hGETS: 4948964 # GETS hits
   hGETX: 719872 # GETX hits
   mGETS: 2878904 # GETS misses
   mGETXIM: 6 # GETX I->M misses
   mGETXSM: 4 # GETX S->M misses (upgrade misses)
   PUTS: 0 # Clean evictions (from lower level)
   PUTX: 0 # Dirty evictions (from lower level)
   INV: 2 # Invalidates (from upper level)
   INVX: 1 # Downgrades (from upper level)
   FWD: 0 # Forwards (from upper level)
   latGETnl: 210158814 # GET request latency on next level
   latGETnet: 0 # GET request latency on network to next level
  l1d-4: # Filter cache stats
   fhGETS: 254291786 # Filtered GETS hits
   fhGETX: 45292617 # Filtered GETX hits
   hGETS: 4941765 # GETS hits
   hGETX: 718912 # GETX hits
   mGETS: 2875789 # GETS misses
   mGETXIM: 6 # GETX I->M misses
   mGETXSM: 4 # GETX S->M misses (upgrade misses)
   PUTS: 0 # Clean evictions (from lower level)
   PUTX: 0 # Dirty evictions (from lower level)
   INV: 3 # Invalidates (from upper level)
   INVX: 7 # Downgrades (from upper level)
   FWD: 0 # Forwards (from upper level)
   latGETnl: 209930555 # GET request latency on next level
   latGETnet: 0 # GET request latency on network to next level
  l1d-5: # Filter cache stats
   fhGETS: 254456919 # Filtered GETS hits
   fhGETX: 45322419 # Filtered GETX hits
   hGETS: 4946729 # GETS hits
   hGETX: 719379 # GETX hits
   mGETS: 2877701 # GETS misses
   mGETXIM: 18 # GETX I->M misses
   mGETXSM: 5 # GETX S->M misses (upgrade misses)
   PUTS: 0 # Clean evictions (from lower level)
   PUTX: 0 # Dirty evictions (from lower level)
   INV: 1 # Invalidates (from upper level)
   INVX: 14 # Downgrades (from upper level)
   FWD: 0 # Forwards (from upper level)
   latGETnl: 210070352 # GET request latency on next level
   latGETnet: 0 # GET request latency on network to next level
 l2: # Cache stats
  l2-0: # Cache stats
   hGETS: 2 # GETS hits
   hGETX: 0 # GETX hits
   mGETS: 2878328 # GETS misses
   mGETXIM: 116 # GETX I->M misses
   mGETXSM: 3 # GETX S->M misses (upgrade misses)
   PUTS: 2877567 # Clean evictions (from lower level)
   PUTX: 102 # Dirty evictions (from lower level)
   INV: 28 # Invalidates (from upper level)
   INVX: 129 # Downgrades (from upper level)
   FWD: 0 # Forwards (from upper level)
   latGETnl: 187097027 # GET request latency on next level
   latGETnet: 0 # GET request latency on network to next level
  l2-1: # Cache stats
   hGETS: 0 # GETS hits
   hGETX: 0 # GETX hits
   mGETS: 2873867 # GETS misses
   mGETXIM: 19 # GETX I->M misses
   mGETXSM: 8 # GETX S->M misses (upgrade misses)
   PUTS: 2873235 # Clean evictions (from lower level)
   PUTX: 20 # Dirty evictions (from lower level)
   INV: 4 # Invalidates (from upper level)
   INVX: 19 # Downgrades (from upper level)
   FWD: 0 # Forwards (from upper level)
   latGETnl: 186793478 # GET request latency on next level
   latGETnet: 0 # GET request latency on network to next level
  l2-2: # Cache stats
   hGETS: 0 # GETS hits
   hGETX: 0 # GETX hits
   mGETS: 2876561 # GETS misses
   mGETXIM: 6 # GETX I->M misses
   mGETXSM: 4 # GETX S->M misses (upgrade misses)
   PUTS: 2875999 # Clean evictions (from lower level)
   PUTX: 6 # Dirty evictions (from lower level)
   INV: 3 # Invalidates (from upper level)
   INVX: 32 # Downgrades (from upper level)
   FWD: 0 # Forwards (from upper level)
   latGETnl: 186972711 # GET request latency on next level
   latGETnet: 0 # GET request latency on network to next level
  l2-3: # Cache stats
   hGETS: 0 # GETS hits
   hGETX: 0 # GETX hits
   mGETS: 2878949 # GETS misses
   mGETXIM: 6 # GETX I->M misses
   mGETXSM: 4 # GETX S->M misses (upgrade misses)
   PUTS: 2878389 # Clean evictions (from lower level)
   PUTX: 7 # Dirty evictions (from lower level)
   INV: 2 # Invalidates (from upper level)
   INVX: 41 # Downgrades (from upper level)
   FWD: 0 # Forwards (from upper level)
   latGETnl: 187128315 # GET request latency on next level
   latGETnet: 0 # GET request latency on network to next level
  l2-4: # Cache stats
   hGETS: 0 # GETS hits
   hGETX: 0 # GETX hits
   mGETS: 2875836 # GETS misses
   mGETXIM: 6 # GETX I->M misses
   mGETXSM: 4 # GETX S->M misses (upgrade misses)
   PUTS: 2875274 # Clean evictions (from lower level)
   PUTX: 6 # Dirty evictions (from lower level)
   INV: 3 # Invalidates (from upper level)
   INVX: 18 # Downgrades (from upper level)
   FWD: 0 # Forwards (from upper level)
   latGETnl: 186925106 # GET request latency on next level
   latGETnet: 0 # GET request latency on network to next level
  l2-5: # Cache stats
   hGETS: 0 # GETS hits
   hGETX: 0 # GETX hits
   mGETS: 2877811 # GETS misses
   mGETXIM: 18 # GETX I->M misses
   mGETXSM: 5 # GETX S->M misses (upgrade misses)
   PUTS: 2877186 # Clean evictions (from lower level)
   PUTX: 20 # Dirty evictions (from lower level)
   INV: 1 # Invalidates (from upper level)
   INVX: 19 # Downgrades (from upper level)
   FWD: 0 # Forwards (from upper level)
   latGETnl: 187051438 # GET request latency on next level
   latGETnet: 0 # GET request latency on network to next level
 l3: # Cache stats
  l3-0: # Cache stats
   hGETS: 707 # GETS hits
   hGETX: 38 # GETX hits
   mGETS: 17260645 # GETS misses
   mGETXIM: 161 # GETX I->M misses
   mGETXSM: 0 # GETX S->M misses (upgrade misses)
   PUTS: 17212178 # Clean evictions (from lower level)
   PUTX: 152 # Dirty evictions (from lower level)
   INV: 0 # Invalidates (from upper level)
   INVX: 0 # Downgrades (from upper level)
   FWD: 0 # Forwards (from upper level)
   latGETnl: 828518688 # GET request latency on next level
   latGETnet: 0 # GET request latency on network to next level
 mem: # Memory controller stats
  mem-0: # Memory controller stats
   rd: 8630368 # Read requests
   wr: 86 # Write requests
   rdlat: 1290498462 # Total latency experienced by read requests
   wrlat: 32024 # Total latency experienced by write requests
   rdhits: 101 # Read row hits
   wrhits: 0 # Write row hits
   mlh: # latency histogram for memory requests
    0: 0
    1: 0
    2: 0
    3: 0
    4: 0
    5: 0
    6: 3
    7: 1356456
    8: 1228224
    9: 780841
    10: 400124
    11: 215116
    12: 106649
    13: 91233
    14: 77731
    15: 112617
    16: 1379430
    17: 863209
    18: 166498
    19: 105847
    20: 93607
    21: 91386
    22: 89719
    23: 86739
    24: 712373
    25: 182021
    26: 68031
    27: 55422
    28: 48131
    29: 44191
    30: 39360
    31: 32790
    32: 30361
    33: 29470
    34: 23049
    35: 16738
    36: 13846
    37: 12237
    38: 9747
    39: 7556
    40: 7612
    41: 13169
    42: 9594
    43: 6048
    44: 5173
    45: 4447
    46: 2657
    47: 2033
    48: 1603
    49: 1609
    50: 1440
    51: 1163
    52: 723
    53: 584
    54: 441
    55: 356
    56: 239
    57: 186
    58: 178
    59: 128
    60: 84
    61: 56
    62: 37
    63: 25
    64: 7
    65: 9
    66: 5
    67: 6
    68: 1
    69: 1
    70: 1
    71: 1
    72: 0
    73: 0
    74: 0
    75: 0
    76: 0
    77: 0
    78: 0
    79: 0
    80: 0
    81: 0
    82: 0
    83: 0
    84: 0
    85: 0
    86: 0
    87: 0
    88: 0
    89: 0
    90: 0
    91: 0
    92: 0
    93: 0
    94: 0
    95: 0
    96: 0
    97: 0
    98: 0
    99: 0
  mem-1: # Memory controller stats
   rd: 8630392 # Read requests
   wr: 84 # Write requests
   rdlat: 1290550894 # Total latency experienced by read requests
   wrlat: 32418 # Total latency experienced by write requests
   rdhits: 100 # Read row hits
   wrhits: 0 # Write row hits
   mlh: # latency histogram for memory requests
    0: 0
    1: 0
    2: 0
    3: 0
    4: 0
    5: 0
    6: 6
    7: 1356239
    8: 1229229
    9: 779730
    10: 399440
    11: 215300
    12: 107291
    13: 91250
    14: 77940
    15: 112496
    16: 1379933
    17: 862418
    18: 166146
    19: 106008
    20: 94130
    21: 91365
    22: 89845
    23: 86322
    24: 711665
    25: 182410
    26: 67937
    27: 55833
    28: 48270
    29: 44432
    30: 39529
    31: 32685
    32: 30241
    33: 29267
    34: 23411
    35: 16694
    36: 14069
    37: 12171
    38: 9704
    39: 7540
    40: 7558
    41: 13221
    42: 9486
    43: 6189
    44: 5080
    45: 4550
    46: 2553
    47: 1974
    48: 1669
    49: 1566
    50: 1425
    51: 1221
    52: 714
    53: 551
    54: 441
    55: 315
    56: 224
    57: 198
    58: 158
    59: 134
    60: 98
    61: 42
    62: 27
    63: 17
    64: 11
    65: 11
    66: 4
    67: 2
    68: 1
    69: 1
    70: 1
    71: 3
    72: 1
    73: 0
    74: 0
    75: 0
    76: 0
    77: 0
    78: 0
    79: 0
    80: 0
    81: 0
    82: 0
    83: 0
    84: 0
    85: 0
    86: 0
    87: 0
    88: 0
    89: 0
    90: 0
    91: 0
    92: 0
    93: 0
    94: 0
    95: 0
    96: 0
    97: 0
    98: 0
    99: 0
 sched: # Scheduler stats
  thCr: 6 # Threads created
  thFn: 0 # Threads finished
  schedEvs: 6 # Schedule events
  waitEvs: 0 # Wait events
  handoffEvs: 0 # Handoff events
  sleepEvs: 0 # Sleep events
  idlePhases: 0 # Phases with no thread active
  idlePeriods: 0 # Periods with no thread active
  occHist: # Occupancy histogram
   0: 0
   1: 2
   2: 0
   3: 0
   4: 0
   5: 1
   6: 80655
  rqSzHist: # Run queue size histogram
   0: 80658
   1: 0
   2: 0
   3: 0
   4: 0
   5: 0
   6: 0
   7: 0
   8: 0
   9: 0
   10: 0
   11: 0
   12: 0
   13: 0
   14: 0
   15: 0
   16: 0
 procCycles: # Per-process unhalted core cycles
  0: 4839350996
  1: 0
  2: 0
  3: 0
  4: 0
  5: 0
  6: 0
  7: 0
  8: 0
  9: 0
  10: 0
  11: 0
  12: 0
  13: 0
  14: 0
  15: 0
  16: 0
  17: 0
  18: 0
  19: 0
  20: 0
  21: 0
  22: 0
  23: 0
  24: 0
  25: 0
  26: 0
  27: 0
  28: 0
  29: 0
  30: 0
  31: 0
  32: 0
  33: 0
  34: 0
  35: 0
  36: 0
  37: 0
  38: 0
  39: 0
  40: 0
  41: 0
  42: 0
  43: 0
  44: 0
  45: 0
  46: 0
  47: 0
  48: 0
  49: 0
  50: 0
  51: 0
  52: 0
  53: 0
  54: 0
  55: 0
  56: 0
  57: 0
  58: 0
  59: 0
  60: 0
  61: 0
  62: 0
  63: 0
 procInstrs: # Per-process instructions
  0: 5000020453
  1: 0
  2: 0
  3: 0
  4: 0
  5: 0
  6: 0
  7: 0
  8: 0
  9: 0
  10: 0
  11: 0
  12: 0
  13: 0
  14: 0
  15: 0
  16: 0
  17: 0
  18: 0
  19: 0
  20: 0
  21: 0
  22: 0
  23: 0
  24: 0
  25: 0
  26: 0
  27: 0
  28: 0
  29: 0
  30: 0
  31: 0
  32: 0
  33: 0
  34: 0
  35: 0
  36: 0
  37: 0
  38: 0
  39: 0
  40: 0
  41: 0
  42: 0
  43: 0
  44: 0
  45: 0
  46: 0
  47: 0
  48: 0
  49: 0
  50: 0
  51: 0
  52: 0
  53: 0
  54: 0
  55: 0
  56: 0
  57: 0
  58: 0
  59: 0
  60: 0
  61: 0
  62: 0
  63: 0
 heartbeats: # Per-process heartbeats
  0: 0
  1: 0
  2: 0
  3: 0
  4: 0
  5: 0
  6: 0
  7: 0
  8: 0
  9: 0
  10: 0
  11: 0
  12: 0
  13: 0
  14: 0
  15: 0
  16: 0
  17: 0
  18: 0
  19: 0
  20: 0
  21: 0
  22: 0
  23: 0
  24: 0
  25: 0
  26: 0
  27: 0
  28: 0
  29: 0
  30: 0
  31: 0
  32: 0
  33: 0
  34: 0
  35: 0
  36: 0
  37: 0
  38: 0
  39: 0
  40: 0
  41: 0
  42: 0
  43: 0
  44: 0
  45: 0
  46: 0
  47: 0
  48: 0
  49: 0
  50: 0
  51: 0
  52: 0
  53: 0
  54: 0
  55: 0
  56: 0
  57: 0
  58: 0
  59: 0
  60: 0
  61: 0
  62: 0
  63: 0
===
