# zsim stats
===
root: # Stats
 contention: # Contention simulation stats
  domain-0: # Domain stats
   time: 38542883814 # Weave simulation time
 time: # Simulator time breakdown
  init: 1056744924
  bound: 383384153627
  weave: 65071280440
  ff: 0
 trigger: 20000 # Reason for this stats dump
 phase: 727975 # Simulated phases
 core: # Core stats
  core-0: # Core stats
   cycles: 7279752506 # Simulated unhalted cycles
   cCycles: 1630053208 # Cycles due to contention stalls
   instrs: 5000002549 # Simulated instructions
   uops: 5310549025 # Retired micro-ops
   bbls: 517127791 # Basic blocks
   approxInstrs: 563986 # Instrs with approx uop decoding
   mispredBranches: 7371953 # Mispredicted branches
 l1i: # Cache stats
  l1i-0: # Filter cache stats
   fhGETS: 560686077 # Filtered GETS hits
   fhGETX: 0 # Filtered GETX hits
   hGETS: 534 # GETS hits
   hGETX: 0 # GETX hits
   mGETS: 455 # GETS misses
   mGETXIM: 0 # GETX I->M misses
   mGETXSM: 0 # GETX S->M misses (upgrade misses)
   PUTS: 0 # Clean evictions (from lower level)
   PUTX: 0 # Dirty evictions (from lower level)
   INV: 0 # Invalidates (from upper level)
   INVX: 0 # Downgrades (from upper level)
   FWD: 0 # Forwards (from upper level)
   latGETnl: 32890 # GET request latency on next level
   latGETnet: 0 # GET request latency on network to next level
 l1d: # Cache stats
  l1d-0: # Filter cache stats
   fhGETS: 840092946 # Filtered GETS hits
   fhGETX: 275841674 # Filtered GETX hits
   hGETS: 23267767 # GETS hits
   hGETX: 4783605 # GETX hits
   mGETS: 56817462 # GETS misses
   mGETXIM: 2302746 # GETX I->M misses
   mGETXSM: 0 # GETX S->M misses (upgrade misses)
   PUTS: 0 # Clean evictions (from lower level)
   PUTX: 0 # Dirty evictions (from lower level)
   INV: 0 # Invalidates (from upper level)
   INVX: 0 # Downgrades (from upper level)
   FWD: 0 # Forwards (from upper level)
   latGETnl: 4210434484 # GET request latency on next level
   latGETnet: 0 # GET request latency on network to next level
 l2: # Cache stats
  l2-0: # Cache stats
   hGETS: 319614 # GETS hits
   hGETX: 3 # GETX hits
   mGETS: 56498303 # GETS misses
   mGETXIM: 2302743 # GETX I->M misses
   mGETXSM: 0 # GETX S->M misses (upgrade misses)
   PUTS: 54229988 # Clean evictions (from lower level)
   PUTX: 4889755 # Dirty evictions (from lower level)
   INV: 0 # Invalidates (from upper level)
   INVX: 0 # Downgrades (from upper level)
   FWD: 0 # Forwards (from upper level)
   latGETnl: 3737502070 # GET request latency on next level
   latGETnet: 0 # GET request latency on network to next level
 l3: # Cache stats
  l3-0: # Cache stats
   hGETS: 1750908 # GETS hits
   hGETX: 10882 # GETX hits
   mGETS: 54747395 # GETS misses
   mGETXIM: 2291861 # GETX I->M misses
   mGETXSM: 0 # GETX S->M misses (upgrade misses)
   PUTS: 54197596 # Clean evictions (from lower level)
   PUTX: 4595258 # Dirty evictions (from lower level)
   INV: 0 # Invalidates (from upper level)
   INVX: 0 # Downgrades (from upper level)
   FWD: 0 # Forwards (from upper level)
   latGETnl: 2737884288 # GET request latency on next level
   latGETnet: 0 # GET request latency on network to next level
 mem: # Memory controller stats
  mem-0: # Memory controller stats
   rd: 31094976 # Read requests
   wr: 1854403 # Write requests
   rdlat: 2524494086 # Total latency experienced by read requests
   wrlat: 283117096 # Total latency experienced by write requests
   rdhits: 621 # Read row hits
   wrhits: 26413 # Write row hits
   mlh: # latency histogram for memory requests
    0: 0
    1: 0
    2: 0
    3: 0
    4: 0
    5: 0
    6: 78
    7: 24322144
    8: 5811154
    9: 19163
    10: 8598
    11: 13620
    12: 17258
    13: 490700
    14: 75982
    15: 5453
    16: 11904
    17: 23214
    18: 20620
    19: 24413
    20: 26481
    21: 25401
    22: 27088
    23: 24215
    24: 23221
    25: 23852
    26: 23766
    27: 23715
    28: 26284
    29: 13948
    30: 6075
    31: 1753
    32: 1439
    33: 1251
    34: 927
    35: 242
    36: 94
    37: 70
    38: 85
    39: 59
    40: 47
    41: 38
    42: 28
    43: 43
    44: 17
    45: 36
    46: 31
    47: 26
    48: 28
    49: 62
    50: 58
    51: 33
    52: 36
    53: 31
    54: 44
    55: 54
    56: 35
    57: 26
    58: 11
    59: 9
    60: 1
    61: 3
    62: 5
    63: 2
    64: 1
    65: 1
    66: 1
    67: 1
    68: 1
    69: 0
    70: 0
    71: 0
    72: 0
    73: 0
    74: 0
    75: 0
    76: 0
    77: 0
    78: 0
    79: 0
    80: 0
    81: 0
    82: 0
    83: 0
    84: 0
    85: 0
    86: 0
    87: 0
    88: 0
    89: 0
    90: 0
    91: 0
    92: 0
    93: 0
    94: 0
    95: 0
    96: 0
    97: 0
    98: 0
    99: 0
  mem-1: # Memory controller stats
   rd: 25944250 # Read requests
   wr: 1853374 # Write requests
   rdlat: 2073490495 # Total latency experienced by read requests
   wrlat: 277727447 # Total latency experienced by write requests
   rdhits: 454 # Read row hits
   wrhits: 24506 # Write row hits
   mlh: # latency histogram for memory requests
    0: 0
    1: 0
    2: 0
    3: 0
    4: 0
    5: 0
    6: 1
    7: 21256204
    8: 4395279
    9: 11568
    10: 3686
    11: 4374
    12: 1893
    13: 1866
    14: 1676
    15: 1136
    16: 7586
    17: 20391
    18: 18421
    19: 19693
    20: 22051
    21: 20914
    22: 20084
    23: 20031
    24: 19576
    25: 19835
    26: 20094
    27: 20505
    28: 23915
    29: 7789
    30: 2680
    31: 774
    32: 606
    33: 369
    34: 145
    35: 107
    36: 82
    37: 81
    38: 76
    39: 52
    40: 32
    41: 48
    42: 35
    43: 30
    44: 28
    45: 31
    46: 28
    47: 34
    48: 40
    49: 60
    50: 45
    51: 33
    52: 40
    53: 34
    54: 51
    55: 41
    56: 36
    57: 24
    58: 13
    59: 6
    60: 2
    61: 1
    62: 4
    63: 5
    64: 2
    65: 2
    66: 1
    67: 2
    68: 0
    69: 1
    70: 1
    71: 0
    72: 0
    73: 0
    74: 0
    75: 0
    76: 0
    77: 0
    78: 0
    79: 0
    80: 0
    81: 0
    82: 0
    83: 0
    84: 0
    85: 0
    86: 0
    87: 0
    88: 0
    89: 0
    90: 0
    91: 0
    92: 0
    93: 0
    94: 0
    95: 0
    96: 0
    97: 0
    98: 0
    99: 0
 sched: # Scheduler stats
  thCr: 1 # Threads created
  thFn: 0 # Threads finished
  schedEvs: 1 # Schedule events
  waitEvs: 0 # Wait events
  handoffEvs: 0 # Handoff events
  sleepEvs: 0 # Sleep events
  idlePhases: 0 # Phases with no thread active
  idlePeriods: 0 # Periods with no thread active
  occHist: # Occupancy histogram
   0: 0
   1: 727975
  rqSzHist: # Run queue size histogram
   0: 727975
   1: 0
   2: 0
   3: 0
   4: 0
   5: 0
   6: 0
   7: 0
   8: 0
   9: 0
   10: 0
   11: 0
   12: 0
   13: 0
   14: 0
   15: 0
   16: 0
 procCycles: # Per-process unhalted core cycles
  0: 7279752506
  1: 0
  2: 0
  3: 0
  4: 0
  5: 0
  6: 0
  7: 0
  8: 0
  9: 0
  10: 0
  11: 0
  12: 0
  13: 0
  14: 0
  15: 0
  16: 0
  17: 0
  18: 0
  19: 0
  20: 0
  21: 0
  22: 0
  23: 0
  24: 0
  25: 0
  26: 0
  27: 0
  28: 0
  29: 0
  30: 0
  31: 0
  32: 0
  33: 0
  34: 0
  35: 0
  36: 0
  37: 0
  38: 0
  39: 0
  40: 0
  41: 0
  42: 0
  43: 0
  44: 0
  45: 0
  46: 0
  47: 0
  48: 0
  49: 0
  50: 0
  51: 0
  52: 0
  53: 0
  54: 0
  55: 0
  56: 0
  57: 0
  58: 0
  59: 0
  60: 0
  61: 0
  62: 0
  63: 0
 procInstrs: # Per-process instructions
  0: 5000002549
  1: 0
  2: 0
  3: 0
  4: 0
  5: 0
  6: 0
  7: 0
  8: 0
  9: 0
  10: 0
  11: 0
  12: 0
  13: 0
  14: 0
  15: 0
  16: 0
  17: 0
  18: 0
  19: 0
  20: 0
  21: 0
  22: 0
  23: 0
  24: 0
  25: 0
  26: 0
  27: 0
  28: 0
  29: 0
  30: 0
  31: 0
  32: 0
  33: 0
  34: 0
  35: 0
  36: 0
  37: 0
  38: 0
  39: 0
  40: 0
  41: 0
  42: 0
  43: 0
  44: 0
  45: 0
  46: 0
  47: 0
  48: 0
  49: 0
  50: 0
  51: 0
  52: 0
  53: 0
  54: 0
  55: 0
  56: 0
  57: 0
  58: 0
  59: 0
  60: 0
  61: 0
  62: 0
  63: 0
 heartbeats: # Per-process heartbeats
  0: 0
  1: 0
  2: 0
  3: 0
  4: 0
  5: 0
  6: 0
  7: 0
  8: 0
  9: 0
  10: 0
  11: 0
  12: 0
  13: 0
  14: 0
  15: 0
  16: 0
  17: 0
  18: 0
  19: 0
  20: 0
  21: 0
  22: 0
  23: 0
  24: 0
  25: 0
  26: 0
  27: 0
  28: 0
  29: 0
  30: 0
  31: 0
  32: 0
  33: 0
  34: 0
  35: 0
  36: 0
  37: 0
  38: 0
  39: 0
  40: 0
  41: 0
  42: 0
  43: 0
  44: 0
  45: 0
  46: 0
  47: 0
  48: 0
  49: 0
  50: 0
  51: 0
  52: 0
  53: 0
  54: 0
  55: 0
  56: 0
  57: 0
  58: 0
  59: 0
  60: 0
  61: 0
  62: 0
  63: 0
===
