# zsim stats
===
root: # Stats
 contention: # Contention simulation stats
  domain-0: # Domain stats
   time: 13104652457 # Weave simulation time
 time: # Simulator time breakdown
  init: 12202559889
  bound: 486684709102
  weave: 26378026004
  ff: 0
 trigger: 20000 # Reason for this stats dump
 phase: 158168 # Simulated phases
 core: # Core stats
  core-0: # Core stats
   cycles: 1581681409 # Simulated unhalted cycles
   cCycles: 188473741 # Cycles due to contention stalls
   instrs: 1666361614 # Simulated instructions
   uops: 1994288115 # Retired micro-ops
   bbls: 214777233 # Basic blocks
   approxInstrs: 33261856 # Instrs with approx uop decoding
   mispredBranches: 1918148 # Mispredicted branches
  core-1: # Core stats
   cycles: 1581660852 # Simulated unhalted cycles
   cCycles: 187081780 # Cycles due to contention stalls
   instrs: 1667060771 # Simulated instructions
   uops: 1995125079 # Retired micro-ops
   bbls: 214867131 # Basic blocks
   approxInstrs: 33275903 # Instrs with approx uop decoding
   mispredBranches: 1933861 # Mispredicted branches
  core-2: # Core stats
   cycles: 1581660923 # Simulated unhalted cycles
   cCycles: 188012494 # Cycles due to contention stalls
   instrs: 1666583899 # Simulated instructions
   uops: 1994554632 # Retired micro-ops
   bbls: 214805481 # Basic blocks
   approxInstrs: 33266685 # Instrs with approx uop decoding
   mispredBranches: 1918149 # Mispredicted branches
 l1i: # Cache stats
  l1i-0: # Filter cache stats
   fhGETS: 285773892 # Filtered GETS hits
   fhGETX: 0 # Filtered GETX hits
   hGETS: 255 # GETS hits
   hGETX: 0 # GETX hits
   mGETS: 245 # GETS misses
   mGETXIM: 0 # GETX I->M misses
   mGETXSM: 0 # GETX S->M misses (upgrade misses)
   PUTS: 0 # Clean evictions (from lower level)
   PUTX: 0 # Dirty evictions (from lower level)
   INV: 0 # Invalidates (from upper level)
   INVX: 0 # Downgrades (from upper level)
   FWD: 0 # Forwards (from upper level)
   latGETnl: 16860 # GET request latency on next level
   latGETnet: 0 # GET request latency on network to next level
  l1i-1: # Filter cache stats
   fhGETS: 285968848 # Filtered GETS hits
   fhGETX: 0 # Filtered GETX hits
   hGETS: 24 # GETS hits
   hGETX: 0 # GETX hits
   mGETS: 111 # GETS misses
   mGETXIM: 0 # GETX I->M misses
   mGETXSM: 0 # GETX S->M misses (upgrade misses)
   PUTS: 0 # Clean evictions (from lower level)
   PUTX: 0 # Dirty evictions (from lower level)
   INV: 0 # Invalidates (from upper level)
   INVX: 0 # Downgrades (from upper level)
   FWD: 0 # Forwards (from upper level)
   latGETnl: 3879 # GET request latency on next level
   latGETnet: 0 # GET request latency on network to next level
  l1i-2: # Filter cache stats
   fhGETS: 285811130 # Filtered GETS hits
   fhGETX: 0 # Filtered GETX hits
   hGETS: 3 # GETS hits
   hGETX: 0 # GETX hits
   mGETS: 109 # GETS misses
   mGETXIM: 0 # GETX I->M misses
   mGETXSM: 0 # GETX S->M misses (upgrade misses)
   PUTS: 0 # Clean evictions (from lower level)
   PUTX: 0 # Dirty evictions (from lower level)
   INV: 0 # Invalidates (from upper level)
   INVX: 0 # Downgrades (from upper level)
   FWD: 0 # Forwards (from upper level)
   latGETnl: 3781 # GET request latency on next level
   latGETnet: 0 # GET request latency on network to next level
 l1d: # Cache stats
  l1d-0: # Filter cache stats
   fhGETS: 485008313 # Filtered GETS hits
   fhGETX: 78783500 # Filtered GETX hits
   hGETS: 33535147 # GETS hits
   hGETX: 13253876 # GETX hits
   mGETS: 5752514 # GETS misses
   mGETXIM: 62 # GETX I->M misses
   mGETXSM: 1 # GETX S->M misses (upgrade misses)
   PUTS: 0 # Clean evictions (from lower level)
   PUTX: 0 # Dirty evictions (from lower level)
   INV: 14 # Invalidates (from upper level)
   INVX: 85 # Downgrades (from upper level)
   FWD: 0 # Forwards (from upper level)
   latGETnl: 419936448 # GET request latency on next level
   latGETnet: 0 # GET request latency on network to next level
  l1d-1: # Filter cache stats
   fhGETS: 508870402 # Filtered GETS hits
   fhGETX: 90636635 # Filtered GETX hits
   hGETS: 9891075 # GETS hits
   hGETX: 1438854 # GETX hits
   mGETS: 5754832 # GETS misses
   mGETXIM: 17 # GETX I->M misses
   mGETXSM: 8 # GETX S->M misses (upgrade misses)
   PUTS: 0 # Clean evictions (from lower level)
   PUTX: 0 # Dirty evictions (from lower level)
   INV: 2 # Invalidates (from upper level)
   INVX: 10 # Downgrades (from upper level)
   FWD: 0 # Forwards (from upper level)
   latGETnl: 420101321 # GET request latency on next level
   latGETnet: 0 # GET request latency on network to next level
  l1d-2: # Filter cache stats
   fhGETS: 508725162 # Filtered GETS hits
   fhGETX: 90610776 # Filtered GETX hits
   hGETS: 9888004 # GETS hits
   hGETX: 1438242 # GETX hits
   mGETS: 5753166 # GETS misses
   mGETXIM: 18 # GETX I->M misses
   mGETXSM: 5 # GETX S->M misses (upgrade misses)
   PUTS: 0 # Clean evictions (from lower level)
   PUTX: 0 # Dirty evictions (from lower level)
   INV: 1 # Invalidates (from upper level)
   INVX: 8 # Downgrades (from upper level)
   FWD: 0 # Forwards (from upper level)
   latGETnl: 419979025 # GET request latency on next level
   latGETnet: 0 # GET request latency on network to next level
 l2: # Cache stats
  l2-0: # Cache stats
   hGETS: 6 # GETS hits
   hGETX: 0 # GETX hits
   mGETS: 5752753 # GETS misses
   mGETXIM: 62 # GETX I->M misses
   mGETXSM: 1 # GETX S->M misses (upgrade misses)
   PUTS: 5751992 # Clean evictions (from lower level)
   PUTX: 61 # Dirty evictions (from lower level)
   INV: 15 # Invalidates (from upper level)
   INVX: 87 # Downgrades (from upper level)
   FWD: 0 # Forwards (from upper level)
   latGETnl: 373930732 # GET request latency on next level
   latGETnet: 0 # GET request latency on network to next level
  l2-1: # Cache stats
   hGETS: 0 # GETS hits
   hGETX: 0 # GETX hits
   mGETS: 5754943 # GETS misses
   mGETXIM: 17 # GETX I->M misses
   mGETXSM: 8 # GETX S->M misses (upgrade misses)
   PUTS: 5754316 # Clean evictions (from lower level)
   PUTX: 19 # Dirty evictions (from lower level)
   INV: 2 # Invalidates (from upper level)
   INVX: 60 # Downgrades (from upper level)
   FWD: 0 # Forwards (from upper level)
   latGETnl: 374065456 # GET request latency on next level
   latGETnet: 0 # GET request latency on network to next level
  l2-2: # Cache stats
   hGETS: 0 # GETS hits
   hGETX: 0 # GETX hits
   mGETS: 5753275 # GETS misses
   mGETXIM: 18 # GETX I->M misses
   mGETXSM: 5 # GETX S->M misses (upgrade misses)
   PUTS: 5752651 # Clean evictions (from lower level)
   PUTX: 20 # Dirty evictions (from lower level)
   INV: 1 # Invalidates (from upper level)
   INVX: 8 # Downgrades (from upper level)
   FWD: 0 # Forwards (from upper level)
   latGETnl: 373956422 # GET request latency on next level
   latGETnet: 0 # GET request latency on network to next level
 l3: # Cache stats
  l3-0: # Cache stats
   hGETS: 390 # GETS hits
   hGETX: 18 # GETX hits
   mGETS: 17260581 # GETS misses
   mGETXIM: 93 # GETX I->M misses
   mGETXSM: 0 # GETX S->M misses (upgrade misses)
   PUTS: 17236376 # Clean evictions (from lower level)
   PUTX: 98 # Dirty evictions (from lower level)
   INV: 0 # Invalidates (from upper level)
   INVX: 0 # Downgrades (from upper level)
   FWD: 0 # Forwards (from upper level)
   latGETnl: 828512352 # GET request latency on next level
   latGETnet: 0 # GET request latency on network to next level
 mem: # Memory controller stats
  mem-0: # Memory controller stats
   rd: 8630321 # Read requests
   wr: 54 # Write requests
   rdlat: 1169800380 # Total latency experienced by read requests
   wrlat: 14074 # Total latency experienced by write requests
   rdhits: 3 # Read row hits
   wrhits: 0 # Write row hits
   mlh: # latency histogram for memory requests
    0: 0
    1: 0
    2: 0
    3: 0
    4: 0
    5: 0
    6: 1
    7: 1500601
    8: 1361657
    9: 1057556
    10: 482425
    11: 203900
    12: 44540
    13: 31453
    14: 21422
    15: 72151
    16: 1638212
    17: 1063976
    18: 107082
    19: 35647
    20: 22559
    21: 22225
    22: 22495
    23: 22685
    24: 664069
    25: 99381
    26: 21113
    27: 15910
    28: 13391
    29: 10937
    30: 10435
    31: 8582
    32: 10513
    33: 11627
    34: 8176
    35: 6366
    36: 5605
    37: 4345
    38: 2716
    39: 1669
    40: 2611
    41: 7702
    42: 4807
    43: 2952
    44: 2497
    45: 2064
    46: 610
    47: 329
    48: 289
    49: 295
    50: 252
    51: 180
    52: 105
    53: 58
    54: 37
    55: 29
    56: 22
    57: 15
    58: 24
    59: 13
    60: 4
    61: 3
    62: 1
    63: 0
    64: 0
    65: 0
    66: 0
    67: 0
    68: 0
    69: 0
    70: 0
    71: 0
    72: 0
    73: 0
    74: 0
    75: 0
    76: 0
    77: 0
    78: 0
    79: 0
    80: 0
    81: 0
    82: 0
    83: 0
    84: 0
    85: 0
    86: 0
    87: 0
    88: 0
    89: 0
    90: 0
    91: 0
    92: 0
    93: 0
    94: 0
    95: 0
    96: 0
    97: 0
    98: 0
    99: 0
  mem-1: # Memory controller stats
   rd: 8630333 # Read requests
   wr: 53 # Write requests
   rdlat: 1169647652 # Total latency experienced by read requests
   wrlat: 12478 # Total latency experienced by write requests
   rdhits: 3 # Read row hits
   wrhits: 0 # Write row hits
   mlh: # latency histogram for memory requests
    0: 0
    1: 0
    2: 0
    3: 0
    4: 0
    5: 0
    6: 1
    7: 1500214
    8: 1362285
    9: 1057115
    10: 483085
    11: 203404
    12: 44910
    13: 31696
    14: 21445
    15: 72177
    16: 1639069
    17: 1063762
    18: 106938
    19: 35188
    20: 22817
    21: 22170
    22: 21985
    23: 22894
    24: 664396
    25: 99002
    26: 20944
    27: 15674
    28: 13689
    29: 11206
    30: 10413
    31: 8691
    32: 10644
    33: 11184
    34: 8064
    35: 6238
    36: 5556
    37: 4359
    38: 2772
    39: 1649
    40: 2580
    41: 7726
    42: 4720
    43: 2832
    44: 2400
    45: 2056
    46: 640
    47: 350
    48: 300
    49: 330
    50: 276
    51: 200
    52: 90
    53: 43
    54: 41
    55: 26
    56: 21
    57: 23
    58: 22
    59: 8
    60: 9
    61: 2
    62: 1
    63: 1
    64: 0
    65: 0
    66: 0
    67: 0
    68: 0
    69: 0
    70: 0
    71: 0
    72: 0
    73: 0
    74: 0
    75: 0
    76: 0
    77: 0
    78: 0
    79: 0
    80: 0
    81: 0
    82: 0
    83: 0
    84: 0
    85: 0
    86: 0
    87: 0
    88: 0
    89: 0
    90: 0
    91: 0
    92: 0
    93: 0
    94: 0
    95: 0
    96: 0
    97: 0
    98: 0
    99: 0
 sched: # Scheduler stats
  thCr: 3 # Threads created
  thFn: 0 # Threads finished
  schedEvs: 3 # Schedule events
  waitEvs: 0 # Wait events
  handoffEvs: 0 # Handoff events
  sleepEvs: 0 # Sleep events
  idlePhases: 0 # Phases with no thread active
  idlePeriods: 0 # Periods with no thread active
  occHist: # Occupancy histogram
   0: 0
   1: 2
   2: 0
   3: 158166
  rqSzHist: # Run queue size histogram
   0: 158168
   1: 0
   2: 0
   3: 0
   4: 0
   5: 0
   6: 0
   7: 0
   8: 0
   9: 0
   10: 0
   11: 0
   12: 0
   13: 0
   14: 0
   15: 0
   16: 0
 procCycles: # Per-process unhalted core cycles
  0: 4745003184
  1: 0
  2: 0
  3: 0
  4: 0
  5: 0
  6: 0
  7: 0
  8: 0
  9: 0
  10: 0
  11: 0
  12: 0
  13: 0
  14: 0
  15: 0
  16: 0
  17: 0
  18: 0
  19: 0
  20: 0
  21: 0
  22: 0
  23: 0
  24: 0
  25: 0
  26: 0
  27: 0
  28: 0
  29: 0
  30: 0
  31: 0
  32: 0
  33: 0
  34: 0
  35: 0
  36: 0
  37: 0
  38: 0
  39: 0
  40: 0
  41: 0
  42: 0
  43: 0
  44: 0
  45: 0
  46: 0
  47: 0
  48: 0
  49: 0
  50: 0
  51: 0
  52: 0
  53: 0
  54: 0
  55: 0
  56: 0
  57: 0
  58: 0
  59: 0
  60: 0
  61: 0
  62: 0
  63: 0
 procInstrs: # Per-process instructions
  0: 5000006284
  1: 0
  2: 0
  3: 0
  4: 0
  5: 0
  6: 0
  7: 0
  8: 0
  9: 0
  10: 0
  11: 0
  12: 0
  13: 0
  14: 0
  15: 0
  16: 0
  17: 0
  18: 0
  19: 0
  20: 0
  21: 0
  22: 0
  23: 0
  24: 0
  25: 0
  26: 0
  27: 0
  28: 0
  29: 0
  30: 0
  31: 0
  32: 0
  33: 0
  34: 0
  35: 0
  36: 0
  37: 0
  38: 0
  39: 0
  40: 0
  41: 0
  42: 0
  43: 0
  44: 0
  45: 0
  46: 0
  47: 0
  48: 0
  49: 0
  50: 0
  51: 0
  52: 0
  53: 0
  54: 0
  55: 0
  56: 0
  57: 0
  58: 0
  59: 0
  60: 0
  61: 0
  62: 0
  63: 0
 heartbeats: # Per-process heartbeats
  0: 0
  1: 0
  2: 0
  3: 0
  4: 0
  5: 0
  6: 0
  7: 0
  8: 0
  9: 0
  10: 0
  11: 0
  12: 0
  13: 0
  14: 0
  15: 0
  16: 0
  17: 0
  18: 0
  19: 0
  20: 0
  21: 0
  22: 0
  23: 0
  24: 0
  25: 0
  26: 0
  27: 0
  28: 0
  29: 0
  30: 0
  31: 0
  32: 0
  33: 0
  34: 0
  35: 0
  36: 0
  37: 0
  38: 0
  39: 0
  40: 0
  41: 0
  42: 0
  43: 0
  44: 0
  45: 0
  46: 0
  47: 0
  48: 0
  49: 0
  50: 0
  51: 0
  52: 0
  53: 0
  54: 0
  55: 0
  56: 0
  57: 0
  58: 0
  59: 0
  60: 0
  61: 0
  62: 0
  63: 0
===
