# zsim stats
===
root: # Stats
 contention: # Contention simulation stats
  domain-0: # Domain stats
   time: 12248908577 # Weave simulation time
 time: # Simulator time breakdown
  init: 12228258795
  bound: 486752333750
  weave: 21916860461
  ff: 0
 trigger: 20000 # Reason for this stats dump
 phase: 119720 # Simulated phases
 core: # Core stats
  core-0: # Core stats
   cycles: 1197200833 # Simulated unhalted cycles
   cCycles: 150605332 # Cycles due to contention stalls
   instrs: 1251508611 # Simulated instructions
   uops: 1497795434 # Retired micro-ops
   bbls: 161306985 # Basic blocks
   approxInstrs: 24981089 # Instrs with approx uop decoding
   mispredBranches: 1452003 # Mispredicted branches
  core-1: # Core stats
   cycles: 1197181389 # Simulated unhalted cycles
   cCycles: 152137091 # Cycles due to contention stalls
   instrs: 1249672704 # Simulated instructions
   uops: 1495598381 # Retired micro-ops
   bbls: 161070033 # Basic blocks
   approxInstrs: 24944544 # Instrs with approx uop decoding
   mispredBranches: 1449710 # Mispredicted branches
  core-2: # Core stats
   cycles: 1197181003 # Simulated unhalted cycles
   cCycles: 153371746 # Cycles due to contention stalls
   instrs: 1248206569 # Simulated instructions
   uops: 1493843806 # Retired micro-ops
   bbls: 160881012 # Basic blocks
   approxInstrs: 24915311 # Instrs with approx uop decoding
   mispredBranches: 1447974 # Mispredicted branches
  core-3: # Core stats
   cycles: 1197181243 # Simulated unhalted cycles
   cCycles: 151335390 # Cycles due to contention stalls
   instrs: 1250639495 # Simulated instructions
   uops: 1496755500 # Retired micro-ops
   bbls: 161194611 # Basic blocks
   approxInstrs: 24963859 # Instrs with approx uop decoding
   mispredBranches: 1450816 # Mispredicted branches
 l1i: # Cache stats
  l1i-0: # Filter cache stats
   fhGETS: 214685140 # Filtered GETS hits
   fhGETX: 0 # Filtered GETX hits
   hGETS: 298 # GETS hits
   hGETX: 0 # GETX hits
   mGETS: 248 # GETS misses
   mGETXIM: 0 # GETX I->M misses
   mGETXSM: 0 # GETX S->M misses (upgrade misses)
   PUTS: 0 # Clean evictions (from lower level)
   PUTX: 0 # Dirty evictions (from lower level)
   INV: 0 # Invalidates (from upper level)
   INVX: 0 # Downgrades (from upper level)
   FWD: 0 # Forwards (from upper level)
   latGETnl: 17079 # GET request latency on next level
   latGETnet: 0 # GET request latency on network to next level
  l1i-1: # Filter cache stats
   fhGETS: 214369884 # Filtered GETS hits
   fhGETX: 0 # Filtered GETX hits
   hGETS: 24 # GETS hits
   hGETX: 0 # GETX hits
   mGETS: 109 # GETS misses
   mGETXIM: 0 # GETX I->M misses
   mGETXSM: 0 # GETX S->M misses (upgrade misses)
   PUTS: 0 # Clean evictions (from lower level)
   PUTX: 0 # Dirty evictions (from lower level)
   INV: 0 # Invalidates (from upper level)
   INVX: 0 # Downgrades (from upper level)
   FWD: 0 # Forwards (from upper level)
   latGETnl: 3733 # GET request latency on next level
   latGETnet: 0 # GET request latency on network to next level
  l1i-2: # Filter cache stats
   fhGETS: 214118314 # Filtered GETS hits
   fhGETX: 0 # Filtered GETX hits
   hGETS: 0 # GETS hits
   hGETX: 0 # GETX hits
   mGETS: 45 # GETS misses
   mGETXIM: 0 # GETX I->M misses
   mGETXSM: 0 # GETX S->M misses (upgrade misses)
   PUTS: 0 # Clean evictions (from lower level)
   PUTX: 0 # Dirty evictions (from lower level)
   INV: 0 # Invalidates (from upper level)
   INVX: 0 # Downgrades (from upper level)
   FWD: 0 # Forwards (from upper level)
   latGETnl: 1173 # GET request latency on next level
   latGETnet: 0 # GET request latency on network to next level
  l1i-3: # Filter cache stats
   fhGETS: 214535671 # Filtered GETS hits
   fhGETX: 0 # Filtered GETX hits
   hGETS: 3 # GETS hits
   hGETX: 0 # GETX hits
   mGETS: 110 # GETS misses
   mGETXIM: 0 # GETX I->M misses
   mGETXSM: 0 # GETX S->M misses (upgrade misses)
   PUTS: 0 # Clean evictions (from lower level)
   PUTX: 0 # Dirty evictions (from lower level)
   INV: 0 # Invalidates (from upper level)
   INVX: 0 # Downgrades (from upper level)
   FWD: 0 # Forwards (from upper level)
   latGETnl: 3758 # GET request latency on next level
   latGETnet: 0 # GET request latency on network to next level
 l1d: # Cache stats
  l1d-0: # Filter cache stats
   fhGETS: 364261895 # Filtered GETS hits
   fhGETX: 59170081 # Filtered GETX hits
   hGETS: 25186159 # GETS hits
   hGETX: 9954181 # GETX hits
   mGETS: 4320415 # GETS misses
   mGETXIM: 81 # GETX I->M misses
   mGETXSM: 1 # GETX S->M misses (upgrade misses)
   PUTS: 0 # Clean evictions (from lower level)
   PUTX: 0 # Dirty evictions (from lower level)
   INV: 15 # Invalidates (from upper level)
   INVX: 83 # Downgrades (from upper level)
   FWD: 0 # Forwards (from upper level)
   latGETnl: 315395375 # GET request latency on next level
   latGETnet: 0 # GET request latency on network to next level
  l1d-1: # Filter cache stats
   fhGETS: 381463412 # Filtered GETS hits
   fhGETX: 67943828 # Filtered GETX hits
   hGETS: 7413835 # GETS hits
   hGETX: 1078391 # GETX hits
   mGETS: 4313987 # GETS misses
   mGETXIM: 17 # GETX I->M misses
   mGETXSM: 8 # GETX S->M misses (upgrade misses)
   PUTS: 0 # Clean evictions (from lower level)
   PUTX: 0 # Dirty evictions (from lower level)
   INV: 3 # Invalidates (from upper level)
   INVX: 11 # Downgrades (from upper level)
   FWD: 0 # Forwards (from upper level)
   latGETnl: 314919644 # GET request latency on next level
   latGETnet: 0 # GET request latency on network to next level
  l1d-2: # Filter cache stats
   fhGETS: 381015232 # Filtered GETS hits
   fhGETX: 67863859 # Filtered GETX hits
   hGETS: 7405892 # GETS hits
   hGETX: 1077280 # GETX hits
   mGETS: 4308849 # GETS misses
   mGETXIM: 6 # GETX I->M misses
   mGETXSM: 4 # GETX S->M misses (upgrade misses)
   PUTS: 0 # Clean evictions (from lower level)
   PUTX: 0 # Dirty evictions (from lower level)
   INV: 2 # Invalidates (from upper level)
   INVX: 4 # Downgrades (from upper level)
   FWD: 0 # Forwards (from upper level)
   latGETnl: 314545363 # GET request latency on next level
   latGETnet: 0 # GET request latency on network to next level
  l1d-3: # Filter cache stats
   fhGETS: 381757260 # Filtered GETS hits
   fhGETX: 67996164 # Filtered GETX hits
   hGETS: 7420857 # GETS hits
   hGETX: 1079399 # GETX hits
   mGETS: 4317306 # GETS misses
   mGETXIM: 18 # GETX I->M misses
   mGETXSM: 5 # GETX S->M misses (upgrade misses)
   PUTS: 0 # Clean evictions (from lower level)
   PUTX: 0 # Dirty evictions (from lower level)
   INV: 1 # Invalidates (from upper level)
   INVX: 8 # Downgrades (from upper level)
   FWD: 0 # Forwards (from upper level)
   latGETnl: 315162149 # GET request latency on next level
   latGETnet: 0 # GET request latency on network to next level
 l2: # Cache stats
  l2-0: # Cache stats
   hGETS: 6 # GETS hits
   hGETX: 1 # GETX hits
   mGETS: 4320657 # GETS misses
   mGETXIM: 80 # GETX I->M misses
   mGETXSM: 1 # GETX S->M misses (upgrade misses)
   PUTS: 4319895 # Clean evictions (from lower level)
   PUTX: 77 # Dirty evictions (from lower level)
   INV: 19 # Invalidates (from upper level)
   INVX: 89 # Downgrades (from upper level)
   FWD: 0 # Forwards (from upper level)
   latGETnl: 280846494 # GET request latency on next level
   latGETnet: 0 # GET request latency on network to next level
  l2-1: # Cache stats
   hGETS: 0 # GETS hits
   hGETX: 0 # GETX hits
   mGETS: 4314096 # GETS misses
   mGETXIM: 17 # GETX I->M misses
   mGETXSM: 8 # GETX S->M misses (upgrade misses)
   PUTS: 4313471 # Clean evictions (from lower level)
   PUTX: 18 # Dirty evictions (from lower level)
   INV: 3 # Invalidates (from upper level)
   INVX: 11 # Downgrades (from upper level)
   FWD: 0 # Forwards (from upper level)
   latGETnl: 280410409 # GET request latency on next level
   latGETnet: 0 # GET request latency on network to next level
  l2-2: # Cache stats
   hGETS: 0 # GETS hits
   hGETX: 0 # GETX hits
   mGETS: 4308894 # GETS misses
   mGETXIM: 6 # GETX I->M misses
   mGETXSM: 4 # GETX S->M misses (upgrade misses)
   PUTS: 4308335 # Clean evictions (from lower level)
   PUTX: 6 # Dirty evictions (from lower level)
   INV: 2 # Invalidates (from upper level)
   INVX: 4 # Downgrades (from upper level)
   FWD: 0 # Forwards (from upper level)
   latGETnl: 280075304 # GET request latency on next level
   latGETnet: 0 # GET request latency on network to next level
  l2-3: # Cache stats
   hGETS: 0 # GETS hits
   hGETX: 0 # GETX hits
   mGETS: 4317416 # GETS misses
   mGETXIM: 18 # GETX I->M misses
   mGETXSM: 5 # GETX S->M misses (upgrade misses)
   PUTS: 4316791 # Clean evictions (from lower level)
   PUTX: 20 # Dirty evictions (from lower level)
   INV: 1 # Invalidates (from upper level)
   INVX: 8 # Downgrades (from upper level)
   FWD: 0 # Forwards (from upper level)
   latGETnl: 280626395 # GET request latency on next level
   latGETnet: 0 # GET request latency on network to next level
 l3: # Cache stats
  l3-0: # Cache stats
   hGETS: 416 # GETS hits
   hGETX: 24 # GETX hits
   mGETS: 17260647 # GETS misses
   mGETXIM: 115 # GETX I->M misses
   mGETXSM: 0 # GETX S->M misses (upgrade misses)
   PUTS: 17228276 # Clean evictions (from lower level)
   PUTX: 115 # Dirty evictions (from lower level)
   INV: 0 # Invalidates (from upper level)
   INVX: 0 # Downgrades (from upper level)
   FWD: 0 # Forwards (from upper level)
   latGETnl: 828516576 # GET request latency on next level
   latGETnet: 0 # GET request latency on network to next level
 mem: # Memory controller stats
  mem-0: # Memory controller stats
   rd: 8630363 # Read requests
   wr: 64 # Write requests
   rdlat: 1224019527 # Total latency experienced by read requests
   wrlat: 16101 # Total latency experienced by write requests
   rdhits: 114 # Read row hits
   wrhits: 0 # Write row hits
   mlh: # latency histogram for memory requests
    0: 0
    1: 0
    2: 0
    3: 0
    4: 0
    5: 0
    6: 4
    7: 1421090
    8: 1302226
    9: 957898
    10: 443705
    11: 192159
    12: 75554
    13: 57985
    14: 46958
    15: 91897
    16: 1522140
    17: 980863
    18: 128780
    19: 68188
    20: 53396
    21: 52634
    22: 51455
    23: 51585
    24: 683560
    25: 145104
    26: 41683
    27: 33746
    28: 29254
    29: 26183
    30: 23941
    31: 18981
    32: 19340
    33: 18817
    34: 14167
    35: 10710
    36: 9469
    37: 7883
    38: 6106
    39: 4161
    40: 4638
    41: 9910
    42: 6715
    43: 4128
    44: 3615
    45: 3109
    46: 1492
    47: 984
    48: 850
    49: 778
    50: 690
    51: 559
    52: 354
    53: 231
    54: 193
    55: 126
    56: 102
    57: 78
    58: 76
    59: 39
    60: 34
    61: 24
    62: 5
    63: 6
    64: 3
    65: 0
    66: 0
    67: 0
    68: 1
    69: 0
    70: 0
    71: 1
    72: 0
    73: 0
    74: 0
    75: 0
    76: 0
    77: 0
    78: 0
    79: 0
    80: 0
    81: 0
    82: 0
    83: 0
    84: 0
    85: 0
    86: 0
    87: 0
    88: 0
    89: 0
    90: 0
    91: 0
    92: 0
    93: 0
    94: 0
    95: 0
    96: 0
    97: 0
    98: 0
    99: 0
  mem-1: # Memory controller stats
   rd: 8630369 # Read requests
   wr: 63 # Write requests
   rdlat: 1223699161 # Total latency experienced by read requests
   wrlat: 17048 # Total latency experienced by write requests
   rdhits: 113 # Read row hits
   wrhits: 0 # Write row hits
   mlh: # latency histogram for memory requests
    0: 0
    1: 0
    2: 0
    3: 0
    4: 0
    5: 0
    6: 2
    7: 1420866
    8: 1303146
    9: 957255
    10: 444510
    11: 192771
    12: 75037
    13: 58015
    14: 46914
    15: 91599
    16: 1523298
    17: 981510
    18: 128242
    19: 67626
    20: 53399
    21: 52130
    22: 52120
    23: 51240
    24: 683959
    25: 145134
    26: 41320
    27: 33833
    28: 28911
    29: 26065
    30: 24094
    31: 18659
    32: 19583
    33: 18831
    34: 14035
    35: 10432
    36: 9332
    37: 7830
    38: 6024
    39: 4161
    40: 4715
    41: 9991
    42: 6605
    43: 4164
    44: 3422
    45: 3079
    46: 1442
    47: 967
    48: 809
    49: 773
    50: 662
    51: 568
    52: 320
    53: 253
    54: 186
    55: 137
    56: 105
    57: 82
    58: 71
    59: 44
    60: 44
    61: 21
    62: 9
    63: 8
    64: 6
    65: 1
    66: 1
    67: 0
    68: 1
    69: 0
    70: 0
    71: 0
    72: 0
    73: 0
    74: 0
    75: 0
    76: 0
    77: 0
    78: 0
    79: 0
    80: 0
    81: 0
    82: 0
    83: 0
    84: 0
    85: 0
    86: 0
    87: 0
    88: 0
    89: 0
    90: 0
    91: 0
    92: 0
    93: 0
    94: 0
    95: 0
    96: 0
    97: 0
    98: 0
    99: 0
 sched: # Scheduler stats
  thCr: 4 # Threads created
  thFn: 0 # Threads finished
  schedEvs: 4 # Schedule events
  waitEvs: 0 # Wait events
  handoffEvs: 0 # Handoff events
  sleepEvs: 0 # Sleep events
  idlePhases: 0 # Phases with no thread active
  idlePeriods: 0 # Periods with no thread active
  occHist: # Occupancy histogram
   0: 0
   1: 2
   2: 0
   3: 0
   4: 119718
  rqSzHist: # Run queue size histogram
   0: 119720
   1: 0
   2: 0
   3: 0
   4: 0
   5: 0
   6: 0
   7: 0
   8: 0
   9: 0
   10: 0
   11: 0
   12: 0
   13: 0
   14: 0
   15: 0
   16: 0
 procCycles: # Per-process unhalted core cycles
  0: 4788744468
  1: 0
  2: 0
  3: 0
  4: 0
  5: 0
  6: 0
  7: 0
  8: 0
  9: 0
  10: 0
  11: 0
  12: 0
  13: 0
  14: 0
  15: 0
  16: 0
  17: 0
  18: 0
  19: 0
  20: 0
  21: 0
  22: 0
  23: 0
  24: 0
  25: 0
  26: 0
  27: 0
  28: 0
  29: 0
  30: 0
  31: 0
  32: 0
  33: 0
  34: 0
  35: 0
  36: 0
  37: 0
  38: 0
  39: 0
  40: 0
  41: 0
  42: 0
  43: 0
  44: 0
  45: 0
  46: 0
  47: 0
  48: 0
  49: 0
  50: 0
  51: 0
  52: 0
  53: 0
  54: 0
  55: 0
  56: 0
  57: 0
  58: 0
  59: 0
  60: 0
  61: 0
  62: 0
  63: 0
 procInstrs: # Per-process instructions
  0: 5000027379
  1: 0
  2: 0
  3: 0
  4: 0
  5: 0
  6: 0
  7: 0
  8: 0
  9: 0
  10: 0
  11: 0
  12: 0
  13: 0
  14: 0
  15: 0
  16: 0
  17: 0
  18: 0
  19: 0
  20: 0
  21: 0
  22: 0
  23: 0
  24: 0
  25: 0
  26: 0
  27: 0
  28: 0
  29: 0
  30: 0
  31: 0
  32: 0
  33: 0
  34: 0
  35: 0
  36: 0
  37: 0
  38: 0
  39: 0
  40: 0
  41: 0
  42: 0
  43: 0
  44: 0
  45: 0
  46: 0
  47: 0
  48: 0
  49: 0
  50: 0
  51: 0
  52: 0
  53: 0
  54: 0
  55: 0
  56: 0
  57: 0
  58: 0
  59: 0
  60: 0
  61: 0
  62: 0
  63: 0
 heartbeats: # Per-process heartbeats
  0: 0
  1: 0
  2: 0
  3: 0
  4: 0
  5: 0
  6: 0
  7: 0
  8: 0
  9: 0
  10: 0
  11: 0
  12: 0
  13: 0
  14: 0
  15: 0
  16: 0
  17: 0
  18: 0
  19: 0
  20: 0
  21: 0
  22: 0
  23: 0
  24: 0
  25: 0
  26: 0
  27: 0
  28: 0
  29: 0
  30: 0
  31: 0
  32: 0
  33: 0
  34: 0
  35: 0
  36: 0
  37: 0
  38: 0
  39: 0
  40: 0
  41: 0
  42: 0
  43: 0
  44: 0
  45: 0
  46: 0
  47: 0
  48: 0
  49: 0
  50: 0
  51: 0
  52: 0
  53: 0
  54: 0
  55: 0
  56: 0
  57: 0
  58: 0
  59: 0
  60: 0
  61: 0
  62: 0
  63: 0
===
