# zsim stats
===
root: # Stats
 contention: # Contention simulation stats
  domain-0: # Domain stats
   time: 8006292401 # Weave simulation time
 time: # Simulator time breakdown
  init: 12991141668
  bound: 85644559330
  weave: 13706407825
  ff: 0
 trigger: 20000 # Reason for this stats dump
 phase: 97838 # Simulated phases
 core: # Core stats
  core-0: # Core stats
   cycles: 978380761 # Simulated unhalted cycles
   cCycles: 76634697 # Cycles due to contention stalls
   instrs: 714294247 # Simulated instructions
  core-1: # Core stats
   cycles: 978341017 # Simulated unhalted cycles
   cCycles: 76638096 # Cycles due to contention stalls
   instrs: 714279877 # Simulated instructions
  core-2: # Core stats
   cycles: 978338810 # Simulated unhalted cycles
   cCycles: 76611204 # Cycles due to contention stalls
   instrs: 714302252 # Simulated instructions
  core-3: # Core stats
   cycles: 978332981 # Simulated unhalted cycles
   cCycles: 76604859 # Cycles due to contention stalls
   instrs: 714307197 # Simulated instructions
  core-4: # Core stats
   cycles: 978331076 # Simulated unhalted cycles
   cCycles: 76623074 # Cycles due to contention stalls
   instrs: 714289695 # Simulated instructions
  core-5: # Core stats
   cycles: 978331038 # Simulated unhalted cycles
   cCycles: 76631600 # Cycles due to contention stalls
   instrs: 714282474 # Simulated instructions
  core-6: # Core stats
   cycles: 978330904 # Simulated unhalted cycles
   cCycles: 76618513 # Cycles due to contention stalls
   instrs: 714289452 # Simulated instructions
 l1i: # Cache stats
  l1i-0: # Filter cache stats
   fhGETS: 118387473 # Filtered GETS hits
   fhGETX: 0 # Filtered GETX hits
   hGETS: 256 # GETS hits
   hGETX: 0 # GETX hits
   mGETS: 155 # GETS misses
   mGETXIM: 0 # GETX I->M misses
   mGETXSM: 0 # GETX S->M misses (upgrade misses)
   PUTS: 0 # Clean evictions (from lower level)
   PUTX: 0 # Dirty evictions (from lower level)
   INV: 92 # Invalidates (from upper level)
   INVX: 0 # Downgrades (from upper level)
   FWD: 0 # Forwards (from upper level)
   latGETnl: 10868 # GET request latency on next level
   latGETnet: 0 # GET request latency on network to next level
  l1i-1: # Filter cache stats
   fhGETS: 118385075 # Filtered GETS hits
   fhGETX: 0 # Filtered GETX hits
   hGETS: 8 # GETS hits
   hGETX: 0 # GETX hits
   mGETS: 78 # GETS misses
   mGETXIM: 0 # GETX I->M misses
   mGETXSM: 0 # GETX S->M misses (upgrade misses)
   PUTS: 0 # Clean evictions (from lower level)
   PUTX: 0 # Dirty evictions (from lower level)
   INV: 3 # Invalidates (from upper level)
   INVX: 0 # Downgrades (from upper level)
   FWD: 0 # Forwards (from upper level)
   latGETnl: 2952 # GET request latency on next level
   latGETnet: 0 # GET request latency on network to next level
  l1i-2: # Filter cache stats
   fhGETS: 118388819 # Filtered GETS hits
   fhGETX: 0 # Filtered GETX hits
   hGETS: 0 # GETS hits
   hGETX: 0 # GETX hits
   mGETS: 74 # GETS misses
   mGETXIM: 0 # GETX I->M misses
   mGETXSM: 0 # GETX S->M misses (upgrade misses)
   PUTS: 0 # Clean evictions (from lower level)
   PUTX: 0 # Dirty evictions (from lower level)
   INV: 1 # Invalidates (from upper level)
   INVX: 0 # Downgrades (from upper level)
   FWD: 0 # Forwards (from upper level)
   latGETnl: 2504 # GET request latency on next level
   latGETnet: 0 # GET request latency on network to next level
  l1i-3: # Filter cache stats
   fhGETS: 118389697 # Filtered GETS hits
   fhGETX: 0 # Filtered GETX hits
   hGETS: 0 # GETS hits
   hGETX: 0 # GETX hits
   mGETS: 33 # GETS misses
   mGETXIM: 0 # GETX I->M misses
   mGETXSM: 0 # GETX S->M misses (upgrade misses)
   PUTS: 0 # Clean evictions (from lower level)
   PUTX: 0 # Dirty evictions (from lower level)
   INV: 0 # Invalidates (from upper level)
   INVX: 0 # Downgrades (from upper level)
   FWD: 0 # Forwards (from upper level)
   latGETnl: 924 # GET request latency on next level
   latGETnet: 0 # GET request latency on network to next level
  l1i-4: # Filter cache stats
   fhGETS: 118386780 # Filtered GETS hits
   fhGETX: 0 # Filtered GETX hits
   hGETS: 0 # GETS hits
   hGETX: 0 # GETX hits
   mGETS: 33 # GETS misses
   mGETXIM: 0 # GETX I->M misses
   mGETXSM: 0 # GETX S->M misses (upgrade misses)
   PUTS: 0 # Clean evictions (from lower level)
   PUTX: 0 # Dirty evictions (from lower level)
   INV: 0 # Invalidates (from upper level)
   INVX: 0 # Downgrades (from upper level)
   FWD: 0 # Forwards (from upper level)
   latGETnl: 924 # GET request latency on next level
   latGETnet: 0 # GET request latency on network to next level
  l1i-5: # Filter cache stats
   fhGETS: 118385625 # Filtered GETS hits
   fhGETX: 0 # Filtered GETX hits
   hGETS: 0 # GETS hits
   hGETX: 0 # GETX hits
   mGETS: 33 # GETS misses
   mGETXIM: 0 # GETX I->M misses
   mGETXSM: 0 # GETX S->M misses (upgrade misses)
   PUTS: 0 # Clean evictions (from lower level)
   PUTX: 0 # Dirty evictions (from lower level)
   INV: 0 # Invalidates (from upper level)
   INVX: 0 # Downgrades (from upper level)
   FWD: 0 # Forwards (from upper level)
   latGETnl: 972 # GET request latency on next level
   latGETnet: 0 # GET request latency on network to next level
  l1i-6: # Filter cache stats
   fhGETS: 118386665 # Filtered GETS hits
   fhGETX: 0 # Filtered GETX hits
   hGETS: 0 # GETS hits
   hGETX: 0 # GETX hits
   mGETS: 76 # GETS misses
   mGETXIM: 0 # GETX I->M misses
   mGETXSM: 0 # GETX S->M misses (upgrade misses)
   PUTS: 0 # Clean evictions (from lower level)
   PUTX: 0 # Dirty evictions (from lower level)
   INV: 5 # Invalidates (from upper level)
   INVX: 0 # Downgrades (from upper level)
   FWD: 0 # Forwards (from upper level)
   latGETnl: 2896 # GET request latency on next level
   latGETnet: 0 # GET request latency on network to next level
 l1d: # Cache stats
  l1d-0: # Filter cache stats
   fhGETS: 218036517 # Filtered GETS hits
   fhGETX: 38836220 # Filtered GETX hits
   hGETS: 4238883 # GETS hits
   hGETX: 616669 # GETX hits
   mGETS: 2466041 # GETS misses
   mGETXIM: 321 # GETX I->M misses
   mGETXSM: 3 # GETX S->M misses (upgrade misses)
   PUTS: 0 # Clean evictions (from lower level)
   PUTX: 0 # Dirty evictions (from lower level)
   INV: 309 # Invalidates (from upper level)
   INVX: 98 # Downgrades (from upper level)
   FWD: 0 # Forwards (from upper level)
   latGETnl: 187440949 # GET request latency on next level
   latGETnet: 0 # GET request latency on network to next level
  l1d-1: # Filter cache stats
   fhGETS: 218034018 # Filtered GETS hits
   fhGETX: 38834613 # Filtered GETX hits
   hGETS: 4237866 # GETS hits
   hGETX: 616527 # GETX hits
   mGETS: 2465930 # GETS misses
   mGETXIM: 191 # GETX I->M misses
   mGETXSM: 8 # GETX S->M misses (upgrade misses)
   PUTS: 0 # Clean evictions (from lower level)
   PUTX: 0 # Dirty evictions (from lower level)
   INV: 265 # Invalidates (from upper level)
   INVX: 21 # Downgrades (from upper level)
   FWD: 0 # Forwards (from upper level)
   latGETnl: 187420092 # GET request latency on next level
   latGETnet: 0 # GET request latency on network to next level
  l1d-2: # Filter cache stats
   fhGETS: 218040965 # Filtered GETS hits
   fhGETX: 38835783 # Filtered GETX hits
   hGETS: 4237723 # GETS hits
   hGETX: 616547 # GETX hits
   mGETS: 2465980 # GETS misses
   mGETXIM: 178 # GETX I->M misses
   mGETXSM: 6 # GETX S->M misses (upgrade misses)
   PUTS: 0 # Clean evictions (from lower level)
   PUTX: 0 # Dirty evictions (from lower level)
   INV: 266 # Invalidates (from upper level)
   INVX: 6 # Downgrades (from upper level)
   FWD: 0 # Forwards (from upper level)
   latGETnl: 187422850 # GET request latency on next level
   latGETnet: 0 # GET request latency on network to next level
  l1d-3: # Filter cache stats
   fhGETS: 218041906 # Filtered GETS hits
   fhGETX: 38836144 # Filtered GETX hits
   hGETS: 4238584 # GETS hits
   hGETX: 616439 # GETX hits
   mGETS: 2465930 # GETS misses
   mGETXIM: 172 # GETX I->M misses
   mGETXSM: 4 # GETX S->M misses (upgrade misses)
   PUTS: 0 # Clean evictions (from lower level)
   PUTX: 0 # Dirty evictions (from lower level)
   INV: 264 # Invalidates (from upper level)
   INVX: 11 # Downgrades (from upper level)
   FWD: 0 # Forwards (from upper level)
   latGETnl: 187420001 # GET request latency on next level
   latGETnet: 0 # GET request latency on network to next level
  l1d-4: # Filter cache stats
   fhGETS: 218037312 # Filtered GETS hits
   fhGETX: 38835140 # Filtered GETX hits
   hGETS: 4237588 # GETS hits
   hGETX: 616455 # GETX hits
   mGETS: 2465897 # GETS misses
   mGETXIM: 175 # GETX I->M misses
   mGETXSM: 4 # GETX S->M misses (upgrade misses)
   PUTS: 0 # Clean evictions (from lower level)
   PUTX: 0 # Dirty evictions (from lower level)
   INV: 264 # Invalidates (from upper level)
   INVX: 2 # Downgrades (from upper level)
   FWD: 0 # Forwards (from upper level)
   latGETnl: 187417383 # GET request latency on next level
   latGETnet: 0 # GET request latency on network to next level
  l1d-5: # Filter cache stats
   fhGETS: 218033844 # Filtered GETS hits
   fhGETX: 38834695 # Filtered GETX hits
   hGETS: 4238842 # GETS hits
   hGETX: 616523 # GETX hits
   mGETS: 2465870 # GETS misses
   mGETXIM: 177 # GETX I->M misses
   mGETXSM: 4 # GETX S->M misses (upgrade misses)
   PUTS: 0 # Clean evictions (from lower level)
   PUTX: 0 # Dirty evictions (from lower level)
   INV: 264 # Invalidates (from upper level)
   INVX: 14 # Downgrades (from upper level)
   FWD: 0 # Forwards (from upper level)
   latGETnl: 187415992 # GET request latency on next level
   latGETnet: 0 # GET request latency on network to next level
  l1d-6: # Filter cache stats
   fhGETS: 218037950 # Filtered GETS hits
   fhGETX: 38835097 # Filtered GETX hits
   hGETS: 4236915 # GETS hits
   hGETX: 616532 # GETX hits
   mGETS: 2465929 # GETS misses
   mGETXIM: 177 # GETX I->M misses
   mGETXSM: 5 # GETX S->M misses (upgrade misses)
   PUTS: 0 # Clean evictions (from lower level)
   PUTX: 0 # Dirty evictions (from lower level)
   INV: 263 # Invalidates (from upper level)
   INVX: 8 # Downgrades (from upper level)
   FWD: 0 # Forwards (from upper level)
   latGETnl: 187420043 # GET request latency on next level
   latGETnet: 0 # GET request latency on network to next level
 l2: # Cache stats
  l2-0: # Cache stats
   hGETS: 28 # GETS hits
   hGETX: 1 # GETX hits
   mGETS: 2466168 # GETS misses
   mGETXIM: 320 # GETX I->M misses
   mGETXSM: 3 # GETX S->M misses (upgrade misses)
   PUTS: 2465432 # Clean evictions (from lower level)
   PUTX: 109 # Dirty evictions (from lower level)
   INV: 2448270 # Invalidates (from upper level)
   INVX: 109 # Downgrades (from upper level)
   FWD: 0 # Forwards (from upper level)
   latGETnl: 160320097 # GET request latency on next level
   latGETnet: 0 # GET request latency on network to next level
  l2-1: # Cache stats
   hGETS: 40 # GETS hits
   hGETX: 0 # GETX hits
   mGETS: 2465968 # GETS misses
   mGETXIM: 191 # GETX I->M misses
   mGETXSM: 8 # GETX S->M misses (upgrade misses)
   PUTS: 2465326 # Clean evictions (from lower level)
   PUTX: 18 # Dirty evictions (from lower level)
   INV: 2447956 # Invalidates (from upper level)
   INVX: 21 # Downgrades (from upper level)
   FWD: 0 # Forwards (from upper level)
   latGETnl: 160294767 # GET request latency on next level
   latGETnet: 0 # GET request latency on network to next level
  l2-2: # Cache stats
   hGETS: 40 # GETS hits
   hGETX: 0 # GETX hits
   mGETS: 2466014 # GETS misses
   mGETXIM: 178 # GETX I->M misses
   mGETXSM: 6 # GETX S->M misses (upgrade misses)
   PUTS: 2465361 # Clean evictions (from lower level)
   PUTX: 19 # Dirty evictions (from lower level)
   INV: 2447925 # Invalidates (from upper level)
   INVX: 6 # Downgrades (from upper level)
   FWD: 0 # Forwards (from upper level)
   latGETnl: 160296736 # GET request latency on next level
   latGETnet: 0 # GET request latency on network to next level
  l2-3: # Cache stats
   hGETS: 40 # GETS hits
   hGETX: 0 # GETX hits
   mGETS: 2465923 # GETS misses
   mGETXIM: 172 # GETX I->M misses
   mGETXSM: 4 # GETX S->M misses (upgrade misses)
   PUTS: 2465319 # Clean evictions (from lower level)
   PUTX: 7 # Dirty evictions (from lower level)
   INV: 2447187 # Invalidates (from upper level)
   INVX: 11 # Downgrades (from upper level)
   FWD: 0 # Forwards (from upper level)
   latGETnl: 160293396 # GET request latency on next level
   latGETnet: 0 # GET request latency on network to next level
  l2-4: # Cache stats
   hGETS: 40 # GETS hits
   hGETX: 0 # GETX hits
   mGETS: 2465890 # GETS misses
   mGETXIM: 175 # GETX I->M misses
   mGETXSM: 4 # GETX S->M misses (upgrade misses)
   PUTS: 2465290 # Clean evictions (from lower level)
   PUTX: 6 # Dirty evictions (from lower level)
   INV: 2447101 # Invalidates (from upper level)
   INVX: 2 # Downgrades (from upper level)
   FWD: 0 # Forwards (from upper level)
   latGETnl: 160291108 # GET request latency on next level
   latGETnet: 0 # GET request latency on network to next level
  l2-5: # Cache stats
   hGETS: 40 # GETS hits
   hGETX: 0 # GETX hits
   mGETS: 2465863 # GETS misses
   mGETXIM: 177 # GETX I->M misses
   mGETXSM: 4 # GETX S->M misses (upgrade misses)
   PUTS: 2465265 # Clean evictions (from lower level)
   PUTX: 6 # Dirty evictions (from lower level)
   INV: 2447076 # Invalidates (from upper level)
   INVX: 14 # Downgrades (from upper level)
   FWD: 0 # Forwards (from upper level)
   latGETnl: 160290040 # GET request latency on next level
   latGETnet: 0 # GET request latency on network to next level
  l2-6: # Cache stats
   hGETS: 20 # GETS hits
   hGETX: 0 # GETX hits
   mGETS: 2465985 # GETS misses
   mGETXIM: 177 # GETX I->M misses
   mGETXSM: 5 # GETX S->M misses (upgrade misses)
   PUTS: 2465311 # Clean evictions (from lower level)
   PUTX: 20 # Dirty evictions (from lower level)
   INV: 2446019 # Invalidates (from upper level)
   INVX: 8 # Downgrades (from upper level)
   FWD: 0 # Forwards (from upper level)
   latGETnl: 160294882 # GET request latency on next level
   latGETnet: 0 # GET request latency on network to next level
 l3: # Cache stats
  l3-0: # Cache stats
   hGETS: 630 # GETS hits
   hGETX: 46 # GETX hits
   mGETS: 17261181 # GETS misses
   mGETXIM: 1378 # GETX I->M misses
   mGETXSM: 0 # GETX S->M misses (upgrade misses)
   PUTS: 0 # Clean evictions (from lower level)
   PUTX: 0 # Dirty evictions (from lower level)
   INV: 0 # Invalidates (from upper level)
   INVX: 0 # Downgrades (from upper level)
   FWD: 0 # Forwards (from upper level)
   latGETnl: 828602832 # GET request latency on next level
   latGETnet: 0 # GET request latency on network to next level
 mem: # Memory controller stats
  mem-0: # Memory controller stats
   rd: 8631252 # Read requests
   wr: 1012 # Write requests
   rdlat: 682427252 # Total latency experienced by read requests
   wrlat: 137424 # Total latency experienced by write requests
   rdhits: 0 # Read row hits
   wrhits: 0 # Write row hits
   mlh: # latency histogram for memory requests
    0: 0
    1: 0
    2: 0
    3: 0
    4: 0
    5: 0
    6: 0
    7: 8302611
    8: 223383
    9: 19731
    10: 1053
    11: 1857
    12: 1596
    13: 909
    14: 815
    15: 1449
    16: 1319
    17: 916
    18: 896
    19: 857
    20: 753
    21: 975
    22: 14020
    23: 14007
    24: 9522
    25: 8971
    26: 7503
    27: 7357
    28: 6692
    29: 1646
    30: 1109
    31: 1161
    32: 136
    33: 4
    34: 2
    35: 2
    36: 0
    37: 0
    38: 0
    39: 0
    40: 0
    41: 0
    42: 0
    43: 0
    44: 0
    45: 0
    46: 0
    47: 0
    48: 0
    49: 0
    50: 0
    51: 0
    52: 0
    53: 0
    54: 0
    55: 0
    56: 0
    57: 0
    58: 0
    59: 0
    60: 0
    61: 0
    62: 0
    63: 0
    64: 0
    65: 0
    66: 0
    67: 0
    68: 0
    69: 0
    70: 0
    71: 0
    72: 0
    73: 0
    74: 0
    75: 0
    76: 0
    77: 0
    78: 0
    79: 0
    80: 0
    81: 0
    82: 0
    83: 0
    84: 0
    85: 0
    86: 0
    87: 0
    88: 0
    89: 0
    90: 0
    91: 0
    92: 0
    93: 0
    94: 0
    95: 0
    96: 0
    97: 0
    98: 0
    99: 0
  mem-1: # Memory controller stats
   rd: 8631285 # Read requests
   wr: 1018 # Write requests
   rdlat: 682536625 # Total latency experienced by read requests
   wrlat: 139417 # Total latency experienced by write requests
   rdhits: 0 # Read row hits
   wrhits: 0 # Write row hits
   mlh: # latency histogram for memory requests
    0: 0
    1: 0
    2: 0
    3: 0
    4: 0
    5: 0
    6: 0
    7: 8301463
    8: 224391
    9: 19349
    10: 976
    11: 1874
    12: 1608
    13: 912
    14: 862
    15: 1423
    16: 1403
    17: 949
    18: 907
    19: 785
    20: 811
    21: 959
    22: 13814
    23: 14202
    24: 9706
    25: 8869
    26: 7563
    27: 7371
    28: 6804
    29: 1844
    30: 1070
    31: 1220
    32: 140
    33: 1
    34: 2
    35: 5
    36: 2
    37: 0
    38: 0
    39: 0
    40: 0
    41: 0
    42: 0
    43: 0
    44: 0
    45: 0
    46: 0
    47: 0
    48: 0
    49: 0
    50: 0
    51: 0
    52: 0
    53: 0
    54: 0
    55: 0
    56: 0
    57: 0
    58: 0
    59: 0
    60: 0
    61: 0
    62: 0
    63: 0
    64: 0
    65: 0
    66: 0
    67: 0
    68: 0
    69: 0
    70: 0
    71: 0
    72: 0
    73: 0
    74: 0
    75: 0
    76: 0
    77: 0
    78: 0
    79: 0
    80: 0
    81: 0
    82: 0
    83: 0
    84: 0
    85: 0
    86: 0
    87: 0
    88: 0
    89: 0
    90: 0
    91: 0
    92: 0
    93: 0
    94: 0
    95: 0
    96: 0
    97: 0
    98: 0
    99: 0
 sched: # Scheduler stats
  thCr: 7 # Threads created
  thFn: 0 # Threads finished
  schedEvs: 7 # Schedule events
  waitEvs: 0 # Wait events
  handoffEvs: 0 # Handoff events
  sleepEvs: 0 # Sleep events
  idlePhases: 0 # Phases with no thread active
  idlePeriods: 0 # Periods with no thread active
  occHist: # Occupancy histogram
   0: 0
   1: 4
   2: 0
   3: 0
   4: 1
   5: 0
   6: 0
   7: 97833
  rqSzHist: # Run queue size histogram
   0: 97838
   1: 0
   2: 0
   3: 0
   4: 0
   5: 0
   6: 0
   7: 0
   8: 0
   9: 0
   10: 0
   11: 0
   12: 0
   13: 0
   14: 0
   15: 0
   16: 0
 procCycles: # Per-process unhalted core cycles
  0: 6848386587
  1: 0
  2: 0
  3: 0
  4: 0
  5: 0
  6: 0
  7: 0
  8: 0
  9: 0
  10: 0
  11: 0
  12: 0
  13: 0
  14: 0
  15: 0
  16: 0
  17: 0
  18: 0
  19: 0
  20: 0
  21: 0
  22: 0
  23: 0
  24: 0
  25: 0
  26: 0
  27: 0
  28: 0
  29: 0
  30: 0
  31: 0
  32: 0
  33: 0
  34: 0
  35: 0
  36: 0
  37: 0
  38: 0
  39: 0
  40: 0
  41: 0
  42: 0
  43: 0
  44: 0
  45: 0
  46: 0
  47: 0
  48: 0
  49: 0
  50: 0
  51: 0
  52: 0
  53: 0
  54: 0
  55: 0
  56: 0
  57: 0
  58: 0
  59: 0
  60: 0
  61: 0
  62: 0
  63: 0
 procInstrs: # Per-process instructions
  0: 5000045194
  1: 0
  2: 0
  3: 0
  4: 0
  5: 0
  6: 0
  7: 0
  8: 0
  9: 0
  10: 0
  11: 0
  12: 0
  13: 0
  14: 0
  15: 0
  16: 0
  17: 0
  18: 0
  19: 0
  20: 0
  21: 0
  22: 0
  23: 0
  24: 0
  25: 0
  26: 0
  27: 0
  28: 0
  29: 0
  30: 0
  31: 0
  32: 0
  33: 0
  34: 0
  35: 0
  36: 0
  37: 0
  38: 0
  39: 0
  40: 0
  41: 0
  42: 0
  43: 0
  44: 0
  45: 0
  46: 0
  47: 0
  48: 0
  49: 0
  50: 0
  51: 0
  52: 0
  53: 0
  54: 0
  55: 0
  56: 0
  57: 0
  58: 0
  59: 0
  60: 0
  61: 0
  62: 0
  63: 0
 heartbeats: # Per-process heartbeats
  0: 0
  1: 0
  2: 0
  3: 0
  4: 0
  5: 0
  6: 0
  7: 0
  8: 0
  9: 0
  10: 0
  11: 0
  12: 0
  13: 0
  14: 0
  15: 0
  16: 0
  17: 0
  18: 0
  19: 0
  20: 0
  21: 0
  22: 0
  23: 0
  24: 0
  25: 0
  26: 0
  27: 0
  28: 0
  29: 0
  30: 0
  31: 0
  32: 0
  33: 0
  34: 0
  35: 0
  36: 0
  37: 0
  38: 0
  39: 0
  40: 0
  41: 0
  42: 0
  43: 0
  44: 0
  45: 0
  46: 0
  47: 0
  48: 0
  49: 0
  50: 0
  51: 0
  52: 0
  53: 0
  54: 0
  55: 0
  56: 0
  57: 0
  58: 0
  59: 0
  60: 0
  61: 0
  62: 0
  63: 0
===
