# zsim stats
===
root: # Stats
 contention: # Contention simulation stats
  domain-0: # Domain stats
   time: 13479842296 # Weave simulation time
 time: # Simulator time breakdown
  init: 12415987721
  bound: 487196723944
  weave: 25844239717
  ff: 0
 trigger: 20000 # Reason for this stats dump
 phase: 158633 # Simulated phases
 core: # Core stats
  core-0: # Core stats
   cycles: 1586331207 # Simulated unhalted cycles
   cCycles: 188260087 # Cycles due to contention stalls
   instrs: 1666677474 # Simulated instructions
   uops: 1994666147 # Retired micro-ops
   bbls: 214817933 # Basic blocks
   approxInstrs: 33268180 # Instrs with approx uop decoding
   mispredBranches: 1918506 # Mispredicted branches
  core-1: # Core stats
   cycles: 1586310987 # Simulated unhalted cycles
   cCycles: 187269685 # Cycles due to contention stalls
   instrs: 1666916524 # Simulated instructions
   uops: 1994952458 # Retired micro-ops
   bbls: 214848534 # Basic blocks
   approxInstrs: 33273035 # Instrs with approx uop decoding
   mispredBranches: 1933692 # Mispredicted branches
  core-2: # Core stats
   cycles: 1586311160 # Simulated unhalted cycles
   cCycles: 188203395 # Cycles due to contention stalls
   instrs: 1666435742 # Simulated instructions
   uops: 1994377320 # Retired micro-ops
   bbls: 214786384 # Basic blocks
   approxInstrs: 33263730 # Instrs with approx uop decoding
   mispredBranches: 1917982 # Mispredicted branches
 l1i: # Cache stats
  l1i-0: # Filter cache stats
   fhGETS: 285828021 # Filtered GETS hits
   fhGETX: 0 # Filtered GETX hits
   hGETS: 255 # GETS hits
   hGETX: 0 # GETX hits
   mGETS: 245 # GETS misses
   mGETXIM: 0 # GETX I->M misses
   mGETXSM: 0 # GETX S->M misses (upgrade misses)
   PUTS: 0 # Clean evictions (from lower level)
   PUTX: 0 # Dirty evictions (from lower level)
   INV: 139 # Invalidates (from upper level)
   INVX: 0 # Downgrades (from upper level)
   FWD: 0 # Forwards (from upper level)
   latGETnl: 17840 # GET request latency on next level
   latGETnet: 0 # GET request latency on network to next level
  l1i-1: # Filter cache stats
   fhGETS: 285944088 # Filtered GETS hits
   fhGETX: 0 # Filtered GETX hits
   hGETS: 24 # GETS hits
   hGETX: 0 # GETX hits
   mGETS: 111 # GETS misses
   mGETXIM: 0 # GETX I->M misses
   mGETXSM: 0 # GETX S->M misses (upgrade misses)
   PUTS: 0 # Clean evictions (from lower level)
   PUTX: 0 # Dirty evictions (from lower level)
   INV: 8 # Invalidates (from upper level)
   INVX: 0 # Downgrades (from upper level)
   FWD: 0 # Forwards (from upper level)
   latGETnl: 4323 # GET request latency on next level
   latGETnet: 0 # GET request latency on network to next level
  l1i-2: # Filter cache stats
   fhGETS: 285785738 # Filtered GETS hits
   fhGETX: 0 # Filtered GETX hits
   hGETS: 3 # GETS hits
   hGETX: 0 # GETX hits
   mGETS: 109 # GETS misses
   mGETXIM: 0 # GETX I->M misses
   mGETXSM: 0 # GETX S->M misses (upgrade misses)
   PUTS: 0 # Clean evictions (from lower level)
   PUTX: 0 # Dirty evictions (from lower level)
   INV: 4 # Invalidates (from upper level)
   INVX: 0 # Downgrades (from upper level)
   FWD: 0 # Forwards (from upper level)
   latGETnl: 4217 # GET request latency on next level
   latGETnet: 0 # GET request latency on network to next level
 l1d: # Cache stats
  l1d-0: # Filter cache stats
   fhGETS: 485100165 # Filtered GETS hits
   fhGETX: 78798279 # Filtered GETX hits
   hGETS: 33541506 # GETS hits
   hGETX: 13256347 # GETX hits
   mGETS: 5753687 # GETS misses
   mGETXIM: 252 # GETX I->M misses
   mGETXSM: 1 # GETX S->M misses (upgrade misses)
   PUTS: 0 # Clean evictions (from lower level)
   PUTX: 0 # Dirty evictions (from lower level)
   INV: 284 # Invalidates (from upper level)
   INVX: 82 # Downgrades (from upper level)
   FWD: 0 # Forwards (from upper level)
   latGETnl: 443050997 # GET request latency on next level
   latGETnet: 0 # GET request latency on network to next level
  l1d-1: # Filter cache stats
   fhGETS: 508826324 # Filtered GETS hits
   fhGETX: 90628625 # Filtered GETX hits
   hGETS: 9890189 # GETS hits
   hGETX: 1438694 # GETX hits
   mGETS: 5754412 # GETS misses
   mGETXIM: 222 # GETX I->M misses
   mGETXSM: 8 # GETX S->M misses (upgrade misses)
   PUTS: 0 # Clean evictions (from lower level)
   PUTX: 0 # Dirty evictions (from lower level)
   INV: 283 # Invalidates (from upper level)
   INVX: 13 # Downgrades (from upper level)
   FWD: 0 # Forwards (from upper level)
   latGETnl: 443102054 # GET request latency on next level
   latGETnet: 0 # GET request latency on network to next level
  l1d-2: # Filter cache stats
   fhGETS: 508679879 # Filtered GETS hits
   fhGETX: 90602549 # Filtered GETX hits
   hGETS: 9887110 # GETS hits
   hGETX: 1438098 # GETX hits
   mGETS: 5752727 # GETS misses
   mGETXIM: 204 # GETX I->M misses
   mGETXSM: 5 # GETX S->M misses (upgrade misses)
   PUTS: 0 # Clean evictions (from lower level)
   PUTX: 0 # Dirty evictions (from lower level)
   INV: 263 # Invalidates (from upper level)
   INVX: 8 # Downgrades (from upper level)
   FWD: 0 # Forwards (from upper level)
   latGETnl: 442971952 # GET request latency on next level
   latGETnet: 0 # GET request latency on network to next level
 l2: # Cache stats
  l2-0: # Cache stats
   hGETS: 27 # GETS hits
   hGETX: 1 # GETX hits
   mGETS: 5753905 # GETS misses
   mGETXIM: 251 # GETX I->M misses
   mGETXSM: 1 # GETX S->M misses (upgrade misses)
   PUTS: 5753083 # Clean evictions (from lower level)
   PUTX: 63 # Dirty evictions (from lower level)
   INV: 5709403 # Invalidates (from upper level)
   INVX: 84 # Downgrades (from upper level)
   FWD: 0 # Forwards (from upper level)
   latGETnl: 374018617 # GET request latency on next level
   latGETnet: 0 # GET request latency on network to next level
  l2-1: # Cache stats
   hGETS: 40 # GETS hits
   hGETX: 0 # GETX hits
   mGETS: 5754483 # GETS misses
   mGETXIM: 222 # GETX I->M misses
   mGETXSM: 8 # GETX S->M misses (upgrade misses)
   PUTS: 5753821 # Clean evictions (from lower level)
   PUTX: 18 # Dirty evictions (from lower level)
   INV: 5710748 # Invalidates (from upper level)
   INVX: 23 # Downgrades (from upper level)
   FWD: 0 # Forwards (from upper level)
   latGETnl: 374049341 # GET request latency on next level
   latGETnet: 0 # GET request latency on network to next level
  l2-2: # Cache stats
   hGETS: 20 # GETS hits
   hGETX: 0 # GETX hits
   mGETS: 5752816 # GETS misses
   mGETXIM: 204 # GETX I->M misses
   mGETXSM: 5 # GETX S->M misses (upgrade misses)
   PUTS: 5752136 # Clean evictions (from lower level)
   PUTX: 20 # Dirty evictions (from lower level)
   INV: 5710322 # Invalidates (from upper level)
   INVX: 8 # Downgrades (from upper level)
   FWD: 0 # Forwards (from upper level)
   latGETnl: 373939629 # GET request latency on next level
   latGETnet: 0 # GET request latency on network to next level
 l3: # Cache stats
  l3-0: # Cache stats
   hGETS: 350 # GETS hits
   hGETX: 18 # GETX hits
   mGETS: 17260854 # GETS misses
   mGETXIM: 673 # GETX I->M misses
   mGETXSM: 0 # GETX S->M misses (upgrade misses)
   PUTS: 0 # Clean evictions (from lower level)
   PUTX: 0 # Dirty evictions (from lower level)
   INV: 0 # Invalidates (from upper level)
   INVX: 0 # Downgrades (from upper level)
   FWD: 0 # Forwards (from upper level)
   latGETnl: 828553296 # GET request latency on next level
   latGETnet: 0 # GET request latency on network to next level
 mem: # Memory controller stats
  mem-0: # Memory controller stats
   rd: 8630737 # Read requests
   wr: 453 # Write requests
   rdlat: 1170502517 # Total latency experienced by read requests
   wrlat: 125561 # Total latency experienced by write requests
   rdhits: 3 # Read row hits
   wrhits: 0 # Write row hits
   mlh: # latency histogram for memory requests
    0: 0
    1: 0
    2: 0
    3: 0
    4: 0
    5: 0
    6: 1
    7: 1508096
    8: 1340175
    9: 1061700
    10: 489703
    11: 208357
    12: 45009
    13: 32178
    14: 21698
    15: 80422
    16: 1670033
    17: 1016608
    18: 110893
    19: 36264
    20: 21896
    21: 22486
    22: 22420
    23: 21005
    24: 657209
    25: 99515
    26: 20715
    27: 16780
    28: 13846
    29: 11298
    30: 10709
    31: 8410
    32: 11955
    33: 13353
    34: 8741
    35: 7071
    36: 6359
    37: 4900
    38: 3017
    39: 1834
    40: 2897
    41: 8282
    42: 5094
    43: 2715
    44: 2468
    45: 2159
    46: 650
    47: 379
    48: 346
    49: 311
    50: 234
    51: 190
    52: 111
    53: 68
    54: 40
    55: 36
    56: 19
    57: 26
    58: 22
    59: 12
    60: 17
    61: 2
    62: 0
    63: 3
    64: 0
    65: 0
    66: 0
    67: 0
    68: 0
    69: 0
    70: 0
    71: 0
    72: 0
    73: 0
    74: 0
    75: 0
    76: 0
    77: 0
    78: 0
    79: 0
    80: 0
    81: 0
    82: 0
    83: 0
    84: 0
    85: 0
    86: 0
    87: 0
    88: 0
    89: 0
    90: 0
    91: 0
    92: 0
    93: 0
    94: 0
    95: 0
    96: 0
    97: 0
    98: 0
    99: 0
  mem-1: # Memory controller stats
   rd: 8630770 # Read requests
   wr: 458 # Write requests
   rdlat: 1170219320 # Total latency experienced by read requests
   wrlat: 131038 # Total latency experienced by write requests
   rdhits: 3 # Read row hits
   wrhits: 0 # Write row hits
   mlh: # latency histogram for memory requests
    0: 0
    1: 0
    2: 0
    3: 0
    4: 0
    5: 0
    6: 1
    7: 1508487
    8: 1340473
    9: 1061284
    10: 489739
    11: 208502
    12: 45116
    13: 32299
    14: 21591
    15: 80562
    16: 1670448
    17: 1015998
    18: 111623
    19: 36139
    20: 22217
    21: 22454
    22: 22270
    23: 21053
    24: 656877
    25: 99924
    26: 20653
    27: 16570
    28: 13653
    29: 11463
    30: 10606
    31: 8356
    32: 11906
    33: 13391
    34: 8684
    35: 7008
    36: 6228
    37: 4784
    38: 2916
    39: 1760
    40: 2741
    41: 8462
    42: 4953
    43: 2772
    44: 2394
    45: 2058
    46: 625
    47: 377
    48: 293
    49: 259
    50: 253
    51: 199
    52: 89
    53: 77
    54: 48
    55: 29
    56: 30
    57: 17
    58: 22
    59: 17
    60: 9
    61: 6
    62: 3
    63: 2
    64: 0
    65: 0
    66: 0
    67: 0
    68: 0
    69: 0
    70: 0
    71: 0
    72: 0
    73: 0
    74: 0
    75: 0
    76: 0
    77: 0
    78: 0
    79: 0
    80: 0
    81: 0
    82: 0
    83: 0
    84: 0
    85: 0
    86: 0
    87: 0
    88: 0
    89: 0
    90: 0
    91: 0
    92: 0
    93: 0
    94: 0
    95: 0
    96: 0
    97: 0
    98: 0
    99: 0
 sched: # Scheduler stats
  thCr: 3 # Threads created
  thFn: 0 # Threads finished
  schedEvs: 3 # Schedule events
  waitEvs: 0 # Wait events
  handoffEvs: 0 # Handoff events
  sleepEvs: 0 # Sleep events
  idlePhases: 0 # Phases with no thread active
  idlePeriods: 0 # Periods with no thread active
  occHist: # Occupancy histogram
   0: 0
   1: 2
   2: 0
   3: 158631
  rqSzHist: # Run queue size histogram
   0: 158633
   1: 0
   2: 0
   3: 0
   4: 0
   5: 0
   6: 0
   7: 0
   8: 0
   9: 0
   10: 0
   11: 0
   12: 0
   13: 0
   14: 0
   15: 0
   16: 0
 procCycles: # Per-process unhalted core cycles
  0: 4758953354
  1: 0
  2: 0
  3: 0
  4: 0
  5: 0
  6: 0
  7: 0
  8: 0
  9: 0
  10: 0
  11: 0
  12: 0
  13: 0
  14: 0
  15: 0
  16: 0
  17: 0
  18: 0
  19: 0
  20: 0
  21: 0
  22: 0
  23: 0
  24: 0
  25: 0
  26: 0
  27: 0
  28: 0
  29: 0
  30: 0
  31: 0
  32: 0
  33: 0
  34: 0
  35: 0
  36: 0
  37: 0
  38: 0
  39: 0
  40: 0
  41: 0
  42: 0
  43: 0
  44: 0
  45: 0
  46: 0
  47: 0
  48: 0
  49: 0
  50: 0
  51: 0
  52: 0
  53: 0
  54: 0
  55: 0
  56: 0
  57: 0
  58: 0
  59: 0
  60: 0
  61: 0
  62: 0
  63: 0
 procInstrs: # Per-process instructions
  0: 5000029740
  1: 0
  2: 0
  3: 0
  4: 0
  5: 0
  6: 0
  7: 0
  8: 0
  9: 0
  10: 0
  11: 0
  12: 0
  13: 0
  14: 0
  15: 0
  16: 0
  17: 0
  18: 0
  19: 0
  20: 0
  21: 0
  22: 0
  23: 0
  24: 0
  25: 0
  26: 0
  27: 0
  28: 0
  29: 0
  30: 0
  31: 0
  32: 0
  33: 0
  34: 0
  35: 0
  36: 0
  37: 0
  38: 0
  39: 0
  40: 0
  41: 0
  42: 0
  43: 0
  44: 0
  45: 0
  46: 0
  47: 0
  48: 0
  49: 0
  50: 0
  51: 0
  52: 0
  53: 0
  54: 0
  55: 0
  56: 0
  57: 0
  58: 0
  59: 0
  60: 0
  61: 0
  62: 0
  63: 0
 heartbeats: # Per-process heartbeats
  0: 0
  1: 0
  2: 0
  3: 0
  4: 0
  5: 0
  6: 0
  7: 0
  8: 0
  9: 0
  10: 0
  11: 0
  12: 0
  13: 0
  14: 0
  15: 0
  16: 0
  17: 0
  18: 0
  19: 0
  20: 0
  21: 0
  22: 0
  23: 0
  24: 0
  25: 0
  26: 0
  27: 0
  28: 0
  29: 0
  30: 0
  31: 0
  32: 0
  33: 0
  34: 0
  35: 0
  36: 0
  37: 0
  38: 0
  39: 0
  40: 0
  41: 0
  42: 0
  43: 0
  44: 0
  45: 0
  46: 0
  47: 0
  48: 0
  49: 0
  50: 0
  51: 0
  52: 0
  53: 0
  54: 0
  55: 0
  56: 0
  57: 0
  58: 0
  59: 0
  60: 0
  61: 0
  62: 0
  63: 0
===
