# zsim stats
===
root: # Stats
 contention: # Contention simulation stats
  domain-0: # Domain stats
   time: 12971337048 # Weave simulation time
 time: # Simulator time breakdown
  init: 12396670096
  bound: 498299140458
  weave: 18514176738
  ff: 0
 trigger: 20000 # Reason for this stats dump
 phase: 60521 # Simulated phases
 core: # Core stats
  core-0: # Core stats
   cycles: 605211242 # Simulated unhalted cycles
   cCycles: 82597188 # Cycles due to contention stalls
   instrs: 624927696 # Simulated instructions
   uops: 747908610 # Retired micro-ops
   bbls: 80547409 # Basic blocks
   approxInstrs: 12473962 # Instrs with approx uop decoding
   mispredBranches: 725247 # Mispredicted branches
  core-1: # Core stats
   cycles: 605190561 # Simulated unhalted cycles
   cCycles: 82350833 # Cycles due to contention stalls
   instrs: 625214691 # Simulated instructions
   uops: 748251920 # Retired micro-ops
   bbls: 80583829 # Basic blocks
   approxInstrs: 12479795 # Instrs with approx uop decoding
   mispredBranches: 725438 # Mispredicted branches
  core-2: # Core stats
   cycles: 605182285 # Simulated unhalted cycles
   cCycles: 82594772 # Cycles due to contention stalls
   instrs: 624925599 # Simulated instructions
   uops: 747906056 # Retired micro-ops
   bbls: 80546500 # Basic blocks
   approxInstrs: 12474062 # Instrs with approx uop decoding
   mispredBranches: 725047 # Mispredicted branches
  core-3: # Core stats
   cycles: 605182232 # Simulated unhalted cycles
   cCycles: 82746034 # Cycles due to contention stalls
   instrs: 624744628 # Simulated instructions
   uops: 747689472 # Retired micro-ops
   bbls: 80523174 # Basic blocks
   approxInstrs: 12470450 # Instrs with approx uop decoding
   mispredBranches: 724837 # Mispredicted branches
  core-4: # Core stats
   cycles: 605182518 # Simulated unhalted cycles
   cCycles: 82462920 # Cycles due to contention stalls
   instrs: 625083483 # Simulated instructions
   uops: 748095016 # Retired micro-ops
   bbls: 80566857 # Basic blocks
   approxInstrs: 12477217 # Instrs with approx uop decoding
   mispredBranches: 725221 # Mispredicted branches
  core-5: # Core stats
   cycles: 605181289 # Simulated unhalted cycles
   cCycles: 82524163 # Cycles due to contention stalls
   instrs: 625007367 # Simulated instructions
   uops: 748003910 # Retired micro-ops
   bbls: 80557036 # Basic blocks
   approxInstrs: 12475689 # Instrs with approx uop decoding
   mispredBranches: 725140 # Mispredicted branches
  core-6: # Core stats
   cycles: 605180916 # Simulated unhalted cycles
   cCycles: 82383426 # Cycles due to contention stalls
   instrs: 625175237 # Simulated instructions
   uops: 748204826 # Retired micro-ops
   bbls: 80578688 # Basic blocks
   approxInstrs: 12479047 # Instrs with approx uop decoding
   mispredBranches: 725327 # Mispredicted branches
  core-7: # Core stats
   cycles: 605181390 # Simulated unhalted cycles
   cCycles: 82528105 # Cycles due to contention stalls
   instrs: 624996002 # Simulated instructions
   uops: 747990306 # Retired micro-ops
   bbls: 80555598 # Basic blocks
   approxInstrs: 12475464 # Instrs with approx uop decoding
   mispredBranches: 725139 # Mispredicted branches
 l1i: # Cache stats
  l1i-0: # Filter cache stats
   fhGETS: 107201538 # Filtered GETS hits
   fhGETX: 0 # Filtered GETX hits
   hGETS: 418 # GETS hits
   hGETX: 0 # GETX hits
   mGETS: 246 # GETS misses
   mGETXIM: 0 # GETX I->M misses
   mGETXSM: 0 # GETX S->M misses (upgrade misses)
   PUTS: 0 # Clean evictions (from lower level)
   PUTX: 0 # Dirty evictions (from lower level)
   INV: 0 # Invalidates (from upper level)
   INVX: 0 # Downgrades (from upper level)
   FWD: 0 # Forwards (from upper level)
   latGETnl: 16549 # GET request latency on next level
   latGETnet: 0 # GET request latency on network to next level
  l1i-1: # Filter cache stats
   fhGETS: 107250433 # Filtered GETS hits
   fhGETX: 0 # Filtered GETX hits
   hGETS: 46 # GETS hits
   hGETX: 0 # GETX hits
   mGETS: 115 # GETS misses
   mGETXIM: 0 # GETX I->M misses
   mGETXSM: 0 # GETX S->M misses (upgrade misses)
   PUTS: 0 # Clean evictions (from lower level)
   PUTX: 0 # Dirty evictions (from lower level)
   INV: 0 # Invalidates (from upper level)
   INVX: 0 # Downgrades (from upper level)
   FWD: 0 # Forwards (from upper level)
   latGETnl: 4363 # GET request latency on next level
   latGETnet: 0 # GET request latency on network to next level
  l1i-2: # Filter cache stats
   fhGETS: 107200711 # Filtered GETS hits
   fhGETX: 0 # Filtered GETX hits
   hGETS: 0 # GETS hits
   hGETX: 0 # GETX hits
   mGETS: 45 # GETS misses
   mGETXIM: 0 # GETX I->M misses
   mGETXSM: 0 # GETX S->M misses (upgrade misses)
   PUTS: 0 # Clean evictions (from lower level)
   PUTX: 0 # Dirty evictions (from lower level)
   INV: 0 # Invalidates (from upper level)
   INVX: 0 # Downgrades (from upper level)
   FWD: 0 # Forwards (from upper level)
   latGETnl: 1173 # GET request latency on next level
   latGETnet: 0 # GET request latency on network to next level
  l1i-3: # Filter cache stats
   fhGETS: 107169668 # Filtered GETS hits
   fhGETX: 0 # Filtered GETX hits
   hGETS: 0 # GETS hits
   hGETX: 0 # GETX hits
   mGETS: 45 # GETS misses
   mGETXIM: 0 # GETX I->M misses
   mGETXSM: 0 # GETX S->M misses (upgrade misses)
   PUTS: 0 # Clean evictions (from lower level)
   PUTX: 0 # Dirty evictions (from lower level)
   INV: 0 # Invalidates (from upper level)
   INVX: 0 # Downgrades (from upper level)
   FWD: 0 # Forwards (from upper level)
   latGETnl: 1173 # GET request latency on next level
   latGETnet: 0 # GET request latency on network to next level
  l1i-4: # Filter cache stats
   fhGETS: 107227757 # Filtered GETS hits
   fhGETX: 0 # Filtered GETX hits
   hGETS: 0 # GETS hits
   hGETX: 0 # GETX hits
   mGETS: 45 # GETS misses
   mGETXIM: 0 # GETX I->M misses
   mGETXSM: 0 # GETX S->M misses (upgrade misses)
   PUTS: 0 # Clean evictions (from lower level)
   PUTX: 0 # Dirty evictions (from lower level)
   INV: 0 # Invalidates (from upper level)
   INVX: 0 # Downgrades (from upper level)
   FWD: 0 # Forwards (from upper level)
   latGETnl: 1125 # GET request latency on next level
   latGETnet: 0 # GET request latency on network to next level
  l1i-5: # Filter cache stats
   fhGETS: 107214727 # Filtered GETS hits
   fhGETX: 0 # Filtered GETX hits
   hGETS: 0 # GETS hits
   hGETX: 0 # GETX hits
   mGETS: 45 # GETS misses
   mGETXIM: 0 # GETX I->M misses
   mGETXSM: 0 # GETX S->M misses (upgrade misses)
   PUTS: 0 # Clean evictions (from lower level)
   PUTX: 0 # Dirty evictions (from lower level)
   INV: 0 # Invalidates (from upper level)
   INVX: 0 # Downgrades (from upper level)
   FWD: 0 # Forwards (from upper level)
   latGETnl: 1125 # GET request latency on next level
   latGETnet: 0 # GET request latency on network to next level
  l1i-6: # Filter cache stats
   fhGETS: 107243498 # Filtered GETS hits
   fhGETX: 0 # Filtered GETX hits
   hGETS: 0 # GETS hits
   hGETX: 0 # GETX hits
   mGETS: 45 # GETS misses
   mGETXIM: 0 # GETX I->M misses
   mGETXSM: 0 # GETX S->M misses (upgrade misses)
   PUTS: 0 # Clean evictions (from lower level)
   PUTX: 0 # Dirty evictions (from lower level)
   INV: 0 # Invalidates (from upper level)
   INVX: 0 # Downgrades (from upper level)
   FWD: 0 # Forwards (from upper level)
   latGETnl: 1173 # GET request latency on next level
   latGETnet: 0 # GET request latency on network to next level
  l1i-7: # Filter cache stats
   fhGETS: 107212756 # Filtered GETS hits
   fhGETX: 0 # Filtered GETX hits
   hGETS: 3 # GETS hits
   hGETX: 0 # GETX hits
   mGETS: 110 # GETS misses
   mGETXIM: 0 # GETX I->M misses
   mGETXSM: 0 # GETX S->M misses (upgrade misses)
   PUTS: 0 # Clean evictions (from lower level)
   PUTX: 0 # Dirty evictions (from lower level)
   INV: 0 # Invalidates (from upper level)
   INVX: 0 # Downgrades (from upper level)
   FWD: 0 # Forwards (from upper level)
   latGETnl: 3758 # GET request latency on next level
   latGETnet: 0 # GET request latency on network to next level
 l1d: # Cache stats
  l1d-0: # Filter cache stats
   fhGETS: 181889726 # Filtered GETS hits
   fhGETX: 29546699 # Filtered GETX hits
   hGETS: 12576452 # GETS hits
   hGETX: 4970566 # GETX hits
   mGETS: 2157437 # GETS misses
   mGETXIM: 153 # GETX I->M misses
   mGETXSM: 3 # GETX S->M misses (upgrade misses)
   PUTS: 0 # Clean evictions (from lower level)
   PUTX: 0 # Dirty evictions (from lower level)
   INV: 31 # Invalidates (from upper level)
   INVX: 94 # Downgrades (from upper level)
   FWD: 0 # Forwards (from upper level)
   latGETnl: 157503338 # GET request latency on next level
   latGETnet: 0 # GET request latency on network to next level
  l1d-1: # Filter cache stats
   fhGETS: 190847025 # Filtered GETS hits
   fhGETX: 33992483 # Filtered GETX hits
   hGETS: 3709206 # GETS hits
   hGETX: 539629 # GETX hits
   mGETS: 2158367 # GETS misses
   mGETXIM: 19 # GETX I->M misses
   mGETXSM: 8 # GETX S->M misses (upgrade misses)
   PUTS: 0 # Clean evictions (from lower level)
   PUTX: 0 # Dirty evictions (from lower level)
   INV: 3 # Invalidates (from upper level)
   INVX: 13 # Downgrades (from upper level)
   FWD: 0 # Forwards (from upper level)
   latGETnl: 157558962 # GET request latency on next level
   latGETnet: 0 # GET request latency on network to next level
  l1d-2: # Filter cache stats
   fhGETS: 190759402 # Filtered GETS hits
   fhGETX: 33976639 # Filtered GETX hits
   hGETS: 3707021 # GETS hits
   hGETX: 539360 # GETX hits
   mGETS: 2157279 # GETS misses
   mGETXIM: 6 # GETX I->M misses
   mGETXSM: 4 # GETX S->M misses (upgrade misses)
   PUTS: 0 # Clean evictions (from lower level)
   PUTX: 0 # Dirty evictions (from lower level)
   INV: 3 # Invalidates (from upper level)
   INVX: 2 # Downgrades (from upper level)
   FWD: 0 # Forwards (from upper level)
   latGETnl: 157480685 # GET request latency on next level
   latGETnet: 0 # GET request latency on network to next level
  l1d-3: # Filter cache stats
   fhGETS: 190703397 # Filtered GETS hits
   fhGETX: 33966964 # Filtered GETX hits
   hGETS: 3706709 # GETS hits
   hGETX: 539040 # GETX hits
   mGETS: 2156654 # GETS misses
   mGETXIM: 6 # GETX I->M misses
   mGETXSM: 4 # GETX S->M misses (upgrade misses)
   PUTS: 0 # Clean evictions (from lower level)
   PUTX: 0 # Dirty evictions (from lower level)
   INV: 3 # Invalidates (from upper level)
   INVX: 2 # Downgrades (from upper level)
   FWD: 0 # Forwards (from upper level)
   latGETnl: 157434948 # GET request latency on next level
   latGETnet: 0 # GET request latency on network to next level
  l1d-4: # Filter cache stats
   fhGETS: 190806597 # Filtered GETS hits
   fhGETX: 33985204 # Filtered GETX hits
   hGETS: 3708967 # GETS hits
   hGETX: 539520 # GETX hits
   mGETS: 2157824 # GETS misses
   mGETXIM: 6 # GETX I->M misses
   mGETXSM: 4 # GETX S->M misses (upgrade misses)
   PUTS: 0 # Clean evictions (from lower level)
   PUTX: 0 # Dirty evictions (from lower level)
   INV: 3 # Invalidates (from upper level)
   INVX: 2 # Downgrades (from upper level)
   FWD: 0 # Forwards (from upper level)
   latGETnl: 157520358 # GET request latency on next level
   latGETnet: 0 # GET request latency on network to next level
  l1d-5: # Filter cache stats
   fhGETS: 190783462 # Filtered GETS hits
   fhGETX: 33981090 # Filtered GETX hits
   hGETS: 3708395 # GETS hits
   hGETX: 539424 # GETX hits
   mGETS: 2157564 # GETS misses
   mGETXIM: 6 # GETX I->M misses
   mGETXSM: 4 # GETX S->M misses (upgrade misses)
   PUTS: 0 # Clean evictions (from lower level)
   PUTX: 0 # Dirty evictions (from lower level)
   INV: 2 # Invalidates (from upper level)
   INVX: 2 # Downgrades (from upper level)
   FWD: 0 # Forwards (from upper level)
   latGETnl: 157501414 # GET request latency on next level
   latGETnet: 0 # GET request latency on network to next level
  l1d-6: # Filter cache stats
   fhGETS: 190834804 # Filtered GETS hits
   fhGETX: 33990242 # Filtered GETX hits
   hGETS: 3709315 # GETS hits
   hGETX: 539552 # GETX hits
   mGETS: 2158144 # GETS misses
   mGETXIM: 6 # GETX I->M misses
   mGETXSM: 4 # GETX S->M misses (upgrade misses)
   PUTS: 0 # Clean evictions (from lower level)
   PUTX: 0 # Dirty evictions (from lower level)
   INV: 2 # Invalidates (from upper level)
   INVX: 4 # Downgrades (from upper level)
   FWD: 0 # Forwards (from upper level)
   latGETnl: 157543898 # GET request latency on next level
   latGETnet: 0 # GET request latency on network to next level
  l1d-7: # Filter cache stats
   fhGETS: 190779264 # Filtered GETS hits
   fhGETX: 33980534 # Filtered GETX hits
   hGETS: 3708995 # GETS hits
   hGETX: 539399 # GETX hits
   mGETS: 2157576 # GETS misses
   mGETXIM: 18 # GETX I->M misses
   mGETXSM: 5 # GETX S->M misses (upgrade misses)
   PUTS: 0 # Clean evictions (from lower level)
   PUTX: 0 # Dirty evictions (from lower level)
   INV: 1 # Invalidates (from upper level)
   INVX: 8 # Downgrades (from upper level)
   FWD: 0 # Forwards (from upper level)
   latGETnl: 157501751 # GET request latency on next level
   latGETnet: 0 # GET request latency on network to next level
 l2: # Cache stats
  l2-0: # Cache stats
   hGETS: 3 # GETS hits
   hGETX: 1 # GETX hits
   mGETS: 2157680 # GETS misses
   mGETXIM: 152 # GETX I->M misses
   mGETXSM: 3 # GETX S->M misses (upgrade misses)
   PUTS: 2156926 # Clean evictions (from lower level)
   PUTX: 124 # Dirty evictions (from lower level)
   INV: 36 # Invalidates (from upper level)
   INVX: 114 # Downgrades (from upper level)
   FWD: 0 # Forwards (from upper level)
   latGETnl: 140257175 # GET request latency on next level
   latGETnet: 0 # GET request latency on network to next level
  l2-1: # Cache stats
   hGETS: 0 # GETS hits
   hGETX: 0 # GETX hits
   mGETS: 2158482 # GETS misses
   mGETXIM: 19 # GETX I->M misses
   mGETXSM: 8 # GETX S->M misses (upgrade misses)
   PUTS: 2157850 # Clean evictions (from lower level)
   PUTX: 21 # Dirty evictions (from lower level)
   INV: 3 # Invalidates (from upper level)
   INVX: 13 # Downgrades (from upper level)
   FWD: 0 # Forwards (from upper level)
   latGETnl: 140295253 # GET request latency on next level
   latGETnet: 0 # GET request latency on network to next level
  l2-2: # Cache stats
   hGETS: 0 # GETS hits
   hGETX: 0 # GETX hits
   mGETS: 2157324 # GETS misses
   mGETXIM: 6 # GETX I->M misses
   mGETXSM: 4 # GETX S->M misses (upgrade misses)
   PUTS: 2156764 # Clean evictions (from lower level)
   PUTX: 6 # Dirty evictions (from lower level)
   INV: 3 # Invalidates (from upper level)
   INVX: 2 # Downgrades (from upper level)
   FWD: 0 # Forwards (from upper level)
   latGETnl: 140223186 # GET request latency on next level
   latGETnet: 0 # GET request latency on network to next level
  l2-3: # Cache stats
   hGETS: 0 # GETS hits
   hGETX: 0 # GETX hits
   mGETS: 2156699 # GETS misses
   mGETXIM: 6 # GETX I->M misses
   mGETXSM: 4 # GETX S->M misses (upgrade misses)
   PUTS: 2156139 # Clean evictions (from lower level)
   PUTX: 6 # Dirty evictions (from lower level)
   INV: 3 # Invalidates (from upper level)
   INVX: 2 # Downgrades (from upper level)
   FWD: 0 # Forwards (from upper level)
   latGETnl: 140182449 # GET request latency on next level
   latGETnet: 0 # GET request latency on network to next level
  l2-4: # Cache stats
   hGETS: 0 # GETS hits
   hGETX: 0 # GETX hits
   mGETS: 2157869 # GETS misses
   mGETXIM: 6 # GETX I->M misses
   mGETXSM: 4 # GETX S->M misses (upgrade misses)
   PUTS: 2157309 # Clean evictions (from lower level)
   PUTX: 6 # Dirty evictions (from lower level)
   INV: 3 # Invalidates (from upper level)
   INVX: 2 # Downgrades (from upper level)
   FWD: 0 # Forwards (from upper level)
   latGETnl: 140258451 # GET request latency on next level
   latGETnet: 0 # GET request latency on network to next level
  l2-5: # Cache stats
   hGETS: 0 # GETS hits
   hGETX: 0 # GETX hits
   mGETS: 2157609 # GETS misses
   mGETXIM: 6 # GETX I->M misses
   mGETXSM: 4 # GETX S->M misses (upgrade misses)
   PUTS: 2157050 # Clean evictions (from lower level)
   PUTX: 6 # Dirty evictions (from lower level)
   INV: 2 # Invalidates (from upper level)
   INVX: 2 # Downgrades (from upper level)
   FWD: 0 # Forwards (from upper level)
   latGETnl: 140241587 # GET request latency on next level
   latGETnet: 0 # GET request latency on network to next level
  l2-6: # Cache stats
   hGETS: 0 # GETS hits
   hGETX: 0 # GETX hits
   mGETS: 2158189 # GETS misses
   mGETXIM: 6 # GETX I->M misses
   mGETXSM: 4 # GETX S->M misses (upgrade misses)
   PUTS: 2157630 # Clean evictions (from lower level)
   PUTX: 6 # Dirty evictions (from lower level)
   INV: 2 # Invalidates (from upper level)
   INVX: 4 # Downgrades (from upper level)
   FWD: 0 # Forwards (from upper level)
   latGETnl: 140279479 # GET request latency on next level
   latGETnet: 0 # GET request latency on network to next level
  l2-7: # Cache stats
   hGETS: 0 # GETS hits
   hGETX: 0 # GETX hits
   mGETS: 2157686 # GETS misses
   mGETXIM: 18 # GETX I->M misses
   mGETXSM: 5 # GETX S->M misses (upgrade misses)
   PUTS: 2157061 # Clean evictions (from lower level)
   PUTX: 20 # Dirty evictions (from lower level)
   INV: 1 # Invalidates (from upper level)
   INVX: 8 # Downgrades (from upper level)
   FWD: 0 # Forwards (from upper level)
   latGETnl: 140243837 # GET request latency on next level
   latGETnet: 0 # GET request latency on network to next level
 l3: # Cache stats
  l3-0: # Cache stats
   hGETS: 729 # GETS hits
   hGETX: 50 # GETX hits
   mGETS: 17260809 # GETS misses
   mGETXIM: 205 # GETX I->M misses
   mGETXSM: 0 # GETX S->M misses (upgrade misses)
   PUTS: 17195983 # Clean evictions (from lower level)
   PUTX: 185 # Dirty evictions (from lower level)
   INV: 0 # Invalidates (from upper level)
   INVX: 0 # Downgrades (from upper level)
   FWD: 0 # Forwards (from upper level)
   latGETnl: 828528672 # GET request latency on next level
   latGETnet: 0 # GET request latency on network to next level
 mem: # Memory controller stats
  mem-0: # Memory controller stats
   rd: 8630481 # Read requests
   wr: 107 # Write requests
   rdlat: 1304042303 # Total latency experienced by read requests
   wrlat: 41011 # Total latency experienced by write requests
   rdhits: 131 # Read row hits
   wrhits: 0 # Write row hits
   mlh: # latency histogram for memory requests
    0: 0
    1: 0
    2: 0
    3: 0
    4: 0
    5: 0
    6: 3
    7: 1317648
    8: 1161958
    9: 746209
    10: 412644
    11: 245263
    12: 127234
    13: 105465
    14: 89168
    15: 121625
    16: 1321028
    17: 862839
    18: 205375
    19: 125899
    20: 103163
    21: 99592
    22: 99052
    23: 95161
    24: 695762
    25: 171531
    26: 71315
    27: 59490
    28: 51572
    29: 47930
    30: 44180
    31: 35438
    32: 31803
    33: 29795
    34: 23138
    35: 17463
    36: 15624
    37: 13453
    38: 11596
    39: 8631
    40: 7770
    41: 12208
    42: 9814
    43: 6733
    44: 5497
    45: 4793
    46: 3076
    47: 2482
    48: 1883
    49: 1759
    50: 1582
    51: 1298
    52: 851
    53: 636
    54: 518
    55: 396
    56: 288
    57: 216
    58: 187
    59: 150
    60: 117
    61: 60
    62: 43
    63: 20
    64: 13
    65: 16
    66: 6
    67: 9
    68: 3
    69: 4
    70: 3
    71: 3
    72: 0
    73: 0
    74: 0
    75: 0
    76: 0
    77: 0
    78: 0
    79: 0
    80: 0
    81: 0
    82: 0
    83: 0
    84: 0
    85: 0
    86: 0
    87: 0
    88: 0
    89: 0
    90: 0
    91: 0
    92: 0
    93: 0
    94: 0
    95: 0
    96: 0
    97: 0
    98: 0
    99: 0
  mem-1: # Memory controller stats
   rd: 8630483 # Read requests
   wr: 102 # Write requests
   rdlat: 1303822102 # Total latency experienced by read requests
   wrlat: 39539 # Total latency experienced by write requests
   rdhits: 131 # Read row hits
   wrhits: 0 # Write row hits
   mlh: # latency histogram for memory requests
    0: 0
    1: 0
    2: 0
    3: 0
    4: 0
    5: 0
    6: 2
    7: 1317338
    8: 1163665
    9: 745697
    10: 413275
    11: 245083
    12: 126840
    13: 105210
    14: 88884
    15: 121136
    16: 1321458
    17: 863460
    18: 205066
    19: 125437
    20: 103508
    21: 99969
    22: 99023
    23: 95224
    24: 696022
    25: 171123
    26: 70879
    27: 59982
    28: 51511
    29: 48036
    30: 44013
    31: 35497
    32: 31990
    33: 29521
    34: 23036
    35: 17564
    36: 15236
    37: 13252
    38: 11564
    39: 8614
    40: 7693
    41: 12435
    42: 9723
    43: 6786
    44: 5448
    45: 4742
    46: 3058
    47: 2387
    48: 1851
    49: 1781
    50: 1630
    51: 1300
    52: 857
    53: 601
    54: 538
    55: 390
    56: 278
    57: 205
    58: 211
    59: 151
    60: 119
    61: 56
    62: 42
    63: 30
    64: 23
    65: 8
    66: 9
    67: 1
    68: 4
    69: 5
    70: 3
    71: 2
    72: 1
    73: 0
    74: 0
    75: 0
    76: 0
    77: 0
    78: 0
    79: 0
    80: 0
    81: 0
    82: 0
    83: 0
    84: 0
    85: 0
    86: 0
    87: 0
    88: 0
    89: 0
    90: 0
    91: 0
    92: 0
    93: 0
    94: 0
    95: 0
    96: 0
    97: 0
    98: 0
    99: 0
 sched: # Scheduler stats
  thCr: 8 # Threads created
  thFn: 0 # Threads finished
  schedEvs: 8 # Schedule events
  waitEvs: 0 # Wait events
  handoffEvs: 0 # Handoff events
  sleepEvs: 0 # Sleep events
  idlePhases: 0 # Phases with no thread active
  idlePeriods: 0 # Periods with no thread active
  occHist: # Occupancy histogram
   0: 0
   1: 2
   2: 0
   3: 0
   4: 0
   5: 1
   6: 0
   7: 0
   8: 60518
  rqSzHist: # Run queue size histogram
   0: 60521
   1: 0
   2: 0
   3: 0
   4: 0
   5: 0
   6: 0
   7: 0
   8: 0
   9: 0
   10: 0
   11: 0
   12: 0
   13: 0
   14: 0
   15: 0
   16: 0
 procCycles: # Per-process unhalted core cycles
  0: 4841492433
  1: 0
  2: 0
  3: 0
  4: 0
  5: 0
  6: 0
  7: 0
  8: 0
  9: 0
  10: 0
  11: 0
  12: 0
  13: 0
  14: 0
  15: 0
  16: 0
  17: 0
  18: 0
  19: 0
  20: 0
  21: 0
  22: 0
  23: 0
  24: 0
  25: 0
  26: 0
  27: 0
  28: 0
  29: 0
  30: 0
  31: 0
  32: 0
  33: 0
  34: 0
  35: 0
  36: 0
  37: 0
  38: 0
  39: 0
  40: 0
  41: 0
  42: 0
  43: 0
  44: 0
  45: 0
  46: 0
  47: 0
  48: 0
  49: 0
  50: 0
  51: 0
  52: 0
  53: 0
  54: 0
  55: 0
  56: 0
  57: 0
  58: 0
  59: 0
  60: 0
  61: 0
  62: 0
  63: 0
 procInstrs: # Per-process instructions
  0: 5000074703
  1: 0
  2: 0
  3: 0
  4: 0
  5: 0
  6: 0
  7: 0
  8: 0
  9: 0
  10: 0
  11: 0
  12: 0
  13: 0
  14: 0
  15: 0
  16: 0
  17: 0
  18: 0
  19: 0
  20: 0
  21: 0
  22: 0
  23: 0
  24: 0
  25: 0
  26: 0
  27: 0
  28: 0
  29: 0
  30: 0
  31: 0
  32: 0
  33: 0
  34: 0
  35: 0
  36: 0
  37: 0
  38: 0
  39: 0
  40: 0
  41: 0
  42: 0
  43: 0
  44: 0
  45: 0
  46: 0
  47: 0
  48: 0
  49: 0
  50: 0
  51: 0
  52: 0
  53: 0
  54: 0
  55: 0
  56: 0
  57: 0
  58: 0
  59: 0
  60: 0
  61: 0
  62: 0
  63: 0
 heartbeats: # Per-process heartbeats
  0: 0
  1: 0
  2: 0
  3: 0
  4: 0
  5: 0
  6: 0
  7: 0
  8: 0
  9: 0
  10: 0
  11: 0
  12: 0
  13: 0
  14: 0
  15: 0
  16: 0
  17: 0
  18: 0
  19: 0
  20: 0
  21: 0
  22: 0
  23: 0
  24: 0
  25: 0
  26: 0
  27: 0
  28: 0
  29: 0
  30: 0
  31: 0
  32: 0
  33: 0
  34: 0
  35: 0
  36: 0
  37: 0
  38: 0
  39: 0
  40: 0
  41: 0
  42: 0
  43: 0
  44: 0
  45: 0
  46: 0
  47: 0
  48: 0
  49: 0
  50: 0
  51: 0
  52: 0
  53: 0
  54: 0
  55: 0
  56: 0
  57: 0
  58: 0
  59: 0
  60: 0
  61: 0
  62: 0
  63: 0
===
